2017-01-17 16:21:05 INFO: Bot AI enabled: True
2017-01-17 16:21:13 DEBUG: Send: <HELO name="NoName" tid="f0" sx="M" />
2017-01-17 16:21:14 DEBUG: Get: <HELO uname="%4E%6F%4E%61%6D%65" auth="20170118-16295ab5" ratingscale="PF3=1.000000&PF4=1.000000&PF01C=0.582222&PF02C=0.501632&PF03C=0.414869&PF11C=0.823386&PF12C=0.709416&PF13C=0.586714&PF23C=0.378722&PF33C=0.535594&PF1C00=8.000000"/> 
2017-01-17 16:21:14 DEBUG: Send: <AUTH val="20170118-3077e4"/>
2017-01-17 16:21:14 DEBUG: Send: <PXR V="1" />
2017-01-17 16:21:17 DEBUG: Get: <LN n="BOx1BEt1Yc1Dm" j="B3C1B1B2B13C1B2B1B12B16D13C4B2B1C2B1C1B1B" g="CI3M1HE1M2U1BY4M8GE3E1Bw4E8Dw4BA4E8w4E8M1Ba2h2BO2J1h1h1M1q2P"/> 
2017-01-17 16:21:17 DEBUG: Send: <Z />
2017-01-17 16:21:17 INFO: Successfully authenticated
2017-01-17 16:21:17 DEBUG: Send: <JOIN t="0,1" />
2017-01-17 16:21:17 INFO: Looking for the game...
2017-01-17 16:21:32 DEBUG: Send: <Z />
2017-01-17 16:21:32 DEBUG: Get: <LN n="BOy1BEx1YM1Dr" j="D3C1D1B2B1D4C8B1B2B13C4B24B1C2B2B2B1B1B3B1B" g="CM3M1HE1M2U1BU4M8GE3E1CA4E8Dw4BA4E8BA4E8J1Bd2h2BR2J1k1h1M1w2P"/> 
2017-01-17 16:21:32 DEBUG: Send: <PXR V="1" />
2017-01-17 16:21:47 DEBUG: Send: <Z />
2017-01-17 16:21:47 DEBUG: Get: <LN n="BOw1BEu1YI1EA" j="C3C1D1B2B1D4B9B2C1B12D4B27B2C2B5B1B" g="CQ3M1HE1M2U1BU4M8GI3E1CA4E8Dw4w4E8BA4E8M1Bd2h2BR2J1k1e1M1t2P"/> 
2017-01-17 16:21:47 DEBUG: Send: <PXR V="1" />
2017-01-17 16:22:02 DEBUG: Send: <Z />
2017-01-17 16:22:02 DEBUG: Get: <LN n="BOw1BEt1YQ1EH" j="D3D1C1B2B1C12D1B2B1B12C4C12B15C2B2B1C3C1B1B" g="CM3M1HE1M2U1BY4M8GE3E1CA4E8EA4w4E8BA4E8M1Bd2e2BO2J1k1e1M1q2P"/> 
2017-01-17 16:22:02 DEBUG: Send: <PXR V="1" />
2017-01-17 16:22:17 DEBUG: Send: <Z />
2017-01-17 16:22:17 DEBUG: Get: <LN n="BOr1BEp1YT1EA" j="C3D1D1B2B1C4B8C1B2B1C12D4D12B12B1C2C2C2B1B1C2C1B1C" g="CQ3M1HA1M2U1BY4M8GE3E1CA4E8Dw4w4E8BA4E8M1Ba2h2BO2J1k1b1M1q2P"/> 
2017-01-17 16:22:17 DEBUG: Send: <PXR V="1" />
2017-01-17 16:22:32 DEBUG: Send: <Z />
2017-01-17 16:22:32 DEBUG: Get: <LN n="BPC1BEx1YU1Dh" j="D3D1D1B2C1B12D1B2B1C12B4B12B12C1C2C4B1C1B2C1B1B" g="CQ3M1HA1M2U1BY4M8GE3E1CE4E8EA4BA4E8s4E8M1Bd2k2BR2J1h1b1M1n2P"/> 
2017-01-17 16:22:32 DEBUG: Send: <PXR V="1" />
2017-01-17 16:22:47 DEBUG: Send: <Z />
2017-01-17 16:22:47 DEBUG: Get: <LN n="BOo1BEj1YS1DY" j="C3D1D1B2C1C12B1B2B1B12B4B12D12C1B2B2B2B1C1B1B1B1B1B" g="CM3I1HA1M2U1BU4M8GI3E1CE4E8Dw4BA4E8s4E8M1Bg2k2BO2J1h1b1M1n2P"/> 
2017-01-17 16:22:47 DEBUG: Send: <PXR V="1" />
2017-01-17 16:23:02 DEBUG: Send: <Z />
2017-01-17 16:23:02 DEBUG: Get: <LN n="BOz1BEt1YV1DZ" j="D5B2B1D12B1B2B1D12B4C12D12B1C2C2B2B1B1C1B1C" g="CM3M1HI1M2U1BQ4M8GM3E1CE4E8EA4BA4E8s4E8M1Bd2k2BO2J1h1Y1M1h2S"/> 
2017-01-17 16:23:02 DEBUG: Send: <PXR V="1" />
2017-01-17 16:23:17 DEBUG: Send: <Z />
2017-01-17 16:23:17 DEBUG: Get: <LN n="BOS1BEY1YP1DT" j="D4B1B2B1D4B8C1B2B1D12C4C12D12C1C4C2B1C1C4B" g="CM3M1HI1M2U1BQ4M8GM3E1CE4E8Dw4s4E8s4E8M1Ba2k2BO2J1h1V1P1k2P"/> 
2017-01-17 16:23:17 DEBUG: Send: <PXR V="1" />
2017-01-17 16:23:32 DEBUG: Send: <Z />
2017-01-17 16:23:32 DEBUG: Get: <LN n="BOd1BEf1YH1Dt" j="C4C1B2B1D4B9B2B1D12D4D16B9C4B2B2C1B1B2B" g="CM3M1HA1M2U1BQ4M8GM3E1CE4E8Dw4w4E8w4E8S1Bg2k2BR2J1k1V1M1k2P"/> 
2017-01-17 16:23:32 DEBUG: Send: <PXR V="1" />
2017-01-17 16:23:47 DEBUG: Send: <Z />
2017-01-17 16:23:47 DEBUG: Get: <LN n="BOf1BEf1YT1Dl" j="D4D1C2C1D4B8B1B2B1D12D4D16B8B1C1B3B2B1B1C1C1C2B" g="CM3M1Gs1M2U1BM4M8GM3E1CE4E8Dw4w4E8w4E8S1Bg2k2BR2J1k1V1M1k2P"/> 
2017-01-17 16:23:47 DEBUG: Send: <PXR V="1" />
2017-01-17 16:24:02 DEBUG: Send: <Z />
2017-01-17 16:24:02 DEBUG: Get: <LN n="BOn1BEm1YM1Dz" j="C3B1D1D2C1D13B2B1D12C4C16C9C2B4B2B1B" g="CM3M1Gs1M2U1BQ4M8GM3E1CE4E8Dw4BA4E8w4E8V1Bg2h2BR2J1k1Y1P1k2P"/> 
2017-01-17 16:24:02 DEBUG: Send: <PXR V="1" />
2017-01-17 16:24:17 DEBUG: Send: <Z />
2017-01-17 16:24:17 DEBUG: Get: <LN n="BOf1BEi1YI1EE" j="B4D1C2C14B2B1D12B4D16C9C2B4B2C1B1C" g="CM3M1Gs1M2Q1BU4I8GQ3E1CE4E8Dw4BA4E8w4E8V1Bg2h2BR2J1k1Y1P1k2P"/> 
2017-01-17 16:24:17 DEBUG: Send: <PXR V="1" />
2017-01-17 16:24:32 DEBUG: Send: <Z />
2017-01-17 16:24:32 DEBUG: Get: <LN n="BOf1BEj1YE1Eh" j="C1B2B1B1C2C1C4C8D1B2B1D12D4D16D8C1C2B2B2B1C1B1B1B" g="CQ3M1Gw1M2Q1BU4I8GQ3E1CI4E8Ds4BA4E8w4E8S1Bg2h2BO2J1k1b1P1k2P"/> 
2017-01-17 16:24:32 DEBUG: Send: <PXR V="1" />
2017-01-17 16:24:47 DEBUG: Send: <Z />
2017-01-17 16:24:47 DEBUG: Get: <LN n="BOO1BEX1YE1Eo" j="B3B1B1C2C1D4B8D1B2B1D12C20D8C1C2B2C2B1C1B1B1B2B" g="CQ3M1Gs1M2Q1BQ4I8GQ3E1CI4E8Dw4BE4E8w4E8S1Bd2h2BO2G1h1Y1P1k2P"/> 
2017-01-17 16:24:47 DEBUG: Send: <PXR V="1" />
2017-01-17 16:25:02 DEBUG: Send: <Z />
2017-01-17 16:25:02 DEBUG: Get: <LN n="BOI1BEQ1Xs1EY" j="C3B1D4D4D8B1B2B1B4B4B8C12C12B1B4C2C1C3C2B" g="CM3M1Gw1M2U1BQ4I8GQ3E1CA4E8Ds4BE4E8w4I8V1Bg2h2BO2G1h1Y1S1k2P"/> 
2017-01-17 16:25:02 DEBUG: Send: <PXR V="1" />
2017-01-17 16:25:17 DEBUG: Send: <Z />
2017-01-17 16:25:17 DEBUG: Get: <LN n="BNz1BEK1Xq1EK" j="C3B1D4B4D9B2B1B8B4C4C12C12B1B6C1C1B4B" g="CQ3M1Gw1M2U1BU4I8GI3E1CA4E8Ds4BE4E8s4I8V1Bj2e2BL2G1h1Y1S1n2P"/> 
2017-01-17 16:25:17 DEBUG: Send: <PXR V="1" />
2017-01-17 16:25:32 DEBUG: Send: <Z />
2017-01-17 16:25:32 DEBUG: Get: <LN n="BOJ1BEY1Xz1Dz" j="B3B1B4D4D8D3B9B4D4D12D12C3B2C2C1C2B3C" g="CU3M1HE1M2U1BU4I8GI3E1CE4E8Ds4BE4E8k4I8V1Bj2e2BL2D1e1b1S1n2P"/> 
2017-01-17 16:25:32 DEBUG: Send: <PXR V="1" />
2017-01-17 16:25:47 DEBUG: Send: <Z />
2017-01-17 16:25:47 DEBUG: Get: <LN n="BOM1BEb1Xp1EH" j="C3B1B4D4C8B3B1C8B4D4D24B3B2B2B1C5C" g="CU3M1HE1M2U1BU4I8GM3E1CA4E8Ds4BE4E8o4I8V1Bj2e2BO2G1h1b1S1n2P"/> 
2017-01-17 16:25:47 DEBUG: Send: <PXR V="1" />
2017-01-17 16:26:02 DEBUG: Send: <Z />
2017-01-17 16:26:02 DEBUG: Get: <LN n="BNv1BEI1Xq1ED" j="C3B5D4C11B1C16B24C1B6B1B1B4B" g="CM3M1HE1M2U1BU4I8GI3E1CA4E8Do4BA4E8o4I8V1Bj2h2BL2G1k1Y1S1n2P"/> 
2017-01-17 16:26:02 DEBUG: Send: <PXR V="1" />
2017-01-17 16:26:17 DEBUG: Send: <Z />
2017-01-17 16:26:17 DEBUG: Get: <LN n="BNu1BEE1YI1Dy" j="C3B9C8C3B1D12D4C24C1C2B2B2B1C1C2C2C" g="CM3M1HA1M2U1BY4I8GE3E1CA4E8Do4BA4E8o4I8V1Bj2h2BF2G1h1Y1P1h2P"/> 
2017-01-17 16:26:17 DEBUG: Send: <PXR V="1" />
2017-01-17 16:26:32 DEBUG: Send: <Z />
2017-01-17 16:26:32 DEBUG: Get: <LN n="BNb1BDs1Xt1EU" j="D3B1C3B1C4C8B3B1B12D4C24B1B2C2C2B1C1B2B2B" g="CQ3M1Gs1M2U1BY4E8GI3E1CA4E8Ds4BA4E8o4I8V1Bj2h2BF2G1h1Y1P1k2P"/> 
2017-01-17 16:26:32 DEBUG: Send: <PXR V="1" />
2017-01-17 16:26:47 DEBUG: Send: <Z />
2017-01-17 16:26:47 DEBUG: Get: <LN n="BNa1BDp1Xq1EU" j="3B1D3B1C4D8D3B1B16D24B1C2C4B1C1C2B2B" g="CU3M1Gs1M2U1BU4E8GE3E1CA4E8Dw4BA4E8o4I8V1Bg2h2BI2G1h1Y1P1k2P"/> 
2017-01-17 16:26:47 DEBUG: Send: <PXR V="1" />
2017-01-17 16:27:02 DEBUG: Send: <Z />
2017-01-17 16:27:02 DEBUG: Get: <LN n="BNb1BDr1Xw1EY" j="B3B4B1C4D8B3B1C16D24C1C4B2B1C1B4B" g="CU3M1Gw1M2U1BU4E8GA3E1CA4E8Dw4BA4E8k4I8V1Bg2k2BI2G1h1Y1P1h2P"/> 
2017-01-17 16:27:02 DEBUG: Send: <PXR V="1" />
2017-01-17 16:27:17 DEBUG: Send: <Z />
2017-01-17 16:27:17 DEBUG: Get: <LN n="BNN1BDf1YG1EW" j="B3B4B1C4B8C3B1C12C4D16B8C1C2C2C3C1B2C2C" g="CQ3I1HA1M2U1BY4I8Fo3E1CA4E8Do4BA4E8k4I8V1Bd2k2BI2G1e1Y1P1h2P"/> 
2017-01-17 16:27:17 DEBUG: Send: <PXR V="1" />
2017-01-17 16:27:32 DEBUG: Send: <Z />
2017-01-17 16:27:32 DEBUG: Get: <LN n="BMm1BDF1Xn1EV" j="B3B1C1B2B1D4C4B4D3C1C12C4D12B4B8C3B2C3B3C2C" g="CQ3I1Gw1M2Q1BU4I8Fo3E1CA4E8Dk4BA4E8k4I8V1Bg2n2BI2G1h1Y1P1h2P"/> 
2017-01-17 16:27:32 DEBUG: Send: <PXR V="1" />
2017-01-17 16:27:46 INFO: Ending the game... can take 15 seconds
2017-01-17 16:27:46 DEBUG: Send: <BYE />
2017-01-17 16:27:47 INFO: End of the game
