2017-01-17 15:44:02 INFO: Bot AI enabled: True
2017-01-17 15:44:09 DEBUG: Send: <HELO name="NoName" tid="f0" sx="M" />
2017-01-17 15:44:10 DEBUG: Get: <HELO uname="%4E%6F%4E%61%6D%65" auth="20170118-540486e2" ratingscale="PF3=1.000000&PF4=1.000000&PF01C=0.582222&PF02C=0.501632&PF03C=0.414869&PF11C=0.823386&PF12C=0.709416&PF13C=0.586714&PF23C=0.378722&PF33C=0.535594&PF1C00=8.000000"/> 
2017-01-17 15:44:10 DEBUG: Send: <AUTH val="20170118-725adcb3"/>
2017-01-17 15:44:10 DEBUG: Send: <PXR V="1" />
2017-01-17 15:44:13 DEBUG: Get: <LN n="Bai1BOG1aq1DX" j="D3C5B4B8B3C1D8B8C12B4B8B3B2B3B2B" g="CU1E2Q1Hs1M2g1Bs4k8Hk3I1Cc4I8EM4Bc4E8BM4E8Y1CE2BF2BI1D1G1k1z1M1h2G"/> 
2017-01-17 15:44:13 DEBUG: Send: <Z />
2017-01-17 15:44:13 INFO: Successfully authenticated
2017-01-17 15:44:13 DEBUG: Send: <JOIN t="0,1" />
2017-01-17 15:44:13 INFO: Looking for the game...
2017-01-17 15:44:18 DEBUG: Get: <REJOIN t="0,1,r"/> 
2017-01-17 15:44:18 DEBUG: Send: <JOIN t="0,1,r" />
2017-01-17 15:44:19 DEBUG: Get: <GO type="1" lobby="0" gpid="8A2760A2-D4FA9938"/> <UN n0="%4E%6F%4E%61%6D%65" n1="%E3%83%87%E3%83%A0%E3%83%BC%E3%83%AD%E3%83%AB%E3%83%A1%E3%83%BC%E3%83%AB" n2="%E5%B9%B8%E8%85%B9%E3%82%B0%E3%83%A9%E3%83%95%E3%82%A3%E3%83%86%E3%82%A3" n3="%4C%75%63%6B%79%2D%4C" dan="0,10,12,4" rate="1500.00,1510.82,1803.64,1554.93" sx="M,M,F,M"/> <TAIKYOKU oya="1" log="2017011800gm-0001-0000-98961a10"/> 
2017-01-17 15:44:19 DEBUG: Send: <GOK />
2017-01-17 15:44:19 DEBUG: Send: <NEXTREADY />
2017-01-17 15:44:19 INFO: Game started
2017-01-17 15:44:19 INFO: Log: http://tenhou.net/0/?log=2017011800gm-0001-0000-98961a10&tw=3
2017-01-17 15:44:19 INFO: Players: [NoName (新人), デムーロルメール (初段), 幸腹グラフィティ (三段), Lucky-L (6級)]
2017-01-17 15:44:22 DEBUG: Get: <INIT seed="0,0,0,4,2,40" ten="250,250,250,250" oya="1" hai="11,117,22,47,92,86,29,101,68,89,70,102,96"/> <U/> 
2017-01-17 15:44:22 INFO: Round: 0, Honba: 0, Dora Indicators: [40]
2017-01-17 15:44:22 INFO: Players: [NoName (25,000), デムーロルメール (25,000), 幸腹グラフィティ (25,000), Lucky-L (25,000)]
2017-01-17 15:44:22 INFO: Dealer: デムーロルメール (25,000)
2017-01-17 15:44:22 INFO: Round  wind: East
2017-01-17 15:44:22 INFO: Player wind: North
2017-01-17 15:44:28 DEBUG: Send: <Z />
2017-01-17 15:44:30 DEBUG: Get: <E106/> 
2017-01-17 15:44:32 DEBUG: Get: <V/> 
2017-01-17 15:44:33 DEBUG: Get: <f39/> <W/> 
2017-01-17 15:44:35 DEBUG: Get: <G121/> <T49/> 
2017-01-17 15:44:36 INFO: Hand: 368m3499p456788s3z
2017-01-17 15:44:36 DEBUG: Send: <D p="117"/>
2017-01-17 15:44:36 INFO: Remaining tiles: 66
2017-01-17 15:44:37 DEBUG: Get: <D117/> <U/> 
2017-01-17 15:44:40 DEBUG: Get: <E72/> <V/> 
2017-01-17 15:44:42 DEBUG: Get: <F135/> <W/> 
2017-01-17 15:44:43 DEBUG: Send: <Z />
2017-01-17 15:44:50 DEBUG: Get: <G116/> <T75/> 
2017-01-17 15:44:51 INFO: Hand: 368m3499p1456788s
2017-01-17 15:44:51 DEBUG: Send: <D p="75"/>
2017-01-17 15:44:51 INFO: Remaining tiles: 62
2017-01-17 15:44:52 DEBUG: Get: <D75/> <U/> 
2017-01-17 15:44:55 DEBUG: Get: <E36/> <V/> 
2017-01-17 15:44:58 DEBUG: Send: <Z />
2017-01-17 15:44:58 DEBUG: Get: <f134/> <W/> 
2017-01-17 15:45:04 DEBUG: Get: <G109/> <T55/> 
2017-01-17 15:45:05 INFO: Hand: 368m34599p456788s
2017-01-17 15:45:05 DEBUG: Send: <D p="11"/>
2017-01-17 15:45:05 INFO: Remaining tiles: 58
2017-01-17 15:45:06 DEBUG: Get: <D11/> 
2017-01-17 15:45:08 DEBUG: Get: <U/> 
2017-01-17 15:45:10 DEBUG: Get: <E122/> <V/> 
2017-01-17 15:45:13 DEBUG: Send: <Z />
2017-01-17 15:45:15 DEBUG: Get: <F74/> <W/> 
2017-01-17 15:45:18 DEBUG: Get: <g110/> <T63/> 
2017-01-17 15:45:19 INFO: Hand: 68m345799p456788s
2017-01-17 15:45:19 DEBUG: Send: <D p="63"/>
2017-01-17 15:45:19 INFO: Remaining tiles: 54
2017-01-17 15:45:20 DEBUG: Get: <D63/> <U/> 
2017-01-17 15:45:21 DEBUG: Get: <E119/> <V/> 
2017-01-17 15:45:25 DEBUG: Get: <F78/> <W/> 
2017-01-17 15:45:28 DEBUG: Send: <Z />
2017-01-17 15:45:30 DEBUG: Get: <g120/> <T112/> 
2017-01-17 15:45:31 INFO: Hand: 68m34599p456788s2z
2017-01-17 15:45:31 DEBUG: Send: <D p="112"/>
2017-01-17 15:45:31 INFO: Remaining tiles: 50
2017-01-17 15:45:32 DEBUG: Get: <D112/> 
2017-01-17 15:45:34 DEBUG: Get: <U/> 
2017-01-17 15:45:37 DEBUG: Get: <e133/> <V/> 
2017-01-17 15:45:42 DEBUG: Get: <F32/> <W/> 
2017-01-17 15:45:43 DEBUG: Send: <Z />
2017-01-17 15:45:44 DEBUG: Get: <g111/> <T51/> 
2017-01-17 15:45:45 INFO: Hand: 68m344599p456788s
2017-01-17 15:45:45 DEBUG: Send: <D p="47"/>
2017-01-17 15:45:45 INFO: Remaining tiles: 46
2017-01-17 15:45:46 DEBUG: Get: <D47/> <U/> 
2017-01-17 15:45:53 DEBUG: Get: <E90/> 
2017-01-17 15:45:55 DEBUG: Get: <V/> 
2017-01-17 15:45:56 DEBUG: Get: <F35/> <W/> 
2017-01-17 15:45:58 DEBUG: Send: <Z />
2017-01-17 15:46:03 DEBUG: Get: <G126/> <T100/> 
2017-01-17 15:46:04 INFO: Hand: 68m44599p4567888s
2017-01-17 15:46:04 DEBUG: Send: <D p="55"/>
2017-01-17 15:46:04 INFO: Remaining tiles: 42
2017-01-17 15:46:05 DEBUG: Get: <D55/> 
2017-01-17 15:46:07 DEBUG: Get: <U/> 
2017-01-17 15:46:09 DEBUG: Get: <e85/> 
2017-01-17 15:46:10 DEBUG: Get: <V/> 
2017-01-17 15:46:12 DEBUG: Get: <F80/> <W/> 
2017-01-17 15:46:13 DEBUG: Send: <Z />
2017-01-17 15:46:19 DEBUG: Get: <G34/> <T127/> 
2017-01-17 15:46:20 INFO: Hand: 68m4499p4567888s5z
2017-01-17 15:46:20 DEBUG: Send: <D p="127"/>
2017-01-17 15:46:20 INFO: Remaining tiles: 38
2017-01-17 15:46:21 DEBUG: Get: <D127/> <U/> 
2017-01-17 15:46:23 DEBUG: Get: <E125/> <V/> 
2017-01-17 15:46:26 DEBUG: Get: <f45/> 
2017-01-17 15:46:28 DEBUG: Send: <Z />
2017-01-17 15:46:38 DEBUG: Get: <N who="3" m="23735" /> 
2017-01-17 15:46:38 INFO: Meld: chi, who 3
2017-01-17 15:46:40 DEBUG: Get: <G42/> <T54/> 
2017-01-17 15:46:41 INFO: Hand: 68m44599p4567888s
2017-01-17 15:46:41 DEBUG: Send: <D p="54"/>
2017-01-17 15:46:41 INFO: Remaining tiles: 35
2017-01-17 15:46:42 DEBUG: Get: <D54/> 
2017-01-17 15:46:43 DEBUG: Send: <Z />
2017-01-17 15:46:47 DEBUG: Get: <N who="1" m="29959" /> 
2017-01-17 15:46:47 INFO: Meld: chi, who 1
2017-01-17 15:46:49 DEBUG: Get: <E129/> <V/> 
2017-01-17 15:46:54 DEBUG: Get: <f77/> <W/> 
2017-01-17 15:46:57 DEBUG: Get: <G18/> 
2017-01-17 15:46:58 DEBUG: Send: <Z />
2017-01-17 15:47:03 DEBUG: Get: <T19/> 
2017-01-17 15:47:04 INFO: Hand: 568m4499p4567888s
2017-01-17 15:47:04 DEBUG: Send: <D p="29"/>
2017-01-17 15:47:04 INFO: Remaining tiles: 32
2017-01-17 15:47:05 DEBUG: Get: <D29/> <U/> 
2017-01-17 15:47:07 DEBUG: Get: <e79/> <V/> 
2017-01-17 15:47:10 DEBUG: Get: <F107/> <W/> 
2017-01-17 15:47:13 DEBUG: Send: <Z />
2017-01-17 15:47:14 DEBUG: Get: <g14 t="4"/> 
2017-01-17 15:47:15 DEBUG: Send: <N />
2017-01-17 15:47:16 DEBUG: Get: <T128/> 
2017-01-17 15:47:17 INFO: Hand: 56m4499p4567888s6z
2017-01-17 15:47:17 DEBUG: Send: <D p="128"/>
2017-01-17 15:47:17 INFO: Remaining tiles: 28
2017-01-17 15:47:18 DEBUG: Get: <D128/> <U/> 
2017-01-17 15:47:20 DEBUG: Get: <e56/> <V/> 
2017-01-17 15:47:23 DEBUG: Get: <F1/> 
2017-01-17 15:47:24 DEBUG: Get: <W/> 
2017-01-17 15:47:25 DEBUG: Get: <g123/> <T43/> 
2017-01-17 15:47:26 INFO: Hand: 56m24499p4567888s
2017-01-17 15:47:26 DEBUG: Send: <D p="43"/>
2017-01-17 15:47:26 INFO: Remaining tiles: 24
2017-01-17 15:47:27 DEBUG: Get: <D43/> <U/> 
2017-01-17 15:47:28 DEBUG: Send: <Z />
2017-01-17 15:47:31 DEBUG: Get: <E17/> <V/> 
2017-01-17 15:47:35 DEBUG: Get: <f50 t="1"/> 
2017-01-17 15:47:36 DEBUG: Send: <N />
2017-01-17 15:47:37 DEBUG: Get: <W/> 
2017-01-17 15:47:40 DEBUG: Get: <g46/> <T37/> 
2017-01-17 15:47:41 INFO: Hand: 56m14499p4567888s
2017-01-17 15:47:41 DEBUG: Send: <D p="37"/>
2017-01-17 15:47:41 INFO: Remaining tiles: 20
2017-01-17 15:47:42 DEBUG: Get: <D37/> <U/> 
2017-01-17 15:47:43 DEBUG: Send: <Z />
2017-01-17 15:47:45 DEBUG: Get: <E27/> 
2017-01-17 15:47:48 DEBUG: Get: <N who="2" m="16487" /> 
2017-01-17 15:47:48 INFO: Meld: chi, who 2
2017-01-17 15:47:49 DEBUG: Get: <F57/> <W/> 
2017-01-17 15:47:53 DEBUG: Get: <g104 t="4"/> 
2017-01-17 15:47:54 DEBUG: Send: <N />
2017-01-17 15:47:55 DEBUG: Get: <T65/> 
2017-01-17 15:47:56 INFO: Hand: 56m44899p4567888s
2017-01-17 15:47:56 DEBUG: Send: <D p="65"/>
2017-01-17 15:47:56 INFO: Remaining tiles: 17
2017-01-17 15:47:57 DEBUG: Get: <D65/> <U/> 
2017-01-17 15:47:58 DEBUG: Send: <Z />
2017-01-17 15:47:59 DEBUG: Get: <E53/> <V/> 
2017-01-17 15:48:02 DEBUG: Get: <f131/> <W/> 
2017-01-17 15:48:04 DEBUG: Get: <g124/> <T88/> 
2017-01-17 15:48:05 INFO: Hand: 56m4499p45567888s
2017-01-17 15:48:05 DEBUG: Send: <D p="88"/>
2017-01-17 15:48:05 INFO: Remaining tiles: 13
2017-01-17 15:48:06 DEBUG: Get: <D88/> <U/> 
2017-01-17 15:48:08 DEBUG: Get: <E118/> <V/> 
2017-01-17 15:48:12 DEBUG: Get: <f81/> <W/> 
2017-01-17 15:48:13 DEBUG: Send: <Z />
2017-01-17 15:48:15 DEBUG: Get: <g108/> <T59/> 
2017-01-17 15:48:16 INFO: Hand: 56m44699p4567888s
2017-01-17 15:48:16 DEBUG: Send: <D p="59"/>
2017-01-17 15:48:16 INFO: Remaining tiles: 9
2017-01-17 15:48:17 DEBUG: Get: <D59/> <U/> 
2017-01-17 15:48:18 DEBUG: Get: <e73/> <V/> 
2017-01-17 15:48:23 DEBUG: Get: <f95/> <W/> 
2017-01-17 15:48:25 DEBUG: Get: <g105 t="4"/> 
2017-01-17 15:48:26 DEBUG: Send: <N />
2017-01-17 15:48:27 DEBUG: Get: <T5/> 
2017-01-17 15:48:28 DEBUG: Send: <Z />
2017-01-17 15:48:28 INFO: Hand: 256m4499p4567888s
2017-01-17 15:48:28 DEBUG: Send: <D p="5"/>
2017-01-17 15:48:28 INFO: Remaining tiles: 5
2017-01-17 15:48:29 DEBUG: Get: <D5/> <U/> 
2017-01-17 15:48:32 DEBUG: Get: <e30/> <V/> 
2017-01-17 15:48:33 DEBUG: Get: <f114/> 
2017-01-17 15:48:35 DEBUG: Get: <W/> 
2017-01-17 15:48:40 DEBUG: Get: <g82 t="4"/> 
2017-01-17 15:48:41 DEBUG: Send: <N />
2017-01-17 15:48:42 DEBUG: Get: <T84/> 
2017-01-17 15:48:43 INFO: Hand: 56m4499p44567888s
2017-01-17 15:48:43 DEBUG: Send: <D p="19"/>
2017-01-17 15:48:43 INFO: Remaining tiles: 1
2017-01-17 15:48:43 DEBUG: Send: <Z />
2017-01-17 15:48:44 DEBUG: Get: <D19/> 
2017-01-17 15:48:45 DEBUG: Get: <U/> 
2017-01-17 15:48:47 DEBUG: Get: <e132/> <RYUUKYOKU ba="0,0" sc="250,-15,250,15,250,15,250,-15" hai1="0,4,13,16,21,23,24,31,113,115" hai2="8,9,10,61,62,91,93,94,98,103" /> 
2017-01-17 15:48:49 DEBUG: Send: <NEXTREADY />
2017-01-17 15:48:52 DEBUG: Get: <INIT seed="0,1,0,3,1,122" ten="235,265,265,235" oya="1" hai="112,42,105,61,106,72,40,11,60,83,45,28,96"/> <U/> 
2017-01-17 15:48:52 INFO: Round: 0, Honba: 1, Dora Indicators: [122]
2017-01-17 15:48:52 INFO: Players: [デムーロルメール (26,500), 幸腹グラフィティ (26,500), NoName (23,500), Lucky-L (23,500)]
2017-01-17 15:48:52 INFO: Dealer: デムーロルメール (26,500)
2017-01-17 15:48:52 INFO: Round  wind: East
2017-01-17 15:48:52 INFO: Player wind: North
2017-01-17 15:48:58 DEBUG: Send: <Z />
2017-01-17 15:49:01 DEBUG: Get: <E118/> <V/> 
2017-01-17 15:49:05 DEBUG: Get: <F135/> <W/> 
2017-01-17 15:49:11 DEBUG: Get: <G31/> <T126/> 
2017-01-17 15:49:12 INFO: Hand: 38m22377p13799s25z
2017-01-17 15:49:12 DEBUG: Send: <D p="126"/>
2017-01-17 15:49:12 INFO: Remaining tiles: 66
2017-01-17 15:49:13 DEBUG: Send: <Z />
2017-01-17 15:49:13 DEBUG: Get: <D126/> <U/> 
2017-01-17 15:49:20 DEBUG: Get: <E71/> <V/> 
2017-01-17 15:49:22 DEBUG: Get: <f127/> <W/> 
2017-01-17 15:49:28 DEBUG: Send: <Z />
2017-01-17 15:49:31 DEBUG: Get: <G117/> <T125/> 
2017-01-17 15:49:32 INFO: Hand: 38m22377p13799s25z
2017-01-17 15:49:32 DEBUG: Send: <D p="125"/>
2017-01-17 15:49:32 INFO: Remaining tiles: 62
2017-01-17 15:49:33 DEBUG: Get: <D125/> <U/> 
2017-01-17 15:49:36 DEBUG: Get: <E35/> <V/> 
2017-01-17 15:49:38 DEBUG: Get: <F129/> <W/> 
2017-01-17 15:49:43 DEBUG: Send: <Z />
2017-01-17 15:49:50 DEBUG: Get: <g46/> <T132/> 
2017-01-17 15:49:51 INFO: Hand: 38m22377p13799s27z
2017-01-17 15:49:51 DEBUG: Send: <D p="132"/>
2017-01-17 15:49:51 INFO: Remaining tiles: 58
2017-01-17 15:49:52 DEBUG: Get: <D132/> <U/> 
2017-01-17 15:49:55 DEBUG: Get: <E131/> <V/> 
2017-01-17 15:49:58 DEBUG: Send: <Z />
2017-01-17 15:49:58 DEBUG: Get: <F114/> 
2017-01-17 15:50:00 DEBUG: Get: <W/> 
2017-01-17 15:50:03 DEBUG: Get: <G133/> <T55/> 
2017-01-17 15:50:04 INFO: Hand: 38m223577p13799s2z
2017-01-17 15:50:04 DEBUG: Send: <D p="112"/>
2017-01-17 15:50:04 INFO: Remaining tiles: 54
2017-01-17 15:50:05 DEBUG: Get: <D112/> 
2017-01-17 15:50:06 DEBUG: Get: <U/> 
2017-01-17 15:50:08 DEBUG: Get: <e119/> <V/> 
2017-01-17 15:50:13 DEBUG: Send: <Z />
2017-01-17 15:50:15 DEBUG: Get: <F30/> <W/> 
2017-01-17 15:50:19 DEBUG: Get: <G107 t="1"/> 
2017-01-17 15:50:20 DEBUG: Send: <N />
2017-01-17 15:50:21 DEBUG: Get: <T74/> 
2017-01-17 15:50:22 INFO: Hand: 38m223577p113799s
2017-01-17 15:50:22 DEBUG: Send: <D p="28"/>
2017-01-17 15:50:22 INFO: Remaining tiles: 50
2017-01-17 15:50:23 DEBUG: Get: <D28/> <U/> 
2017-01-17 15:50:28 DEBUG: Send: <Z />
2017-01-17 15:50:34 DEBUG: Get: <E23/> <V/> 
2017-01-17 15:50:36 DEBUG: Get: <f29/> <W/> 
2017-01-17 15:50:39 DEBUG: Get: <G103 t="4"/> 
2017-01-17 15:50:40 DEBUG: Send: <N />
2017-01-17 15:50:41 DEBUG: Get: <T93/> 
2017-01-17 15:50:42 INFO: Hand: 3m223577p1136799s
2017-01-17 15:50:42 DEBUG: Send: <D p="11"/>
2017-01-17 15:50:42 INFO: Remaining tiles: 46
2017-01-17 15:50:43 DEBUG: Send: <Z />
2017-01-17 15:50:43 DEBUG: Get: <D11/> 
2017-01-17 15:50:45 DEBUG: Get: <U/> 
2017-01-17 15:50:54 DEBUG: Get: <E6/> 
2017-01-17 15:50:57 DEBUG: Get: <V/> 
2017-01-17 15:50:58 DEBUG: Get: <f121/> <W/> 
2017-01-17 15:50:58 DEBUG: Send: <Z />
2017-01-17 15:51:00 DEBUG: Get: <G68/> <T109/> 
2017-01-17 15:51:01 INFO: Hand: 223577p1136799s1z
2017-01-17 15:51:01 DEBUG: Send: <D p="109"/>
2017-01-17 15:51:01 INFO: Remaining tiles: 42
2017-01-17 15:51:02 DEBUG: Get: <D109/> <U/> 
2017-01-17 15:51:08 DEBUG: Get: <e24/> <V/> 
2017-01-17 15:51:13 DEBUG: Send: <Z />
2017-01-17 15:51:14 DEBUG: Get: <F75 t="1"/> 
2017-01-17 15:51:15 DEBUG: Send: <N />
2017-01-17 15:51:16 DEBUG: Get: <W/> 
2017-01-17 15:51:17 DEBUG: Get: <G113/> <T59/> 
2017-01-17 15:51:18 INFO: Hand: 2235677p1136799s
2017-01-17 15:51:18 DEBUG: Send: <D p="83"/>
2017-01-17 15:51:18 INFO: Remaining tiles: 38
2017-01-17 15:51:19 DEBUG: Get: <D83/> <U/> 
2017-01-17 15:51:21 DEBUG: Get: <e67/> <V/> 
2017-01-17 15:51:23 DEBUG: Get: <F73 t="1"/> 
2017-01-17 15:51:24 DEBUG: Send: <N />
2017-01-17 15:51:25 DEBUG: Get: <W/> 
2017-01-17 15:51:26 DEBUG: Get: <G115/> <T58/> 
2017-01-17 15:51:27 INFO: Hand: 22356677p116799s
2017-01-17 15:51:27 DEBUG: Send: <D p="55"/>
2017-01-17 15:51:27 INFO: Remaining tiles: 34
2017-01-17 15:51:28 DEBUG: Send: <Z />
2017-01-17 15:51:28 DEBUG: Get: <D55/> <U/> 
2017-01-17 15:51:30 DEBUG: Get: <e20/> <V/> 
2017-01-17 15:51:34 DEBUG: Get: <F128/> <W/> 
2017-01-17 15:51:36 DEBUG: Get: <G101 t="4"/> 
2017-01-17 15:51:37 DEBUG: Send: <N />
2017-01-17 15:51:38 DEBUG: Get: <T134/> 
2017-01-17 15:51:39 INFO: Hand: 2236677p116799s7z
2017-01-17 15:51:39 DEBUG: Send: <D p="134"/>
2017-01-17 15:51:39 INFO: Remaining tiles: 30
2017-01-17 15:51:40 DEBUG: Get: <D134/> <U/> 
2017-01-17 15:51:43 DEBUG: Get: <E97/> 
2017-01-17 15:51:43 DEBUG: Send: <Z />
2017-01-17 15:51:44 DEBUG: Get: <V/> 
2017-01-17 15:51:46 DEBUG: Get: <F111/> <W/> 
2017-01-17 15:51:49 DEBUG: Get: <G1/> 
2017-01-17 15:51:51 DEBUG: Get: <T33/> 
2017-01-17 15:51:52 INFO: Hand: 9m2236677p116799s
2017-01-17 15:51:52 DEBUG: Send: <D p="33"/>
2017-01-17 15:51:52 INFO: Remaining tiles: 26
2017-01-17 15:51:53 DEBUG: Get: <D33/> <U/> 
2017-01-17 15:51:56 DEBUG: Get: <e123/> <V/> 
2017-01-17 15:51:58 DEBUG: Get: <f39/> 
2017-01-17 15:51:58 DEBUG: Send: <Z />
2017-01-17 15:52:00 DEBUG: Get: <W/> 
2017-01-17 15:52:03 DEBUG: Get: <G2/> 
2017-01-17 15:52:05 DEBUG: Get: <T116/> 
2017-01-17 15:52:06 INFO: Hand: 2236677p116799s3z
2017-01-17 15:52:06 DEBUG: Send: <D p="116"/>
2017-01-17 15:52:06 INFO: Remaining tiles: 22
2017-01-17 15:52:07 DEBUG: Get: <D116/> <U/> 
2017-01-17 15:52:11 DEBUG: Get: <E3/> <V/> 
2017-01-17 15:52:13 DEBUG: Send: <Z />
2017-01-17 15:52:14 DEBUG: Get: <F104 t="1"/> 
2017-01-17 15:52:15 DEBUG: Send: <N />
2017-01-17 15:52:16 DEBUG: Get: <W/> 
2017-01-17 15:52:21 DEBUG: Get: <G77/> 
2017-01-17 15:52:23 DEBUG: Get: <T130/> 
2017-01-17 15:52:24 INFO: Hand: 2236677p116799s6z
2017-01-17 15:52:24 DEBUG: Send: <D p="130"/>
2017-01-17 15:52:24 INFO: Remaining tiles: 18
2017-01-17 15:52:25 DEBUG: Get: <D130/> <U/> 
2017-01-17 15:52:26 DEBUG: Get: <E70/> <V/> 
2017-01-17 15:52:28 DEBUG: Send: <Z />
2017-01-17 15:52:31 DEBUG: Get: <F95/> 
2017-01-17 15:52:32 DEBUG: Get: <W/> 
2017-01-17 15:52:35 DEBUG: Get: <g18/> <T100/> 
2017-01-17 15:52:36 INFO: Hand: 2236677p1167899s
2017-01-17 15:52:36 DEBUG: Send: <D p="105"/>
2017-01-17 15:52:36 INFO: Remaining tiles: 14
2017-01-17 15:52:37 DEBUG: Get: <D105/> <U/> 
2017-01-17 15:52:43 DEBUG: Get: <REACH who="1" step="1"/> 
2017-01-17 15:52:43 DEBUG: Send: <Z />
2017-01-17 15:52:44 DEBUG: Get: <E120/> <REACH who="1" ten="235,255,265,235" step="2"/> <V/> 
2017-01-17 15:52:44 INFO: Riichi called by 1 player
2017-01-17 15:52:46 DEBUG: Get: <f64/> <W/> 
2017-01-17 15:52:54 DEBUG: Get: <REACH who="3" step="1"/> 
2017-01-17 15:52:58 DEBUG: Get: <G89 t="4"/> 
2017-01-17 15:52:58 DEBUG: Send: <Z />
2017-01-17 15:52:59 DEBUG: Send: <N />
2017-01-17 15:53:00 DEBUG: Get: <REACH who="3" ten="235,255,265,225" step="2"/> <T78/> 
2017-01-17 15:53:00 INFO: Riichi called by 3 player
2017-01-17 15:53:01 INFO: Hand: 2236677p1126789s
2017-01-17 15:53:01 DEBUG: Send: <D p="106"/>
2017-01-17 15:53:01 INFO: Remaining tiles: 10
2017-01-17 15:53:02 DEBUG: Get: <D106/> <U/> 
2017-01-17 15:53:03 DEBUG: Get: <e50/> 
2017-01-17 15:53:10 DEBUG: Get: <N who="2" m="30743" /> 
2017-01-17 15:53:10 INFO: Meld: chi, who 2
2017-01-17 15:53:12 DEBUG: Get: <F44/> <W/> 
2017-01-17 15:53:13 DEBUG: Send: <Z />
2017-01-17 15:53:14 DEBUG: Get: <g15/> <T90/> 
2017-01-17 15:53:15 INFO: Hand: 2236677p1125678s
2017-01-17 15:53:15 DEBUG: Send: <D p="78"/>
2017-01-17 15:53:15 INFO: Remaining tiles: 7
2017-01-17 15:53:16 DEBUG: Get: <D78/> <U/> 
2017-01-17 15:53:17 DEBUG: Get: <e26/> <V/> 
2017-01-17 15:53:19 DEBUG: Get: <f110/> <W/> 
2017-01-17 15:53:22 DEBUG: Get: <g27/> <T32/> 
2017-01-17 15:53:23 INFO: Hand: 9m2236677p115678s
2017-01-17 15:53:23 DEBUG: Send: <D p="32"/>
2017-01-17 15:53:23 INFO: Remaining tiles: 3
2017-01-17 15:53:24 DEBUG: Get: <D32/> <U/> 
2017-01-17 15:53:25 DEBUG: Get: <e47/> <V/> 
2017-01-17 15:53:28 DEBUG: Send: <Z />
2017-01-17 15:53:30 DEBUG: Get: <f34/> <W/> 
2017-01-17 15:53:34 DEBUG: Get: <g16/> <RYUUKYOKU ba="1,2" sc="235,-15,255,15,265,-15,225,15" hai1="0,5,19,22,25,36,37,63,66,69,82,85,88" hai3="4,9,12,41,43,48,54,57,79,81,87,91,94" /> 
2017-01-17 15:53:36 DEBUG: Send: <NEXTREADY />
2017-01-17 15:53:38 DEBUG: Get: <INIT seed="0,2,2,0,4,28" ten="220,270,250,240" oya="1" hai="119,44,107,14,15,93,18,64,92,51,62,12,21"/> <U/> 
2017-01-17 15:53:38 INFO: Round: 0, Honba: 2, Dora Indicators: [28]
2017-01-17 15:53:38 INFO: Players: [デムーロルメール (27,000), 幸腹グラフィティ (25,000), Lucky-L (24,000), NoName (22,000)]
2017-01-17 15:53:38 INFO: Dealer: デムーロルメール (27,000)
2017-01-17 15:53:38 INFO: Round  wind: East
2017-01-17 15:53:38 INFO: Player wind: North
2017-01-17 15:53:43 DEBUG: Send: <Z />
2017-01-17 15:53:51 DEBUG: Get: <E116/> <V/> 
2017-01-17 15:53:53 DEBUG: Get: <F108/> <W/> 
2017-01-17 15:53:58 DEBUG: Get: <G89/> <T69/> 
2017-01-17 15:53:58 DEBUG: Send: <Z />
2017-01-17 15:53:59 INFO: Hand: 44456m34789p669s3z
2017-01-17 15:53:59 DEBUG: Send: <D p="107"/>
2017-01-17 15:53:59 INFO: Remaining tiles: 66
2017-01-17 15:54:00 DEBUG: Get: <D107/> <U/> 
2017-01-17 15:54:05 DEBUG: Get: <E58/> <V/> 
2017-01-17 15:54:07 DEBUG: Get: <F124/> <W/> 
2017-01-17 15:54:11 DEBUG: Get: <G96/> <T63/> 
2017-01-17 15:54:12 INFO: Hand: 44456m347789p66s3z
2017-01-17 15:54:12 DEBUG: Send: <D p="119"/>
2017-01-17 15:54:12 INFO: Remaining tiles: 62
2017-01-17 15:54:13 DEBUG: Send: <Z />
2017-01-17 15:54:13 DEBUG: Get: <D119/> <U/> 
2017-01-17 15:54:18 DEBUG: Get: <e122/> 
2017-01-17 15:54:20 DEBUG: Get: <V/> 
2017-01-17 15:54:21 DEBUG: Get: <f127/> <W/> 
2017-01-17 15:54:26 DEBUG: Get: <g59 t="4"/> 
2017-01-17 15:54:27 DEBUG: Send: <N />
2017-01-17 15:54:28 DEBUG: Get: <T97/> 
2017-01-17 15:54:28 DEBUG: Send: <Z />
2017-01-17 15:54:29 INFO: Hand: 44456m347789p667s
2017-01-17 15:54:29 DEBUG: Send: <D p="97"/>
2017-01-17 15:54:29 INFO: Remaining tiles: 58
2017-01-17 15:54:30 DEBUG: Get: <D97/> 
2017-01-17 15:54:32 DEBUG: Get: <U/> 
2017-01-17 15:54:35 DEBUG: Get: <E37/> <V/> 
2017-01-17 15:54:37 DEBUG: Get: <F115/> 
2017-01-17 15:54:40 DEBUG: Get: <N who="1" m="44041" /> 
2017-01-17 15:54:40 INFO: Meld: pon, who 1
2017-01-17 15:54:41 DEBUG: Get: <E126/> <V/> 
2017-01-17 15:54:43 DEBUG: Send: <Z />
2017-01-17 15:54:44 DEBUG: Get: <F103/> <W/> 
2017-01-17 15:54:47 DEBUG: Get: <G19 t="4"/> 
2017-01-17 15:54:48 DEBUG: Send: <N />
2017-01-17 15:54:49 DEBUG: Get: <T49/> 
2017-01-17 15:54:50 INFO: Hand: 44456m3447789p66s
2017-01-17 15:54:50 DEBUG: Send: <D p="44"/>
2017-01-17 15:54:50 INFO: Remaining tiles: 53
2017-01-17 15:54:51 DEBUG: Get: <D44/> 
2017-01-17 15:54:53 DEBUG: Get: <U/> 
2017-01-17 15:54:56 DEBUG: Get: <E78/> <V/> 
2017-01-17 15:54:58 DEBUG: Send: <Z />
2017-01-17 15:55:00 DEBUG: Get: <F38/> <W/> 
2017-01-17 15:55:05 DEBUG: Get: <g9 t="4"/> 
2017-01-17 15:55:06 DEBUG: Send: <N />
2017-01-17 15:55:07 DEBUG: Get: <T72/> 
2017-01-17 15:55:08 INFO: Hand: 44456m447789p166s
2017-01-17 15:55:08 DEBUG: Send: <D p="72"/>
2017-01-17 15:55:08 INFO: Remaining tiles: 49
2017-01-17 15:55:09 DEBUG: Get: <D72/> <U/> 
2017-01-17 15:55:10 DEBUG: Get: <E76/> <V/> 
2017-01-17 15:55:13 DEBUG: Send: <Z />
2017-01-17 15:55:17 DEBUG: Get: <F102/> <W/> 
2017-01-17 15:55:19 DEBUG: Get: <g95 t="1"/> 
2017-01-17 15:55:20 DEBUG: Send: <N />
2017-01-17 15:55:21 DEBUG: Get: <T77/> 
2017-01-17 15:55:22 INFO: Hand: 44456m447789p266s
2017-01-17 15:55:22 DEBUG: Send: <D p="77"/>
2017-01-17 15:55:22 INFO: Remaining tiles: 45
2017-01-17 15:55:23 DEBUG: Get: <D77/> <U/> 
2017-01-17 15:55:28 DEBUG: Send: <Z />
2017-01-17 15:55:28 DEBUG: Get: <E70/> <V/> 
2017-01-17 15:55:30 DEBUG: Get: <f36/> <W/> 
2017-01-17 15:55:37 DEBUG: Get: <g41/> <T132/> 
2017-01-17 15:55:38 INFO: Hand: 44456m447789p66s7z
2017-01-17 15:55:38 DEBUG: Send: <D p="132"/>
2017-01-17 15:55:38 INFO: Remaining tiles: 41
2017-01-17 15:55:39 DEBUG: Get: <D132/> <U/> 
2017-01-17 15:55:41 DEBUG: Get: <e81/> <V/> 
2017-01-17 15:55:43 DEBUG: Send: <Z />
2017-01-17 15:55:46 DEBUG: Get: <F83/> <W/> 
2017-01-17 15:55:50 DEBUG: Get: <G121/> <T60/> 
2017-01-17 15:55:51 INFO: Hand: 44456m4477789p66s
2017-01-17 15:55:51 DEBUG: Send: <D p="12"/>
2017-01-17 15:55:51 INFO: Remaining tiles: 37
2017-01-17 15:55:52 DEBUG: Get: <D12/> 
2017-01-17 15:55:53 DEBUG: Get: <U/> 
2017-01-17 15:55:55 DEBUG: Get: <e88/> <V/> 
2017-01-17 15:55:58 DEBUG: Get: <f74/> <W/> 
2017-01-17 15:55:58 DEBUG: Send: <Z />
2017-01-17 15:56:04 DEBUG: Get: <g99/> <T67/> 
2017-01-17 15:56:05 INFO: Hand: 4456m44777889p66s
2017-01-17 15:56:05 DEBUG: Send: <D p="14"/>
2017-01-17 15:56:05 INFO: Remaining tiles: 33
2017-01-17 15:56:06 DEBUG: Get: <D14/> 
2017-01-17 15:56:08 DEBUG: Get: <U/> 
2017-01-17 15:56:12 DEBUG: Get: <E134/> <V/> 
2017-01-17 15:56:13 DEBUG: Get: <f112/> <W/> 
2017-01-17 15:56:13 DEBUG: Send: <Z />
2017-01-17 15:56:18 DEBUG: Get: <g56 t="4"/> 
2017-01-17 15:56:19 DEBUG: Send: <N />
2017-01-17 15:56:20 DEBUG: Get: <T118/> 
2017-01-17 15:56:21 INFO: Hand: 456m44777889p66s3z
2017-01-17 15:56:21 DEBUG: Send: <D p="118"/>
2017-01-17 15:56:21 INFO: Remaining tiles: 29
2017-01-17 15:56:22 DEBUG: Get: <D118/> <U/> 
2017-01-17 15:56:24 DEBUG: Get: <e61 t="3"/> 
2017-01-17 15:56:25 DEBUG: Send: <N />
2017-01-17 15:56:26 DEBUG: Get: <V/> 
2017-01-17 15:56:28 DEBUG: Send: <Z />
2017-01-17 15:56:37 DEBUG: Get: <f109/> <W/> 
2017-01-17 15:56:40 DEBUG: Get: <g43/> <T104/> 
2017-01-17 15:56:41 INFO: Hand: 456m44777889p669s
2017-01-17 15:56:41 DEBUG: Send: <D p="104"/>
2017-01-17 15:56:41 INFO: Remaining tiles: 25
2017-01-17 15:56:42 DEBUG: Get: <D104/> <U/> 
2017-01-17 15:56:43 DEBUG: Send: <Z />
2017-01-17 15:56:44 DEBUG: Get: <e5/> 
2017-01-17 15:56:49 DEBUG: Get: <V/> 
2017-01-17 15:56:52 DEBUG: Get: <F0/> <W/> 
2017-01-17 15:56:55 DEBUG: Get: <g29/> <T22/> 
2017-01-17 15:56:56 INFO: Hand: 4566m44777889p66s
2017-01-17 15:56:56 DEBUG: Send: <D p="69"/>
2017-01-17 15:56:56 INFO: Remaining tiles: 21
2017-01-17 15:56:57 DEBUG: Get: <D69/> <U/> 
2017-01-17 15:56:58 DEBUG: Get: <e16/> 
2017-01-17 15:56:58 DEBUG: Send: <Z />
2017-01-17 15:57:05 DEBUG: Get: <N who="2" m="12551" /> 
2017-01-17 15:57:05 INFO: Meld: chi, who 2
2017-01-17 15:57:06 DEBUG: Get: <F35/> 
2017-01-17 15:57:08 DEBUG: Get: <N who="1" m="13385" /> 
2017-01-17 15:57:08 INFO: Meld: pon, who 1
2017-01-17 15:57:09 DEBUG: Get: <E24/> <V/> 
2017-01-17 15:57:13 DEBUG: Get: <f84/> <W/> 
2017-01-17 15:57:13 DEBUG: Send: <Z />
2017-01-17 15:57:15 DEBUG: Get: <G125/> <T79/> 
2017-01-17 15:57:16 INFO: Hand: 4566m4477788p266s
2017-01-17 15:57:16 DEBUG: Send: <D p="79"/>
2017-01-17 15:57:16 INFO: Remaining tiles: 17
2017-01-17 15:57:17 DEBUG: Get: <D79/> <U/> 
2017-01-17 15:57:18 DEBUG: Get: <e11/> 
2017-01-17 15:57:21 DEBUG: Get: <V/> 
2017-01-17 15:57:22 DEBUG: Get: <f94 t="1"/> 
2017-01-17 15:57:23 DEBUG: Send: <N />
2017-01-17 15:57:24 DEBUG: Get: <W/> 
2017-01-17 15:57:25 DEBUG: Get: <G135/> <T117/> 
2017-01-17 15:57:26 INFO: Hand: 4566m4477788p66s3z
2017-01-17 15:57:26 DEBUG: Send: <D p="117"/>
2017-01-17 15:57:26 INFO: Remaining tiles: 13
2017-01-17 15:57:27 DEBUG: Get: <D117/> <U/> 
2017-01-17 15:57:28 DEBUG: Send: <Z />
2017-01-17 15:57:29 DEBUG: Get: <e73/> <V/> 
2017-01-17 15:57:30 DEBUG: Get: <f98/> 
2017-01-17 15:57:32 DEBUG: Get: <AGARI ba="2,2" hai="3,4,8,98,101,105,128,131" m="13385,44041" machi="98" ten="40,12000,1" yaku="23,1,52,3" doraHai="28" who="1" fromWho="2" sc="220,0,270,146,250,-126,240,0" /> 
2017-01-17 15:57:34 DEBUG: Send: <NEXTREADY />
2017-01-17 15:57:43 DEBUG: Send: <Z />
2017-01-17 15:57:45 DEBUG: Get: <INIT seed="0,3,0,3,3,59" ten="220,416,124,240" oya="1" hai="120,127,72,131,122,37,87,82,95,102,40,58,35"/> <U/> 
2017-01-17 15:57:45 INFO: Round: 0, Honba: 3, Dora Indicators: [59]
2017-01-17 15:57:45 INFO: Players: [デムーロルメール (41,600), Lucky-L (24,000), NoName (22,000), 幸腹グラフィティ (12,400)]
2017-01-17 15:57:45 INFO: Dealer: デムーロルメール (41,600)
2017-01-17 15:57:45 INFO: Round  wind: East
2017-01-17 15:57:45 INFO: Player wind: North
2017-01-17 15:57:54 DEBUG: Get: <E112/> <V/> 
2017-01-17 15:57:58 DEBUG: Get: <F75/> <W/> 
2017-01-17 15:57:58 DEBUG: Send: <Z />
2017-01-17 15:57:59 DEBUG: Get: <G118/> <T67/> 
2017-01-17 15:58:00 INFO: Hand: 9m1268p13468s4456z
2017-01-17 15:58:00 DEBUG: Send: <D p="35"/>
2017-01-17 15:58:00 INFO: Remaining tiles: 66
2017-01-17 15:58:01 DEBUG: Get: <D35/> 
2017-01-17 15:58:03 DEBUG: Get: <U/> 
2017-01-17 15:58:04 DEBUG: Get: <E123 t="1"/> 
2017-01-17 15:58:05 DEBUG: Send: <N />
2017-01-17 15:58:06 DEBUG: Get: <V/> 
2017-01-17 15:58:10 DEBUG: Get: <F107/> <W/> 
2017-01-17 15:58:13 DEBUG: Send: <Z />
2017-01-17 15:58:16 DEBUG: Get: <G135/> <T47/> 
2017-01-17 15:58:17 INFO: Hand: 12368p13468s4456z
2017-01-17 15:58:17 DEBUG: Send: <D p="72"/>
2017-01-17 15:58:17 INFO: Remaining tiles: 62
2017-01-17 15:58:18 DEBUG: Get: <D72/> 
2017-01-17 15:58:19 DEBUG: Get: <U/> 
2017-01-17 15:58:21 DEBUG: Get: <E125/> <V/> 
2017-01-17 15:58:23 DEBUG: Get: <F114/> <W/> 
2017-01-17 15:58:28 DEBUG: Send: <Z />
2017-01-17 15:58:31 DEBUG: Get: <G69/> 
2017-01-17 15:58:34 DEBUG: Get: <T38/> 
2017-01-17 15:58:35 INFO: Hand: 112368p3468s4456z
2017-01-17 15:58:35 DEBUG: Send: <D p="131"/>
2017-01-17 15:58:35 INFO: Remaining tiles: 58
2017-01-17 15:58:36 DEBUG: Get: <D131/> <U/> 
2017-01-17 15:58:39 DEBUG: Get: <e128/> <V/> 
2017-01-17 15:58:43 DEBUG: Get: <F34/> <W/> 
2017-01-17 15:58:43 DEBUG: Send: <Z />
2017-01-17 15:58:50 DEBUG: Get: <G106/> <T9/> 
2017-01-17 15:58:51 INFO: Hand: 3m112368p3468s445z
2017-01-17 15:58:51 DEBUG: Send: <D p="127"/>
2017-01-17 15:58:51 INFO: Remaining tiles: 54
2017-01-17 15:58:52 DEBUG: Get: <D127/> <U/> 
2017-01-17 15:58:56 DEBUG: Get: <E70/> 
2017-01-17 15:58:58 DEBUG: Get: <V/> 
2017-01-17 15:58:58 DEBUG: Send: <Z />
2017-01-17 15:59:00 DEBUG: Get: <F6/> 
2017-01-17 15:59:05 DEBUG: Get: <N who="3" m="2059" /> 
2017-01-17 15:59:05 INFO: Meld: pon, who 3
2017-01-17 15:59:06 DEBUG: Get: <G101/> <T24/> 
2017-01-17 15:59:07 INFO: Hand: 37m112368p3468s44z
2017-01-17 15:59:07 DEBUG: Send: <D p="9"/>
2017-01-17 15:59:07 INFO: Remaining tiles: 51
2017-01-17 15:59:08 DEBUG: Get: <D9/> <U/> 
2017-01-17 15:59:13 DEBUG: Send: <Z />
2017-01-17 15:59:14 DEBUG: Get: <E29/> <V/> 
2017-01-17 15:59:15 DEBUG: Get: <f30/> <W/> 
2017-01-17 15:59:25 DEBUG: Get: <g133/> <T132/> 
2017-01-17 15:59:26 INFO: Hand: 7m112368p3468s447z
2017-01-17 15:59:26 DEBUG: Send: <D p="132"/>
2017-01-17 15:59:26 INFO: Remaining tiles: 47
2017-01-17 15:59:27 DEBUG: Get: <D132/> <U/> 
2017-01-17 15:59:28 DEBUG: Send: <Z />
2017-01-17 15:59:30 DEBUG: Get: <E89/> 
2017-01-17 15:59:31 DEBUG: Get: <V/> 
2017-01-17 15:59:32 DEBUG: Get: <f104/> <W/> 
2017-01-17 15:59:40 DEBUG: Get: <G76 t="4"/> 
2017-01-17 15:59:41 DEBUG: Send: <N />
2017-01-17 15:59:42 DEBUG: Get: <T108/> 
2017-01-17 15:59:43 INFO: Hand: 7m112368p3468s144z
2017-01-17 15:59:43 DEBUG: Send: <D p="108"/>
2017-01-17 15:59:43 INFO: Remaining tiles: 43
2017-01-17 15:59:43 DEBUG: Send: <Z />
2017-01-17 15:59:44 DEBUG: Get: <D108/> <U/> 
2017-01-17 15:59:46 DEBUG: Get: <E51/> 
2017-01-17 15:59:50 DEBUG: Get: <V/> 
2017-01-17 15:59:57 DEBUG: Get: <F50/> 
2017-01-17 15:59:58 DEBUG: Send: <Z />
2017-01-17 15:59:59 DEBUG: Get: <W/> 
2017-01-17 16:00:01 DEBUG: Get: <G43 t="4"/> 
2017-01-17 16:00:02 DEBUG: Send: <N />
2017-01-17 16:00:03 DEBUG: Get: <T129/> 
2017-01-17 16:00:04 INFO: Hand: 7m112368p3468s446z
2017-01-17 16:00:04 DEBUG: Send: <D p="129"/>
2017-01-17 16:00:04 INFO: Remaining tiles: 39
2017-01-17 16:00:05 DEBUG: Get: <D129/> <U/> 
2017-01-17 16:00:07 DEBUG: Get: <e113/> <V/> 
2017-01-17 16:00:09 DEBUG: Get: <f41/> <W/> 
2017-01-17 16:00:12 DEBUG: Get: <g36 t="5"/> 
2017-01-17 16:00:13 DEBUG: Send: <N />
2017-01-17 16:00:13 DEBUG: Send: <Z />
2017-01-17 16:00:14 DEBUG: Get: <T62/> 
2017-01-17 16:00:15 INFO: Hand: 7m1123678p3468s44z
2017-01-17 16:00:15 DEBUG: Send: <D p="24"/>
2017-01-17 16:00:15 INFO: Remaining tiles: 35
2017-01-17 16:00:16 DEBUG: Get: <D24/> 
2017-01-17 16:00:20 DEBUG: Get: <U/> 
2017-01-17 16:00:22 DEBUG: Get: <e90/> 
2017-01-17 16:00:23 DEBUG: Get: <V/> 
2017-01-17 16:00:26 DEBUG: Get: <F17/> 
2017-01-17 16:00:28 DEBUG: Send: <Z />
2017-01-17 16:00:29 DEBUG: Get: <W/> 
2017-01-17 16:00:31 DEBUG: Get: <g91 t="4"/> 
2017-01-17 16:00:32 DEBUG: Send: <N />
2017-01-17 16:00:33 DEBUG: Get: <T130/> 
2017-01-17 16:00:34 INFO: Hand: 1123678p3468s446z
2017-01-17 16:00:34 DEBUG: Send: <D p="130"/>
2017-01-17 16:00:34 INFO: Remaining tiles: 31
2017-01-17 16:00:35 DEBUG: Get: <D130/> <U/> 
2017-01-17 16:00:42 DEBUG: Get: <E68/> 
2017-01-17 16:00:43 DEBUG: Get: <V/> 
2017-01-17 16:00:43 DEBUG: Send: <Z />
2017-01-17 16:00:44 DEBUG: Get: <F25/> <W/> 
2017-01-17 16:00:47 DEBUG: Get: <G46 t="4"/> 
2017-01-17 16:00:48 DEBUG: Send: <N />
2017-01-17 16:00:49 DEBUG: Get: <T31/> 
2017-01-17 16:00:50 INFO: Hand: 8m1123678p3468s44z
2017-01-17 16:00:50 DEBUG: Send: <D p="31"/>
2017-01-17 16:00:50 INFO: Remaining tiles: 27
2017-01-17 16:00:51 DEBUG: Get: <D31/> 
2017-01-17 16:00:55 DEBUG: Get: <U/> 
2017-01-17 16:00:58 DEBUG: Send: <Z />
2017-01-17 16:00:59 DEBUG: Get: <E66/> <V/> 
2017-01-17 16:01:00 DEBUG: Get: <f27/> <W/> 
2017-01-17 16:01:04 DEBUG: Get: <G74/> <T65/> 
2017-01-17 16:01:05 INFO: Hand: 11236788p3468s44z
2017-01-17 16:01:05 DEBUG: Send: <D p="37"/>
2017-01-17 16:01:05 INFO: Remaining tiles: 23
2017-01-17 16:01:06 DEBUG: Get: <D37/> <U/> 
2017-01-17 16:01:09 DEBUG: Get: <e48/> 
2017-01-17 16:01:10 DEBUG: Get: <V/> 
2017-01-17 16:01:13 DEBUG: Send: <Z />
2017-01-17 16:01:14 DEBUG: Get: <f18/> 
2017-01-17 16:01:16 DEBUG: Get: <W/> 
2017-01-17 16:01:18 DEBUG: Get: <G22/> <T92/> 
2017-01-17 16:01:19 INFO: Hand: 1236788p34668s44z
2017-01-17 16:01:19 DEBUG: Send: <D p="102"/>
2017-01-17 16:01:19 INFO: Remaining tiles: 19
2017-01-17 16:01:20 DEBUG: Get: <D102/> 
2017-01-17 16:01:22 DEBUG: Get: <N who="1" m="60687" /> 
2017-01-17 16:01:22 INFO: Meld: chi, who 1
2017-01-17 16:01:23 DEBUG: Get: <E97/> <V/> 
2017-01-17 16:01:26 DEBUG: Get: <f3/> 
2017-01-17 16:01:29 DEBUG: Send: <Z />
2017-01-17 16:01:29 DEBUG: Get: <N who="3" m="1099" /> 
2017-01-17 16:01:29 INFO: Meld: pon, who 3
2017-01-17 16:01:30 DEBUG: Get: <G105/> <T100/> 
2017-01-17 16:01:31 INFO: Hand: 1236788p34668s44z
2017-01-17 16:01:31 DEBUG: Send: <D p="100"/>
2017-01-17 16:01:31 INFO: Remaining tiles: 17
2017-01-17 16:01:32 DEBUG: Get: <D100/> <U/> 
2017-01-17 16:01:34 DEBUG: Get: <e126/> <V/> 
2017-01-17 16:01:37 DEBUG: Get: <f116/> <W/> 
2017-01-17 16:01:40 DEBUG: Get: <g73/> <T99/> 
2017-01-17 16:01:41 INFO: Hand: 1236788p34667s44z
2017-01-17 16:01:41 DEBUG: Send: <D p="92"/>
2017-01-17 16:01:41 INFO: Remaining tiles: 13
2017-01-17 16:01:42 DEBUG: Get: <D92/> <U/> 
2017-01-17 16:01:44 DEBUG: Send: <Z />
2017-01-17 16:01:44 DEBUG: Get: <e109/> <V/> 
2017-01-17 16:01:46 DEBUG: Get: <REACH who="2" step="1"/> 
2017-01-17 16:01:47 DEBUG: Get: <F124/> <REACH who="2" ten="220,416,114,240" step="2"/> <W/> 
2017-01-17 16:01:47 INFO: Riichi called by 2 player
2017-01-17 16:01:53 DEBUG: Get: <g103 t="4"/> 
2017-01-17 16:01:54 DEBUG: Send: <N />
2017-01-17 16:01:55 DEBUG: Get: <AGARI ba="3,1" hai="42,44,49,52,55,56,61,64,79,80,85,94,98,103" machi="103" ten="30,12000,2" yaku="1,1,2,1,7,1,8,1,52,1,54,1,53,0" doraHai="59" doraHaiUra="32" who="2" fromWho="3" sc="220,0,416,0,114,139,240,-129" /> 
2017-01-17 16:01:57 DEBUG: Send: <NEXTREADY />
2017-01-17 16:01:59 DEBUG: Send: <Z />
2017-01-17 16:02:05 DEBUG: Get: <INIT seed="1,0,0,1,4,54" ten="220,416,253,111" oya="2" hai="73,135,4,125,108,102,91,62,94,47,119,2,53"/> <V/> 
2017-01-17 16:02:05 INFO: Round: 1, Honba: 0, Dora Indicators: [54]
2017-01-17 16:02:05 INFO: Players: [デムーロルメール (41,600), 幸腹グラフィティ (25,300), NoName (22,000), Lucky-L (11,100)]
2017-01-17 16:02:05 INFO: Dealer: 幸腹グラフィティ (25,300)
2017-01-17 16:02:05 INFO: Round  wind: East
2017-01-17 16:02:05 INFO: Player wind: West
2017-01-17 16:02:13 DEBUG: Get: <F118/> <W/> 
2017-01-17 16:02:14 DEBUG: Send: <Z />
2017-01-17 16:02:14 DEBUG: Get: <G32/> <T107/> 
2017-01-17 16:02:15 INFO: Hand: 12m357p15689s1357z
2017-01-17 16:02:15 DEBUG: Send: <D p="119"/>
2017-01-17 16:02:15 INFO: Remaining tiles: 67
2017-01-17 16:02:16 DEBUG: Get: <D119/> <U/> 
2017-01-17 16:02:18 DEBUG: Get: <E74/> <V/> 
2017-01-17 16:02:20 DEBUG: Get: <F0/> 
2017-01-17 16:02:26 DEBUG: Get: <W/> 
2017-01-17 16:02:28 DEBUG: Get: <G106/> <T1/> 
2017-01-17 16:02:29 DEBUG: Send: <Z />
2017-01-17 16:02:29 INFO: Hand: 112m357p15689s157z
2017-01-17 16:02:29 DEBUG: Send: <D p="108"/>
2017-01-17 16:02:29 INFO: Remaining tiles: 63
2017-01-17 16:02:30 DEBUG: Get: <D108/> <U/> 
2017-01-17 16:02:33 DEBUG: Get: <E115/> <V/> 
2017-01-17 16:02:35 DEBUG: Get: <F39/> 
2017-01-17 16:02:44 DEBUG: Send: <Z />
2017-01-17 16:02:47 DEBUG: Get: <W/> 
2017-01-17 16:02:49 DEBUG: Get: <g24/> <T109/> 
2017-01-17 16:02:50 INFO: Hand: 112m357p15689s157z
2017-01-17 16:02:50 DEBUG: Send: <D p="109"/>
2017-01-17 16:02:50 INFO: Remaining tiles: 59
2017-01-17 16:02:51 DEBUG: Get: <D109/> <U/> 
2017-01-17 16:02:57 DEBUG: Get: <e64/> 
2017-01-17 16:02:59 DEBUG: Send: <Z />
2017-01-17 16:02:59 DEBUG: Get: <V/> 
2017-01-17 16:03:00 DEBUG: Get: <F35/> <W/> 
2017-01-17 16:03:08 DEBUG: Get: <g25/> <T28/> 
2017-01-17 16:03:09 INFO: Hand: 1128m357p15689s57z
2017-01-17 16:03:09 DEBUG: Send: <D p="125"/>
2017-01-17 16:03:09 INFO: Remaining tiles: 55
2017-01-17 16:03:10 DEBUG: Get: <D125/> <U/> 
2017-01-17 16:03:12 DEBUG: Get: <E48/> 
2017-01-17 16:03:14 DEBUG: Get: <V/> 
2017-01-17 16:03:14 DEBUG: Send: <Z />
2017-01-17 16:03:16 DEBUG: Get: <F100/> <W/> 
2017-01-17 16:03:22 DEBUG: Get: <G130/> <T86/> 
2017-01-17 16:03:23 INFO: Hand: 1128m357p145689s7z
2017-01-17 16:03:23 DEBUG: Send: <D p="135"/>
2017-01-17 16:03:23 INFO: Remaining tiles: 51
2017-01-17 16:03:24 DEBUG: Get: <D135/> 
2017-01-17 16:03:25 DEBUG: Get: <N who="2" m="51754" /> 
2017-01-17 16:03:25 INFO: Meld: pon, who 2
2017-01-17 16:03:26 DEBUG: Get: <F90/> <W/> 
2017-01-17 16:03:29 DEBUG: Send: <Z />
2017-01-17 16:03:37 DEBUG: Get: <g113/> <T114/> 
2017-01-17 16:03:38 INFO: Hand: 1128m357p145689s2z
2017-01-17 16:03:38 DEBUG: Send: <D p="114"/>
2017-01-17 16:03:38 INFO: Remaining tiles: 49
2017-01-17 16:03:39 DEBUG: Get: <D114/> <U/> 
2017-01-17 16:03:42 DEBUG: Get: <E34/> <V/> 
2017-01-17 16:03:44 DEBUG: Send: <Z />
2017-01-17 16:03:44 DEBUG: Get: <f33/> <W/> 
2017-01-17 16:03:50 DEBUG: Get: <G124/> <T65/> 
2017-01-17 16:03:51 INFO: Hand: 1128m3578p145689s
2017-01-17 16:03:51 DEBUG: Send: <D p="73"/>
2017-01-17 16:03:51 INFO: Remaining tiles: 45
2017-01-17 16:03:52 DEBUG: Get: <D73/> <U/> 
2017-01-17 16:03:55 DEBUG: Get: <e83/> 
2017-01-17 16:03:57 DEBUG: Get: <N who="2" m="45511" /> 
2017-01-17 16:03:57 INFO: Meld: chi, who 2
2017-01-17 16:03:58 DEBUG: Get: <F15/> 
2017-01-17 16:03:59 DEBUG: Send: <Z />
2017-01-17 16:04:03 DEBUG: Get: <W/> 
2017-01-17 16:04:04 DEBUG: Get: <G116/> <T46/> 
2017-01-17 16:04:05 INFO: Hand: 1128m33578p45689s
2017-01-17 16:04:05 DEBUG: Send: <D p="28"/>
2017-01-17 16:04:05 INFO: Remaining tiles: 42
2017-01-17 16:04:06 DEBUG: Get: <D28/> <U/> 
2017-01-17 16:04:07 DEBUG: Get: <E69/> 
2017-01-17 16:04:08 DEBUG: Get: <V/> 
2017-01-17 16:04:09 DEBUG: Get: <f76/> <W/> 
2017-01-17 16:04:14 DEBUG: Send: <Z />
2017-01-17 16:04:18 DEBUG: Get: <g112/> <T27/> 
2017-01-17 16:04:19 INFO: Hand: 1127m33578p45689s
2017-01-17 16:04:19 DEBUG: Send: <D p="27"/>
2017-01-17 16:04:19 INFO: Remaining tiles: 38
2017-01-17 16:04:20 DEBUG: Get: <D27/> 
2017-01-17 16:04:23 DEBUG: Get: <N who="1" m="16767" /> 
2017-01-17 16:04:23 INFO: Meld: chi, who 1
2017-01-17 16:04:25 DEBUG: Get: <E111/> <V/> 
2017-01-17 16:04:29 DEBUG: Send: <Z />
2017-01-17 16:04:30 DEBUG: Get: <f38/> 
2017-01-17 16:04:31 DEBUG: Get: <W/> 
2017-01-17 16:04:33 DEBUG: Get: <G36/> <T68/> 
2017-01-17 16:04:34 INFO: Hand: 112m335789p45689s
2017-01-17 16:04:34 DEBUG: Send: <D p="4"/>
2017-01-17 16:04:34 INFO: Remaining tiles: 35
2017-01-17 16:04:35 DEBUG: Get: <D4/> 
2017-01-17 16:04:43 DEBUG: Get: <N who="3" m="1641" /> 
2017-01-17 16:04:43 INFO: Meld: pon, who 3
2017-01-17 16:04:44 DEBUG: Send: <Z />
2017-01-17 16:04:44 DEBUG: Get: <G60 t="4"/> 
2017-01-17 16:04:45 DEBUG: Send: <N />
2017-01-17 16:04:46 DEBUG: Get: <T85/> 
2017-01-17 16:04:47 INFO: Hand: 11m335789p445689s
2017-01-17 16:04:47 DEBUG: Send: <D p="107"/>
2017-01-17 16:04:47 INFO: Remaining tiles: 34
2017-01-17 16:04:48 DEBUG: Get: <D107/> <U/> 
2017-01-17 16:04:51 DEBUG: Get: <E123/> <V/> 
2017-01-17 16:04:52 DEBUG: Get: <f19/> <W/> 
2017-01-17 16:04:55 DEBUG: Get: <G77/> <T120/> 
2017-01-17 16:04:56 INFO: Hand: 11m335789p44568s4z
2017-01-17 16:04:56 DEBUG: Send: <D p="120"/>
2017-01-17 16:04:56 INFO: Remaining tiles: 30
2017-01-17 16:04:57 DEBUG: Get: <D120/> <U/> 
2017-01-17 16:04:59 DEBUG: Send: <Z />
2017-01-17 16:04:59 DEBUG: Get: <e79/> <V/> 
2017-01-17 16:05:01 DEBUG: Get: <f80/> 
2017-01-17 16:05:05 DEBUG: Get: <W/> 
2017-01-17 16:05:06 DEBUG: Get: <g82 t="4"/> 
2017-01-17 16:05:07 DEBUG: Send: <N />
2017-01-17 16:05:08 DEBUG: Get: <T98/> 
2017-01-17 16:05:09 INFO: Hand: 11m335789p445678s
2017-01-17 16:05:09 DEBUG: Send: <D p="1"/>
2017-01-17 16:05:09 INFO: Remaining tiles: 26
2017-01-17 16:05:10 DEBUG: Get: <D1/> 
2017-01-17 16:05:12 DEBUG: Get: <U/> 
2017-01-17 16:05:13 DEBUG: Get: <E127/> <V/> 
2017-01-17 16:05:14 DEBUG: Send: <Z />
2017-01-17 16:05:15 DEBUG: Get: <f103/> <W/> 
2017-01-17 16:05:17 DEBUG: Get: <g95 t="4"/> 
2017-01-17 16:05:18 DEBUG: Send: <N />
2017-01-17 16:05:19 DEBUG: Get: <T3/> 
2017-01-17 16:05:20 INFO: Hand: 11m335789p445678s
2017-01-17 16:05:20 DEBUG: Send: <D p="2"/>
2017-01-17 16:05:20 INFO: Remaining tiles: 22
2017-01-17 16:05:21 DEBUG: Get: <D2/> 
2017-01-17 16:05:23 DEBUG: Get: <U/> 
2017-01-17 16:05:24 DEBUG: Get: <e133/> <V/> 
2017-01-17 16:05:29 DEBUG: Send: <Z />
2017-01-17 16:05:29 DEBUG: Get: <f105/> 
2017-01-17 16:05:32 DEBUG: Get: <W/> 
2017-01-17 16:05:33 DEBUG: Get: <g26/> <T49/> 
2017-01-17 16:05:34 INFO: Hand: 1m3345789p445678s
2017-01-17 16:05:34 DEBUG: Send: <D p="3"/>
2017-01-17 16:05:34 INFO: Remaining tiles: 18
2017-01-17 16:05:35 DEBUG: Get: <D3/> 
2017-01-17 16:05:37 DEBUG: Get: <U/> 
2017-01-17 16:05:43 DEBUG: Get: <e9/> 
2017-01-17 16:05:44 DEBUG: Send: <Z />
2017-01-17 16:05:44 DEBUG: Get: <AGARI ba="0,0" hai="9,14,17,52,59,63,70,71" m="45511,51754" machi="9" ten="30,5800,0" yaku="20,1,52,1,54,1" doraHai="54" who="2" fromWho="1" sc="220,0,416,-58,253,58,111,0" /> 
2017-01-17 16:05:46 DEBUG: Send: <NEXTREADY />
2017-01-17 16:05:49 DEBUG: Get: <INIT seed="1,1,0,2,5,72" ten="220,358,311,111" oya="2" hai="55,22,118,112,39,84,32,19,20,2,79,88,71"/> <V/> 
2017-01-17 16:05:49 INFO: Round: 1, Honba: 1, Dora Indicators: [72]
2017-01-17 16:05:49 INFO: Players: [デムーロルメール (35,800), 幸腹グラフィティ (31,100), NoName (22,000), Lucky-L (11,100)]
2017-01-17 16:05:49 INFO: Dealer: 幸腹グラフィティ (31,100)
2017-01-17 16:05:49 INFO: Round  wind: East
2017-01-17 16:05:49 INFO: Player wind: West
2017-01-17 16:05:55 DEBUG: Get: <F122/> <W/> 
2017-01-17 16:05:57 DEBUG: Get: <G119/> <T15/> 
2017-01-17 16:05:58 INFO: Hand: 145669m159p245s23z
2017-01-17 16:05:58 DEBUG: Send: <D p="71"/>
2017-01-17 16:05:58 INFO: Remaining tiles: 67
2017-01-17 16:05:59 DEBUG: Send: <Z />
2017-01-17 16:05:59 DEBUG: Get: <D71/> <U/> 
2017-01-17 16:06:00 DEBUG: Get: <E123/> <V/> 
2017-01-17 16:06:02 DEBUG: Get: <F107/> <W/> 
2017-01-17 16:06:08 DEBUG: Get: <G132/> 
2017-01-17 16:06:10 DEBUG: Get: <N who="2" m="50793" /> 
2017-01-17 16:06:10 INFO: Meld: pon, who 2
2017-01-17 16:06:11 DEBUG: Get: <F69/> <W/> 
2017-01-17 16:06:14 DEBUG: Send: <Z />
2017-01-17 16:06:19 DEBUG: Get: <G115/> <T111/> 
2017-01-17 16:06:20 INFO: Hand: 145669m15p245s123z
2017-01-17 16:06:20 DEBUG: Send: <D p="32"/>
2017-01-17 16:06:20 INFO: Remaining tiles: 62
2017-01-17 16:06:21 DEBUG: Get: <D32/> <U/> 
2017-01-17 16:06:22 DEBUG: Get: <E113/> <V/> 
2017-01-17 16:06:24 DEBUG: Get: <F126/> <W/> 
2017-01-17 16:06:28 DEBUG: Get: <G125/> <T89/> 
2017-01-17 16:06:29 INFO: Hand: 14566m15p2455s123z
2017-01-17 16:06:29 DEBUG: Send: <D p="39"/>
2017-01-17 16:06:29 INFO: Remaining tiles: 58
2017-01-17 16:06:29 DEBUG: Send: <Z />
2017-01-17 16:06:30 DEBUG: Get: <D39/> 
2017-01-17 16:06:31 DEBUG: Get: <U/> 
2017-01-17 16:06:35 DEBUG: Get: <E109/> <V/> 
2017-01-17 16:06:39 DEBUG: Get: <F75/> 
2017-01-17 16:06:41 DEBUG: Get: <W/> 
2017-01-17 16:06:43 DEBUG: Get: <g127/> <T30/> 
2017-01-17 16:06:44 DEBUG: Send: <Z />
2017-01-17 16:06:44 INFO: Hand: 145668m5p2455s123z
2017-01-17 16:06:44 DEBUG: Send: <D p="2"/>
2017-01-17 16:06:44 INFO: Remaining tiles: 54
2017-01-17 16:06:45 DEBUG: Get: <D2/> <U/> 
2017-01-17 16:06:50 DEBUG: Get: <e114/> <V/> 
2017-01-17 16:06:59 DEBUG: Send: <Z />
2017-01-17 16:07:01 DEBUG: Get: <F42/> <W/> 
2017-01-17 16:07:06 DEBUG: Get: <g45/> 
2017-01-17 16:07:08 DEBUG: Get: <T98/> 
2017-01-17 16:07:09 INFO: Hand: 45668m5p24557s123z
2017-01-17 16:07:09 DEBUG: Send: <D p="111"/>
2017-01-17 16:07:09 INFO: Remaining tiles: 50
2017-01-17 16:07:10 DEBUG: Get: <D111/> <U/> 
2017-01-17 16:07:12 DEBUG: Get: <E135/> <V/> 
2017-01-17 16:07:14 DEBUG: Send: <Z />
2017-01-17 16:07:15 DEBUG: Get: <f82/> <W/> 
2017-01-17 16:07:19 DEBUG: Get: <G104/> <T34/> 
2017-01-17 16:07:20 INFO: Hand: 456689m5p24557s23z
2017-01-17 16:07:20 DEBUG: Send: <D p="118"/>
2017-01-17 16:07:20 INFO: Remaining tiles: 46
2017-01-17 16:07:21 DEBUG: Get: <D118/> <U/> 
2017-01-17 16:07:25 DEBUG: Get: <E0/> 
2017-01-17 16:07:27 DEBUG: Get: <V/> 
2017-01-17 16:07:29 DEBUG: Get: <f87/> 
2017-01-17 16:07:29 DEBUG: Send: <Z />
2017-01-17 16:07:30 DEBUG: Get: <W/> 
2017-01-17 16:07:32 DEBUG: Get: <G56/> <T8/> 
2017-01-17 16:07:33 INFO: Hand: 3456689m5p24557s2z
2017-01-17 16:07:33 DEBUG: Send: <D p="112"/>
2017-01-17 16:07:33 INFO: Remaining tiles: 42
2017-01-17 16:07:34 DEBUG: Get: <D112/> <U/> 
2017-01-17 16:07:36 DEBUG: Get: <E131/> <V/> 
2017-01-17 16:07:37 DEBUG: Get: <f106/> <W/> 
2017-01-17 16:07:43 DEBUG: Get: <g63/> <T26/> 
2017-01-17 16:07:44 DEBUG: Send: <Z />
2017-01-17 16:07:44 INFO: Hand: 34566789m5p24557s
2017-01-17 16:07:44 DEBUG: Send: <D p="55"/>
2017-01-17 16:07:44 INFO: Remaining tiles: 38
2017-01-17 16:07:45 DEBUG: Get: <D55/> 
2017-01-17 16:07:47 DEBUG: Get: <U/> 
2017-01-17 16:07:50 DEBUG: Get: <e70/> <V/> 
2017-01-17 16:07:51 DEBUG: Get: <f130/> <W/> 
2017-01-17 16:07:58 DEBUG: Get: <G100/> <T97/> 
2017-01-17 16:07:59 DEBUG: Send: <Z />
2017-01-17 16:07:59 INFO: Hand: 34566789m245577s
2017-01-17 16:07:59 DEBUG: Send: <D p="79"/>
2017-01-17 16:07:59 INFO: Remaining tiles: 34
2017-01-17 16:08:00 DEBUG: Get: <D79/> <U/> 
2017-01-17 16:08:02 DEBUG: Get: <e120/> <V/> 
2017-01-17 16:08:03 DEBUG: Get: <f108/> <W/> 
2017-01-17 16:08:09 DEBUG: Get: <G94 t="4"/> 
2017-01-17 16:08:10 DEBUG: Send: <N />
2017-01-17 16:08:11 DEBUG: Get: <T90 t="32"/> 
2017-01-17 16:08:12 INFO: Hand: 34566789m455577s
2017-01-17 16:08:12 DEBUG: Send: <REACH hai="84" />
2017-01-17 16:08:14 DEBUG: Send: <Z />
2017-01-17 16:08:14 DEBUG: Send: <D p="84"/>
2017-01-17 16:08:14 INFO: Remaining tiles: 30
2017-01-17 16:08:15 DEBUG: Get: <REACH who="0" step="1"/> <D84/> <REACH who="0" ten="210,358,311,111" step="2"/> <U/> 
2017-01-17 16:08:15 INFO: Riichi called by 0 player
2017-01-17 16:08:18 DEBUG: Get: <REACH who="1" step="1"/> 
2017-01-17 16:08:20 DEBUG: Get: <E47/> 
2017-01-17 16:08:21 DEBUG: Get: <REACH who="1" ten="210,348,311,111" step="2"/> <V/> 
2017-01-17 16:08:21 INFO: Riichi called by 1 player
2017-01-17 16:08:23 DEBUG: Get: <F46/> <W/> 
2017-01-17 16:08:26 DEBUG: Get: <g95/> <T68/> 
2017-01-17 16:08:26 DEBUG: Send: <D p="68"/>
2017-01-17 16:08:26 INFO: Remaining tiles: 27
2017-01-17 16:08:27 DEBUG: Get: <D68/> <U/> 
2017-01-17 16:08:29 DEBUG: Send: <Z />
2017-01-17 16:08:29 DEBUG: Get: <e74/> <V/> 
2017-01-17 16:08:31 DEBUG: Get: <F117/> <W/> 
2017-01-17 16:08:36 DEBUG: Get: <g36/> 
2017-01-17 16:08:37 DEBUG: Get: <T92/> 
2017-01-17 16:08:37 DEBUG: Send: <D p="92"/>
2017-01-17 16:08:37 INFO: Remaining tiles: 24
2017-01-17 16:08:38 DEBUG: Get: <D92/> <U/> 
2017-01-17 16:08:39 DEBUG: Get: <e33/> <V/> 
2017-01-17 16:08:42 DEBUG: Get: <F38/> <W/> 
2017-01-17 16:08:44 DEBUG: Send: <Z />
2017-01-17 16:08:45 DEBUG: Get: <G83/> 
2017-01-17 16:08:47 DEBUG: Get: <AGARI ba="1,2" hai="29,31,44,50,52,64,65,67,73,78,83,99,102,105" machi="83" ten="40,8000,1" yaku="1,1,52,1,54,1,53,1" doraHai="72" doraHaiUra="48" who="1" fromWho="3" sc="210,0,348,103,311,0,111,-83" /> 
2017-01-17 16:08:49 DEBUG: Send: <NEXTREADY />
2017-01-17 16:08:55 DEBUG: Get: <INIT seed="2,0,0,2,0,73" ten="210,451,311,28" oya="3" hai="80,51,2,50,30,6,109,26,34,58,102,0,135"/> <W/> 
2017-01-17 16:08:55 INFO: Round: 2, Honba: 0, Dora Indicators: [73]
2017-01-17 16:08:55 INFO: Players: [デムーロルメール (45,100), 幸腹グラフィティ (31,100), NoName (21,000), Lucky-L (2,800)]
2017-01-17 16:08:55 INFO: Dealer: Lucky-L (2,800)
2017-01-17 16:08:55 INFO: Round  wind: East
2017-01-17 16:08:55 INFO: Player wind: South
2017-01-17 16:08:59 DEBUG: Send: <Z />
2017-01-17 16:09:01 DEBUG: Get: <G41/> <T27/> 
2017-01-17 16:09:02 INFO: Hand: 1127789m446p38s17z
2017-01-17 16:09:02 DEBUG: Send: <D p="135"/>
2017-01-17 16:09:02 INFO: Remaining tiles: 68
2017-01-17 16:09:03 DEBUG: Get: <D135/> <U/> 
2017-01-17 16:09:05 DEBUG: Get: <E119/> <V/> 
2017-01-17 16:09:08 DEBUG: Get: <F37/> <W/> 
2017-01-17 16:09:10 DEBUG: Get: <G103/> <T40/> 
2017-01-17 16:09:11 INFO: Hand: 1127789m2446p38s1z
2017-01-17 16:09:11 DEBUG: Send: <D p="109"/>
2017-01-17 16:09:11 INFO: Remaining tiles: 64
2017-01-17 16:09:12 DEBUG: Get: <D109/> <U/> 
2017-01-17 16:09:13 DEBUG: Get: <E114/> <V/> 
2017-01-17 16:09:14 DEBUG: Send: <Z />
2017-01-17 16:09:16 DEBUG: Get: <F113/> <W/> 
2017-01-17 16:09:20 DEBUG: Get: <g96/> <T24/> 
2017-01-17 16:09:21 INFO: Hand: 11277789m2446p38s
2017-01-17 16:09:21 DEBUG: Send: <D p="102"/>
2017-01-17 16:09:21 INFO: Remaining tiles: 60
2017-01-17 16:09:22 DEBUG: Get: <D102/> 
2017-01-17 16:09:24 DEBUG: Get: <N who="1" m="62943" /> 
2017-01-17 16:09:24 INFO: Meld: chi, who 1
2017-01-17 16:09:25 DEBUG: Get: <E32/> <V/> 
2017-01-17 16:09:29 DEBUG: Send: <Z />
2017-01-17 16:09:30 DEBUG: Get: <F72/> 
2017-01-17 16:09:31 DEBUG: Get: <W/> 
2017-01-17 16:09:33 DEBUG: Get: <G14/> <T74/> 
2017-01-17 16:09:34 INFO: Hand: 11277789m2446p13s
2017-01-17 16:09:34 DEBUG: Send: <D p="40"/>
2017-01-17 16:09:34 INFO: Remaining tiles: 57
2017-01-17 16:09:35 DEBUG: Get: <D40/> <U/> 
2017-01-17 16:09:38 DEBUG: Get: <E4/> 
2017-01-17 16:09:40 DEBUG: Get: <V/> 
2017-01-17 16:09:43 DEBUG: Get: <F127/> <W/> 
2017-01-17 16:09:44 DEBUG: Send: <Z />
2017-01-17 16:09:45 DEBUG: Get: <g46/> <T91/> 
2017-01-17 16:09:46 INFO: Hand: 11277789m446p135s
2017-01-17 16:09:46 DEBUG: Send: <D p="74"/>
2017-01-17 16:09:46 INFO: Remaining tiles: 53
2017-01-17 16:09:47 DEBUG: Get: <D74/> <U/> 
2017-01-17 16:09:49 DEBUG: Get: <E124/> <V/> 
2017-01-17 16:09:51 DEBUG: Get: <F129/> 
2017-01-17 16:09:53 DEBUG: Get: <N who="1" m="49769" /> 
2017-01-17 16:09:53 INFO: Meld: pon, who 1
2017-01-17 16:09:54 DEBUG: Get: <E100/> <V/> 
2017-01-17 16:09:59 DEBUG: Send: <Z />
2017-01-17 16:09:59 DEBUG: Get: <F65/> 
2017-01-17 16:10:02 DEBUG: Get: <W/> 
2017-01-17 16:10:05 DEBUG: Get: <REACH who="3" step="1"/> 
2017-01-17 16:10:06 DEBUG: Get: <G76/> <REACH who="3" ten="210,451,311,18" step="2"/> <T84/> 
2017-01-17 16:10:06 INFO: Riichi called by 3 player
2017-01-17 16:10:07 INFO: Hand: 11277789m446p345s
2017-01-17 16:10:07 DEBUG: Send: <D p="6"/>
2017-01-17 16:10:07 INFO: Remaining tiles: 48
2017-01-17 16:10:08 DEBUG: Get: <D6/> <U/> 
2017-01-17 16:10:10 DEBUG: Get: <e112/> <V/> 
2017-01-17 16:10:12 DEBUG: Get: <F13/> <W/> 
2017-01-17 16:10:14 DEBUG: Send: <Z />
2017-01-17 16:10:15 DEBUG: Get: <g53 t="4"/> 
2017-01-17 16:10:16 DEBUG: Send: <N />
2017-01-17 16:10:17 DEBUG: Get: <T31/> 
2017-01-17 16:10:18 INFO: Hand: 11777889m446p345s
2017-01-17 16:10:18 DEBUG: Send: <D p="58"/>
2017-01-17 16:10:18 INFO: Remaining tiles: 44
2017-01-17 16:10:19 DEBUG: Get: <D58/> <U/> 
2017-01-17 16:10:21 DEBUG: Get: <e1 t="1"/> 
2017-01-17 16:10:22 DEBUG: Send: <N />
2017-01-17 16:10:23 DEBUG: Get: <V/> 
2017-01-17 16:10:26 DEBUG: Get: <F125/> <W/> 
2017-01-17 16:10:27 DEBUG: Get: <g88 t="4"/> 
2017-01-17 16:10:28 DEBUG: Send: <N />
2017-01-17 16:10:29 DEBUG: Send: <Z />
2017-01-17 16:10:29 DEBUG: Get: <T43/> 
2017-01-17 16:10:30 INFO: Hand: 11777889m244p345s
2017-01-17 16:10:30 DEBUG: Send: <D p="43"/>
2017-01-17 16:10:30 INFO: Remaining tiles: 40
2017-01-17 16:10:31 DEBUG: Get: <D43/> <U/> 
2017-01-17 16:10:34 DEBUG: Get: <e97/> <V/> 
2017-01-17 16:10:37 DEBUG: Get: <F7/> <W/> 
2017-01-17 16:10:38 DEBUG: Get: <g44/> <T132/> 
2017-01-17 16:10:39 INFO: Hand: 11777889m44p345s7z
2017-01-17 16:10:39 DEBUG: Send: <D p="132"/>
2017-01-17 16:10:39 INFO: Remaining tiles: 36
2017-01-17 16:10:40 DEBUG: Get: <D132/> <U/> 
2017-01-17 16:10:43 DEBUG: Get: <E19/> 
2017-01-17 16:10:44 DEBUG: Send: <Z />
2017-01-17 16:10:44 DEBUG: Get: <V/> 
2017-01-17 16:10:45 DEBUG: Get: <F15/> <W/> 
2017-01-17 16:10:48 DEBUG: Get: <g106/> <T115/> 
2017-01-17 16:10:49 INFO: Hand: 11777889m44p345s2z
2017-01-17 16:10:49 DEBUG: Send: <D p="115"/>
2017-01-17 16:10:49 INFO: Remaining tiles: 32
2017-01-17 16:10:50 DEBUG: Get: <D115/> <U/> 
2017-01-17 16:10:51 DEBUG: Get: <e54/> <V/> 
2017-01-17 16:10:55 DEBUG: Get: <F134/> <W/> 
2017-01-17 16:10:56 DEBUG: Get: <g36/> <T18/> 
2017-01-17 16:10:57 INFO: Hand: 115777889m44p345s
2017-01-17 16:10:57 DEBUG: Send: <D p="34"/>
2017-01-17 16:10:57 INFO: Remaining tiles: 28
2017-01-17 16:10:58 DEBUG: Get: <D34/> <U/> 
2017-01-17 16:10:59 DEBUG: Send: <Z />
2017-01-17 16:11:00 DEBUG: Get: <e33/> <V/> 
2017-01-17 16:11:01 DEBUG: Get: <F35/> <W/> 
2017-01-17 16:11:04 DEBUG: Get: <g104/> <T70/> 
2017-01-17 16:11:05 INFO: Hand: 11577788m449p345s
2017-01-17 16:11:05 DEBUG: Send: <D p="70"/>
2017-01-17 16:11:05 INFO: Remaining tiles: 24
2017-01-17 16:11:06 DEBUG: Get: <D70/> <U/> 
2017-01-17 16:11:08 DEBUG: Get: <e90/> 
2017-01-17 16:11:10 DEBUG: Get: <V/> 
2017-01-17 16:11:11 DEBUG: Get: <f38/> <W/> 
2017-01-17 16:11:14 DEBUG: Send: <Z />
2017-01-17 16:11:14 DEBUG: Get: <g105/> <T87/> 
2017-01-17 16:11:15 INFO: Hand: 11577788m44p3445s
2017-01-17 16:11:15 DEBUG: Send: <D p="80"/>
2017-01-17 16:11:15 INFO: Remaining tiles: 20
2017-01-17 16:11:16 DEBUG: Get: <D80/> 
2017-01-17 16:11:18 DEBUG: Get: <U/> 
2017-01-17 16:11:19 DEBUG: Get: <e3 t="1"/> 
2017-01-17 16:11:20 DEBUG: Send: <N />
2017-01-17 16:11:21 DEBUG: Get: <V/> 
2017-01-17 16:11:25 DEBUG: Get: <F110/> 
2017-01-17 16:11:27 DEBUG: Get: <AGARI ba="0,1" hai="56,59,60,61,68,71,78,79,81,83,110,111,121,122" machi="110" ten="25,18000,2" yaku="1,1,22,2,52,2,53,2" doraHai="73" doraHaiUra="117" who="3" fromWho="2" sc="210,0,451,0,311,-180,18,190" /> 
2017-01-17 16:11:29 DEBUG: Send: <NEXTREADY />
2017-01-17 16:11:29 DEBUG: Send: <Z />
2017-01-17 16:11:35 DEBUG: Get: <INIT seed="2,1,0,5,1,10" ten="210,451,131,208" oya="3" hai="89,61,15,71,1,64,66,51,80,118,74,126,34"/> <W/> 
2017-01-17 16:11:35 INFO: Round: 2, Honba: 1, Dora Indicators: [10]
2017-01-17 16:11:35 INFO: Players: [デムーロルメール (45,100), NoName (21,000), Lucky-L (20,800), 幸腹グラフィティ (13,100)]
2017-01-17 16:11:35 INFO: Dealer: Lucky-L (20,800)
2017-01-17 16:11:35 INFO: Round  wind: East
2017-01-17 16:11:35 INFO: Player wind: South
2017-01-17 16:11:39 DEBUG: Get: <G107/> <T20/> 
2017-01-17 16:11:40 INFO: Hand: 1469m47889p135s35z
2017-01-17 16:11:40 DEBUG: Send: <D p="34"/>
2017-01-17 16:11:40 INFO: Remaining tiles: 68
2017-01-17 16:11:41 DEBUG: Get: <D34/> <U/> 
2017-01-17 16:11:43 DEBUG: Get: <E69/> <V/> 
2017-01-17 16:11:44 DEBUG: Send: <Z />
2017-01-17 16:11:46 DEBUG: Get: <F116/> <W/> 
2017-01-17 16:11:48 DEBUG: Get: <G73/> <T21/> 
2017-01-17 16:11:49 INFO: Hand: 1466m47889p135s35z
2017-01-17 16:11:49 DEBUG: Send: <D p="1"/>
2017-01-17 16:11:49 INFO: Remaining tiles: 64
2017-01-17 16:11:50 DEBUG: Get: <D1/> <U/> 
2017-01-17 16:11:52 DEBUG: Get: <E123/> <V/> 
2017-01-17 16:11:58 DEBUG: Get: <F110/> 
2017-01-17 16:11:59 DEBUG: Send: <Z />
2017-01-17 16:12:00 DEBUG: Get: <N who="3" m="42027" /> 
2017-01-17 16:12:00 INFO: Meld: pon, who 3
2017-01-17 16:12:01 DEBUG: Get: <G8/> <T99/> 
2017-01-17 16:12:02 INFO: Hand: 466m47889p1357s35z
2017-01-17 16:12:02 DEBUG: Send: <D p="118"/>
2017-01-17 16:12:02 INFO: Remaining tiles: 61
2017-01-17 16:12:03 DEBUG: Get: <D118/> <U/> 
2017-01-17 16:12:04 DEBUG: Get: <E32/> <V/> 
2017-01-17 16:12:07 DEBUG: Get: <f113/> <W/> 
2017-01-17 16:12:09 DEBUG: Get: <G0/> <T2/> 
2017-01-17 16:12:10 INFO: Hand: 1466m47889p1357s5z
2017-01-17 16:12:10 DEBUG: Send: <D p="126"/>
2017-01-17 16:12:10 INFO: Remaining tiles: 57
2017-01-17 16:12:11 DEBUG: Get: <D126/> <U/> 
2017-01-17 16:12:14 DEBUG: Send: <Z />
2017-01-17 16:12:15 DEBUG: Get: <REACH who="1" step="1"/> 
2017-01-17 16:12:17 DEBUG: Get: <E41/> <REACH who="1" ten="210,441,131,208" step="2"/> <V/> 
2017-01-17 16:12:17 INFO: Riichi called by 1 player
2017-01-17 16:12:19 DEBUG: Get: <F120/> <W/> 
2017-01-17 16:12:22 DEBUG: Get: <G75/> <T121/> 
2017-01-17 16:12:23 INFO: Hand: 1466m47889p1357s4z
2017-01-17 16:12:23 DEBUG: Send: <D p="121"/>
2017-01-17 16:12:23 INFO: Remaining tiles: 53
2017-01-17 16:12:24 DEBUG: Get: <D121/> <U/> 
2017-01-17 16:12:25 DEBUG: Get: <e81/> <V/> 
2017-01-17 16:12:29 DEBUG: Send: <Z />
2017-01-17 16:12:29 DEBUG: Get: <F105/> <W/> 
2017-01-17 16:12:33 DEBUG: Get: <G122/> 
2017-01-17 16:12:35 DEBUG: Get: <T114/> 
2017-01-17 16:12:36 INFO: Hand: 1466m47889p1357s2z
2017-01-17 16:12:36 DEBUG: Send: <D p="114"/>
2017-01-17 16:12:36 INFO: Remaining tiles: 49
2017-01-17 16:12:37 DEBUG: Get: <D114/> <U/> 
2017-01-17 16:12:38 DEBUG: Get: <e5/> 
2017-01-17 16:12:39 DEBUG: Get: <V/> 
2017-01-17 16:12:44 DEBUG: Send: <Z />
2017-01-17 16:12:46 DEBUG: Get: <F103/> <W/> 
2017-01-17 16:12:48 DEBUG: Get: <G7/> <T87/> 
2017-01-17 16:12:49 INFO: Hand: 1466m47889p13457s
2017-01-17 16:12:50 DEBUG: Send: <D p="2"/>
2017-01-17 16:12:50 INFO: Remaining tiles: 45
2017-01-17 16:12:51 DEBUG: Get: <D2/> <U/> 
2017-01-17 16:12:52 DEBUG: Get: <e22 t="1"/> 
2017-01-17 16:12:53 DEBUG: Send: <N />
2017-01-17 16:12:54 DEBUG: Get: <V/> 
2017-01-17 16:12:56 DEBUG: Get: <F3/> <W/> 
2017-01-17 16:12:59 DEBUG: Send: <Z />
2017-01-17 16:12:59 DEBUG: Get: <N who="3" m="42035"/> <W/> 
2017-01-17 16:12:59 INFO: Meld: chakan, who 3
2017-01-17 16:13:00 DEBUG: Get: <DORA hai="133" /> <G112/> <T12/> 
2017-01-17 16:13:00 INFO: New dora indicator: 133
2017-01-17 16:13:01 INFO: Hand: 4466m47889p13457s
2017-01-17 16:13:01 DEBUG: Send: <D p="74"/>
2017-01-17 16:13:01 INFO: Remaining tiles: 42
2017-01-17 16:13:02 DEBUG: Get: <D74/> <U/> 
2017-01-17 16:13:03 DEBUG: Get: <e40/> <V/> 
2017-01-17 16:13:05 DEBUG: Get: <f106/> <W/> 
2017-01-17 16:13:10 DEBUG: Get: <g26/> 
2017-01-17 16:13:11 DEBUG: Get: <T35/> 
2017-01-17 16:13:12 INFO: Hand: 44669m47889p3457s
2017-01-17 16:13:12 DEBUG: Send: <D p="35"/>
2017-01-17 16:13:12 INFO: Remaining tiles: 38
2017-01-17 16:13:13 DEBUG: Get: <D35/> <U/> 
2017-01-17 16:13:14 DEBUG: Get: <e129/> 
2017-01-17 16:13:14 DEBUG: Send: <Z />
2017-01-17 16:13:16 DEBUG: Get: <N who="3" m="49738" /> 
2017-01-17 16:13:16 INFO: Meld: pon, who 3
2017-01-17 16:13:17 DEBUG: Get: <G36/> <T19/> 
2017-01-17 16:13:18 INFO: Hand: 44566m47889p3457s
2017-01-17 16:13:18 DEBUG: Send: <D p="99"/>
2017-01-17 16:13:18 INFO: Remaining tiles: 36
2017-01-17 16:13:19 DEBUG: Get: <D99/> <U/> 
2017-01-17 16:13:20 DEBUG: Get: <e65 t="1"/> 
2017-01-17 16:13:21 DEBUG: Send: <N />
2017-01-17 16:13:22 DEBUG: Get: <V/> 
2017-01-17 16:13:23 DEBUG: Get: <f115/> <W/> 
2017-01-17 16:13:26 DEBUG: Get: <g29/> <T135/> 
2017-01-17 16:13:27 INFO: Hand: 44566m47889p345s7z
2017-01-17 16:13:27 DEBUG: Send: <D p="135"/>
2017-01-17 16:13:27 INFO: Remaining tiles: 32
2017-01-17 16:13:28 DEBUG: Get: <D135/> <U/> 
2017-01-17 16:13:29 DEBUG: Get: <e91/> <V/> 
2017-01-17 16:13:29 DEBUG: Send: <Z />
2017-01-17 16:13:32 DEBUG: Get: <F82/> <W/> 
2017-01-17 16:13:35 DEBUG: Get: <g132/> <T57/> 
2017-01-17 16:13:36 INFO: Hand: 44566m467889p345s
2017-01-17 16:13:36 DEBUG: Send: <D p="71"/>
2017-01-17 16:13:36 INFO: Remaining tiles: 28
2017-01-17 16:13:37 DEBUG: Get: <D71/> <U/> <AGARI ba="1,1" hai="4,9,14,43,46,49,50,54,56,76,83,85,101,102" machi="56" ten="20,12000,2" yaku="1,1,0,1,7,1,25,2,8,1,52,1,53,0" doraHai="10,133" doraHaiUra="117,95" who="1" fromWho="1" sc="210,-31,441,133,131,-31,208,-61" /> 
2017-01-17 16:13:39 DEBUG: Send: <NEXTREADY />
2017-01-17 16:13:44 DEBUG: Send: <Z />
2017-01-17 16:13:48 DEBUG: Get: <INIT seed="3,0,0,3,2,27" ten="179,574,100,147" oya="0" hai="8,133,34,91,126,45,37,17,135,130,76,71,6"/> <T99/> 
2017-01-17 16:13:48 INFO: Round: 3, Honba: 0, Dora Indicators: [27]
2017-01-17 16:13:48 INFO: Players: [デムーロルメール (57,400), NoName (17,900), Lucky-L (14,700), 幸腹グラフィティ (10,000)]
2017-01-17 16:13:48 INFO: Dealer: NoName (17,900)
2017-01-17 16:13:48 INFO: Round  wind: East
2017-01-17 16:13:48 INFO: Player wind: East
2017-01-17 16:13:49 INFO: Hand: 2359m139p257s5677z
2017-01-17 16:13:49 DEBUG: Send: <D p="34"/>
2017-01-17 16:13:49 INFO: Remaining tiles: 69
2017-01-17 16:13:50 DEBUG: Get: <D34/> <U/> 
2017-01-17 16:13:59 DEBUG: Send: <Z />
2017-01-17 16:14:00 DEBUG: Get: <E123/> 
2017-01-17 16:14:01 DEBUG: Get: <V/> 
2017-01-17 16:14:08 DEBUG: Get: <F128/> <W/> 
2017-01-17 16:14:11 DEBUG: Get: <G72/> <T39/> 
2017-01-17 16:14:12 INFO: Hand: 235m1139p257s5677z
2017-01-17 16:14:12 DEBUG: Send: <D p="71"/>
2017-01-17 16:14:12 INFO: Remaining tiles: 65
2017-01-17 16:14:13 DEBUG: Get: <D71/> <U/> 
2017-01-17 16:14:14 DEBUG: Send: <Z />
2017-01-17 16:14:16 DEBUG: Get: <E108/> <V/> 
2017-01-17 16:14:19 DEBUG: Get: <F119/> <W/> 
2017-01-17 16:14:22 DEBUG: Get: <G120/> 
2017-01-17 16:14:23 DEBUG: Get: <T98/> 
2017-01-17 16:14:24 INFO: Hand: 235m113p2577s5677z
2017-01-17 16:14:24 DEBUG: Send: <D p="126"/>
2017-01-17 16:14:24 INFO: Remaining tiles: 61
2017-01-17 16:14:25 DEBUG: Get: <D126/> 
2017-01-17 16:14:27 DEBUG: Get: <N who="3" m="48169" /> 
2017-01-17 16:14:27 INFO: Meld: pon, who 3
2017-01-17 16:14:28 DEBUG: Get: <G68/> <T86/> 
2017-01-17 16:14:29 DEBUG: Send: <Z />
2017-01-17 16:14:29 INFO: Hand: 235m113p24577s677z
2017-01-17 16:14:29 DEBUG: Send: <D p="130"/>
2017-01-17 16:14:29 INFO: Remaining tiles: 60
2017-01-17 16:14:30 DEBUG: Get: <D130/> <U/> 
2017-01-17 16:14:34 DEBUG: Get: <E106/> <V/> 
2017-01-17 16:14:36 DEBUG: Get: <f116/> <W/> 
2017-01-17 16:14:44 DEBUG: Send: <Z />
2017-01-17 16:14:46 DEBUG: Get: <G114/> <T117/> 
2017-01-17 16:14:47 INFO: Hand: 235m113p24577s377z
2017-01-17 16:14:47 DEBUG: Send: <D p="117"/>
2017-01-17 16:14:47 INFO: Remaining tiles: 56
2017-01-17 16:14:48 DEBUG: Get: <D117/> <U/> 
2017-01-17 16:14:54 DEBUG: Get: <E73/> <V/> 
2017-01-17 16:14:56 DEBUG: Get: <F122/> <W/> 
2017-01-17 16:14:59 DEBUG: Send: <Z />
2017-01-17 16:15:02 DEBUG: Get: <g103/> <T66/> 
2017-01-17 16:15:03 INFO: Hand: 235m1138p24577s77z
2017-01-17 16:15:03 DEBUG: Send: <D p="66"/>
2017-01-17 16:15:03 INFO: Remaining tiles: 52
2017-01-17 16:15:04 DEBUG: Get: <D66/> <U/> 
2017-01-17 16:15:05 DEBUG: Get: <E104/> <V/> 
2017-01-17 16:15:08 DEBUG: Get: <F121/> 
2017-01-17 16:15:10 DEBUG: Get: <W/> 
2017-01-17 16:15:14 DEBUG: Send: <Z />
2017-01-17 16:15:15 DEBUG: Get: <G129/> <T50/> 
2017-01-17 16:15:16 INFO: Hand: 235m1134p24577s77z
2017-01-17 16:15:16 DEBUG: Send: <D p="17"/>
2017-01-17 16:15:16 INFO: Remaining tiles: 48
2017-01-17 16:15:17 DEBUG: Get: <D17/> <U/> 
2017-01-17 16:15:20 DEBUG: Get: <e11/> 
2017-01-17 16:15:22 DEBUG: Get: <V/> 
2017-01-17 16:15:29 DEBUG: Send: <Z />
2017-01-17 16:15:30 DEBUG: Get: <f12/> <W/> 
2017-01-17 16:15:32 DEBUG: Get: <g49/> <T63/> 
2017-01-17 16:15:33 INFO: Hand: 23m11347p24577s77z
2017-01-17 16:15:33 DEBUG: Send: <D p="76"/>
2017-01-17 16:15:33 INFO: Remaining tiles: 44
2017-01-17 16:15:34 DEBUG: Get: <D76/> <U/> 
2017-01-17 16:15:41 DEBUG: Get: <E23/> <V/> 
2017-01-17 16:15:44 DEBUG: Get: <F21/> 
2017-01-17 16:15:44 DEBUG: Send: <Z />
2017-01-17 16:15:50 DEBUG: Get: <N who="3" m="15407" /> 
2017-01-17 16:15:50 INFO: Meld: chi, who 3
2017-01-17 16:15:52 DEBUG: Get: <G7/> <T78/> 
2017-01-17 16:15:53 INFO: Hand: 23m11347p24577s77z
2017-01-17 16:15:53 DEBUG: Send: <D p="78"/>
2017-01-17 16:15:53 INFO: Remaining tiles: 41
2017-01-17 16:15:54 DEBUG: Get: <D78/> <U/> 
2017-01-17 16:15:57 DEBUG: Get: <E60/> <V/> 
2017-01-17 16:15:58 DEBUG: Get: <f125/> <W/> 
2017-01-17 16:15:59 DEBUG: Send: <Z />
2017-01-17 16:16:03 DEBUG: Get: <g118/> <T16/> 
2017-01-17 16:16:04 INFO: Hand: 235m11347p4577s77z
2017-01-17 16:16:04 DEBUG: Send: <D p="16"/>
2017-01-17 16:16:04 INFO: Remaining tiles: 37
2017-01-17 16:16:05 DEBUG: Get: <D16/> 
2017-01-17 16:16:07 DEBUG: Get: <PROF lobby="0" type="1" add="-26.0,0,0,1,0,0,9,0,1,0,1"/> <AGARI ba="0,0" hai="16,22,26,32,35,84,89,93" m="15407,48169" machi="16" ten="30,3900,0" yaku="18,1,52,1,54,1" doraHai="27" who="3" fromWho="0" sc="179,-39,574,0,100,0,147,39" owari="140,-26.0,574,67.0,100,-40.0,186,-1.0" /> 
2017-01-17 16:16:09 DEBUG: Send: <NEXTREADY />
2017-01-17 16:16:09 INFO: Final results: [デムーロルメール (57,400) 67.0, Lucky-L (18,600) -1.0, NoName (14,000) -26.0, 幸腹グラフィティ (10,000) -40.0]
2017-01-17 16:16:09 DEBUG: Send: <BYE />
2017-01-17 16:16:14 INFO: End of the game
