2016-12-15 17:00:34 INFO: Bot AI enabled: True
2016-12-15 17:00:34 DEBUG: Send: <HELO name="NoName" tid="f0" sx="M" />
2016-12-15 17:00:34 DEBUG: Get: <HELO uname="%4E%6F%4E%61%6D%65" auth="20161216-382d47ac" ratingscale="PF3=1.000000&PF4=1.000000&PF01C=0.582222&PF02C=0.501632&PF03C=0.414869&PF11C=0.823386&PF12C=0.709416&PF13C=0.586714&PF23C=0.378722&PF33C=0.535594&PF1C00=8.000000"/> 
2016-12-15 17:00:34 DEBUG: Send: <AUTH val="20161216-ee0257f1"/>
2016-12-15 17:00:34 DEBUG: Send: <PXR V="1" />
2016-12-15 17:00:37 DEBUG: Get: <LN n="zR1sM1Vl1Cx" j="C3C1D1B15B3B1D4B4B4C3B1B12C12C1C2B5C2C1C28B" g="Bc3E1Eo3I1BA4U8Eg4BE12DA4s12s12G1BU2e2h2G1M1e1J1P2G"/> 
2016-12-15 17:00:37 DEBUG: Send: <Z />
2016-12-15 17:00:37 INFO: Successfully authenticated
2016-12-15 17:00:37 DEBUG: Send: <JOIN t="0,1" />
2016-12-15 17:00:37 INFO: Looking for the game...
2016-12-15 17:00:38 DEBUG: Get: <LN n="zR1sN1Vn1DE" j="C3C2C15C1B2B1D4B4B4C3B1B12D12B1C2C5C1B1C1C28B" g="BY3E1Es3I1BA4U8Eg4BA12DA4s12s12J1BU2e2h2G1M1e1J1P2G"/> 
2016-12-15 17:00:38 DEBUG: Send: <PXR V="1" />
2016-12-15 17:00:52 DEBUG: Send: <Z />
2016-12-15 17:00:52 DEBUG: Get: <LN n="zT1sP1Vh1DB" j="D3C1B1C15C1B2B1D4B4B7B1B12D12B1C2C5C1B2C28B" g="BY3E1Es3I1BA4U8Eg4BE12DE4s12s12J1BU2e2h2G1M1b1M1P2G"/> 
2016-12-15 17:00:52 DEBUG: Send: <PXR V="1" />
2016-12-15 17:00:59 DEBUG: Get: <REJOIN t="0,1,r"/> 
2016-12-15 17:00:59 DEBUG: Send: <JOIN t="0,1,r" />
2016-12-15 17:01:00 DEBUG: Get: <GO type="1" lobby="0" gpid="B26F05D4-360DA66B"/> <UN n0="%4E%6F%4E%61%6D%65" n1="%63%68%61%6E%73%68%65" n2="%E7%8E%89%E7%BF%81%E6%AE%BF%E5%8F%B8" n3="%41%79%65%73%73" dan="0,12,5,9" rate="1500.00,1734.94,1609.60,1423.41" sx="M,M,M,M"/> <TAIKYOKU oya="0" log="2016121602gm-0001-0000-948e8b46"/> 
2016-12-15 17:01:00 DEBUG: Send: <GOK />
2016-12-15 17:01:00 DEBUG: Send: <NEXTREADY />
2016-12-15 17:01:00 INFO: Game started
2016-12-15 17:01:00 INFO: Log: http://tenhou.net/0/?log=2016121602gm-0001-0000-948e8b46&tw=0
2016-12-15 17:01:00 INFO: Players: [NoName (新人), chanshe (三段), 玉翁殿司 (5級), Ayess (1級)]
2016-12-15 17:01:07 DEBUG: Send: <Z />
2016-12-15 17:01:07 DEBUG: Get: <INIT seed="0,0,0,5,4,117" ten="250,250,250,250" oya="0" hai="103,43,135,48,37,40,62,101,91,39,19,96,5"/> <T111/> 
2016-12-15 17:01:07 INFO: Round: 0, Honba: 0, Dora Indicators: [117]
2016-12-15 17:01:07 INFO: Players: [NoName (25,000), chanshe (25,000), 玉翁殿司 (25,000), Ayess (25,000)]
2016-12-15 17:01:07 INFO: Dealer: NoName (25,000)
2016-12-15 17:01:07 INFO: Round  wind: East
2016-12-15 17:01:07 INFO: Player wind: East
2016-12-15 17:01:08 INFO: Hand: 25m112247p5788s17z
2016-12-15 17:01:08 DEBUG: Send: <D p="5"/>
2016-12-15 17:01:08 INFO: Remaining tiles: 69
2016-12-15 17:01:09 DEBUG: Get: <D5/> 
2016-12-15 17:01:13 DEBUG: Get: <U/> 
2016-12-15 17:01:16 DEBUG: Get: <E119/> <V/> 
2016-12-15 17:01:17 DEBUG: Get: <F116/> <W/> 
2016-12-15 17:01:22 DEBUG: Get: <G114/> <T49/> 
2016-12-15 17:01:22 DEBUG: Send: <Z />
2016-12-15 17:01:23 INFO: Hand: 5m1122447p5788s17z
2016-12-15 17:01:23 DEBUG: Send: <D p="19"/>
2016-12-15 17:01:23 INFO: Remaining tiles: 65
2016-12-15 17:01:24 DEBUG: Get: <D19/> 
2016-12-15 17:01:25 DEBUG: Get: <U/> 
2016-12-15 17:01:28 DEBUG: Get: <E129/> <V/> 
2016-12-15 17:01:30 DEBUG: Get: <F1/> <W/> 
2016-12-15 17:01:32 DEBUG: Get: <G126/> <T22/> 
2016-12-15 17:01:33 INFO: Hand: 6m1122447p5788s17z
2016-12-15 17:01:33 DEBUG: Send: <D p="22"/>
2016-12-15 17:01:33 INFO: Remaining tiles: 61
2016-12-15 17:01:34 DEBUG: Get: <D22/> <U/> 
2016-12-15 17:01:37 DEBUG: Send: <Z />
2016-12-15 17:01:39 DEBUG: Get: <E132/> <V/> 
2016-12-15 17:01:41 DEBUG: Get: <F127/> <W/> 
2016-12-15 17:01:43 DEBUG: Get: <G134/> <T122/> 
2016-12-15 17:01:44 INFO: Hand: 1122447p5788s147z
2016-12-15 17:01:44 DEBUG: Send: <D p="62"/>
2016-12-15 17:01:44 INFO: Remaining tiles: 57
2016-12-15 17:01:45 DEBUG: Get: <D62/> 
2016-12-15 17:01:46 DEBUG: Get: <U/> 
2016-12-15 17:01:50 DEBUG: Get: <E34/> 
2016-12-15 17:01:51 DEBUG: Get: <V/> 
2016-12-15 17:01:52 DEBUG: Send: <Z />
2016-12-15 17:01:54 DEBUG: Get: <F112/> <W/> 
2016-12-15 17:02:02 DEBUG: Get: <G29/> <T79/> 
2016-12-15 17:02:03 INFO: Hand: 112244p25788s147z
2016-12-15 17:02:03 DEBUG: Send: <D p="79"/>
2016-12-15 17:02:03 INFO: Remaining tiles: 53
2016-12-15 17:02:04 DEBUG: Get: <D79/> <U/> 
2016-12-15 17:02:07 DEBUG: Send: <Z />
2016-12-15 17:02:10 DEBUG: Get: <E84/> 
2016-12-15 17:02:11 DEBUG: Get: <V/> 
2016-12-15 17:02:12 DEBUG: Get: <f133/> <W/> 
2016-12-15 17:02:17 DEBUG: Get: <G74/> <T55/> 
2016-12-15 17:02:18 INFO: Hand: 1122445p5788s147z
2016-12-15 17:02:18 DEBUG: Send: <D p="91"/>
2016-12-15 17:02:18 INFO: Remaining tiles: 49
2016-12-15 17:02:19 DEBUG: Get: <D91/> 
2016-12-15 17:02:20 DEBUG: Get: <U/> 
2016-12-15 17:02:22 DEBUG: Send: <Z />
2016-12-15 17:02:25 DEBUG: Get: <e51 t="1"/> 
2016-12-15 17:02:26 DEBUG: Send: <N />
2016-12-15 17:02:27 DEBUG: Get: <V/> 
2016-12-15 17:02:28 DEBUG: Get: <F113/> <W/> 
2016-12-15 17:02:32 DEBUG: Get: <G83/> <T100/> 
2016-12-15 17:02:33 INFO: Hand: 1122445p7888s147z
2016-12-15 17:02:33 DEBUG: Send: <D p="111"/>
2016-12-15 17:02:33 INFO: Remaining tiles: 45
2016-12-15 17:02:34 DEBUG: Get: <D111/> <U/> 
2016-12-15 17:02:35 DEBUG: Get: <e41 t="1"/> 
2016-12-15 17:02:36 DEBUG: Send: <N />
2016-12-15 17:02:37 DEBUG: Send: <Z />
2016-12-15 17:02:37 DEBUG: Get: <V/> 
2016-12-15 17:02:40 DEBUG: Get: <f11/> 
2016-12-15 17:02:41 DEBUG: Get: <W/> 
2016-12-15 17:02:45 DEBUG: Get: <G106 t="4"/> 
2016-12-15 17:02:46 DEBUG: Send: <N />
2016-12-15 17:02:47 DEBUG: Get: <T109/> 
2016-12-15 17:02:48 INFO: Hand: 1122445p7888s147z
2016-12-15 17:02:48 DEBUG: Send: <D p="109"/>
2016-12-15 17:02:48 INFO: Remaining tiles: 41
2016-12-15 17:02:49 DEBUG: Get: <D109/> <U/> 
2016-12-15 17:02:52 DEBUG: Send: <Z />
2016-12-15 17:02:55 DEBUG: Get: <E56/> <V/> 
2016-12-15 17:02:57 DEBUG: Get: <F69/> <W/> 
2016-12-15 17:02:59 DEBUG: Get: <G107 t="4"/> 
2016-12-15 17:03:00 DEBUG: Send: <N />
2016-12-15 17:03:01 DEBUG: Get: <T3/> 
2016-12-15 17:03:02 INFO: Hand: 1m1122445p7888s47z
2016-12-15 17:03:02 DEBUG: Send: <D p="3"/>
2016-12-15 17:03:02 INFO: Remaining tiles: 37
2016-12-15 17:03:03 DEBUG: Get: <D3/> 
2016-12-15 17:03:04 DEBUG: Get: <U/> 
2016-12-15 17:03:07 DEBUG: Send: <Z />
2016-12-15 17:03:08 DEBUG: Get: <E105/> <V/> 
2016-12-15 17:03:10 DEBUG: Get: <f131/> <W/> 
2016-12-15 17:03:15 DEBUG: Get: <G38 t="1"/> 
2016-12-15 17:03:16 DEBUG: Send: <N />
2016-12-15 17:03:17 DEBUG: Get: <T108/> 
2016-12-15 17:03:18 INFO: Hand: 1122445p7888s147z
2016-12-15 17:03:18 DEBUG: Send: <D p="108"/>
2016-12-15 17:03:18 INFO: Remaining tiles: 33
2016-12-15 17:03:19 DEBUG: Get: <D108/> <U/> 
2016-12-15 17:03:21 DEBUG: Get: <e72/> 
2016-12-15 17:03:22 DEBUG: Get: <V/> 
2016-12-15 17:03:22 DEBUG: Send: <Z />
2016-12-15 17:03:25 DEBUG: Get: <F47/> 
2016-12-15 17:03:27 DEBUG: Get: <W/> 
2016-12-15 17:03:30 DEBUG: Get: <G8/> 
2016-12-15 17:03:31 DEBUG: Get: <T6/> 
2016-12-15 17:03:32 INFO: Hand: 2m1122445p7888s47z
2016-12-15 17:03:32 DEBUG: Send: <D p="6"/>
2016-12-15 17:03:32 INFO: Remaining tiles: 29
2016-12-15 17:03:33 DEBUG: Get: <D6/> 
2016-12-15 17:03:34 DEBUG: Get: <U/> 
2016-12-15 17:03:35 DEBUG: Get: <REACH who="1" step="1"/> 
2016-12-15 17:03:36 DEBUG: Get: <E71/> 
2016-12-15 17:03:37 DEBUG: Get: <REACH who="1" ten="250,240,250,250" step="2"/> <V/> 
2016-12-15 17:03:37 INFO: Riichi called by 1 player
2016-12-15 17:03:37 DEBUG: Send: <Z />
2016-12-15 17:03:43 DEBUG: Get: <F85/> <W/> 
2016-12-15 17:03:46 DEBUG: Get: <g87/> <T81/> 
2016-12-15 17:03:47 INFO: Hand: 1122445p37888s47z
2016-12-15 17:03:47 DEBUG: Send: <D p="81"/>
2016-12-15 17:03:47 INFO: Remaining tiles: 25
2016-12-15 17:03:48 DEBUG: Get: <D81/> <U/> 
2016-12-15 17:03:49 DEBUG: Get: <e24/> <V/> 
2016-12-15 17:03:51 DEBUG: Get: <f128/> <W/> 
2016-12-15 17:03:52 DEBUG: Send: <Z />
2016-12-15 17:03:54 DEBUG: Get: <g104 t="4"/> 
2016-12-15 17:03:55 DEBUG: Send: <N />
2016-12-15 17:03:56 DEBUG: Get: <T125/> 
2016-12-15 17:03:57 INFO: Hand: 1122445p7888s457z
2016-12-15 17:03:57 DEBUG: Send: <D p="122"/>
2016-12-15 17:03:57 INFO: Remaining tiles: 21
2016-12-15 17:03:58 DEBUG: Get: <D122/> <U/> 
2016-12-15 17:03:59 DEBUG: Get: <e86/> 
2016-12-15 17:04:00 DEBUG: Get: <V/> 
2016-12-15 17:04:01 DEBUG: Get: <F68/> <W/> 
2016-12-15 17:04:04 DEBUG: Get: <g36 t="1"/> 
2016-12-15 17:04:05 DEBUG: Send: <N />
2016-12-15 17:04:06 DEBUG: Get: <T80/> 
2016-12-15 17:04:07 INFO: Hand: 1122445p37888s57z
2016-12-15 17:04:07 DEBUG: Send: <D p="80"/>
2016-12-15 17:04:07 INFO: Remaining tiles: 17
2016-12-15 17:04:07 DEBUG: Send: <Z />
2016-12-15 17:04:08 DEBUG: Get: <D80/> <U/> 
2016-12-15 17:04:09 DEBUG: Get: <e59/> 
2016-12-15 17:04:10 DEBUG: Get: <V/> 
2016-12-15 17:04:13 DEBUG: Get: <f73/> <W/> 
2016-12-15 17:04:18 DEBUG: Get: <g60/> <T120/> 
2016-12-15 17:04:19 INFO: Hand: 1122445p7888s457z
2016-12-15 17:04:19 DEBUG: Send: <D p="120"/>
2016-12-15 17:04:19 INFO: Remaining tiles: 13
2016-12-15 17:04:20 DEBUG: Get: <D120/> <U/> 
2016-12-15 17:04:21 DEBUG: Get: <e115/> <V/> 
2016-12-15 17:04:22 DEBUG: Send: <Z />
2016-12-15 17:04:24 DEBUG: Get: <F35/> <W/> 
2016-12-15 17:04:27 DEBUG: Get: <g70/> <T130/> 
2016-12-15 17:04:28 INFO: Hand: 1122445p7888s567z
2016-12-15 17:04:28 DEBUG: Send: <D p="40"/>
2016-12-15 17:04:28 INFO: Remaining tiles: 9
2016-12-15 17:04:29 DEBUG: Get: <D40/> <U/> 
2016-12-15 17:04:30 DEBUG: Get: <e98/> 
2016-12-15 17:04:31 DEBUG: Get: <N who="2" m="59719" /> 
2016-12-15 17:04:31 INFO: Meld: chi, who 2
2016-12-15 17:04:34 DEBUG: Get: <F32/> <W/> 
2016-12-15 17:04:36 DEBUG: Get: <g118/> <T90/> 
2016-12-15 17:04:37 INFO: Hand: 112445p57888s567z
2016-12-15 17:04:37 DEBUG: Send: <D p="90"/>
2016-12-15 17:04:37 INFO: Remaining tiles: 6
2016-12-15 17:04:37 DEBUG: Send: <Z />
2016-12-15 17:04:38 DEBUG: Get: <D90/> <U/> 
2016-12-15 17:04:39 DEBUG: Get: <e95/> <V/> 
2016-12-15 17:04:42 DEBUG: Get: <F82/> <W/> 
2016-12-15 17:04:44 DEBUG: Get: <g121/> <T27/> 
2016-12-15 17:04:45 INFO: Hand: 7m112445p7888s567z
2016-12-15 17:04:45 DEBUG: Send: <D p="27"/>
2016-12-15 17:04:45 INFO: Remaining tiles: 2
2016-12-15 17:04:46 DEBUG: Get: <D27/> <U/> 
2016-12-15 17:04:47 DEBUG: Get: <e30/> 
2016-12-15 17:04:48 DEBUG: Get: <AGARI ba="0,1" hai="12,14,21,25,30,57,61,64,76,77,78" m="59719" machi="30" ten="30,2000,0" yaku="25,1,8,1" doraHai="117" who="2" fromWho="1" sc="250,0,240,-20,250,30,250,0" /> 
2016-12-15 17:04:50 DEBUG: Send: <NEXTREADY />
2016-12-15 17:04:52 DEBUG: Send: <Z />
2016-12-15 17:04:53 DEBUG: Get: <INIT seed="1,0,0,3,4,9" ten="250,220,280,250" oya="1" hai="129,11,44,31,64,93,58,67,113,63,65,68,102"/> <U/> 
2016-12-15 17:04:53 INFO: Round: 1, Honba: 0, Dora Indicators: [9]
2016-12-15 17:04:53 INFO: Players: [玉翁殿司 (28,000), NoName (25,000), Ayess (25,000), chanshe (22,000)]
2016-12-15 17:04:53 INFO: Dealer: chanshe (22,000)
2016-12-15 17:04:53 INFO: Round  wind: East
2016-12-15 17:04:53 INFO: Player wind: North
2016-12-15 17:04:59 DEBUG: Get: <E119/> <V/> 
2016-12-15 17:05:00 DEBUG: Get: <F120/> <W/> 
2016-12-15 17:05:02 DEBUG: Get: <G109/> <T74/> 
2016-12-15 17:05:03 INFO: Hand: 38m3678889p168s26z
2016-12-15 17:05:03 DEBUG: Send: <D p="11"/>
2016-12-15 17:05:03 INFO: Remaining tiles: 66
2016-12-15 17:05:04 DEBUG: Get: <D11/> <U/> 
2016-12-15 17:05:06 DEBUG: Get: <E114/> <V/> 
2016-12-15 17:05:07 DEBUG: Send: <Z />
2016-12-15 17:05:08 DEBUG: Get: <F115/> <W/> 
2016-12-15 17:05:09 DEBUG: Get: <G112/> <T23/> 
2016-12-15 17:05:10 INFO: Hand: 68m3678889p168s26z
2016-12-15 17:05:10 DEBUG: Send: <D p="23"/>
2016-12-15 17:05:10 INFO: Remaining tiles: 62
2016-12-15 17:05:11 DEBUG: Get: <D23/> 
2016-12-15 17:05:12 DEBUG: Get: <U/> 
2016-12-15 17:05:14 DEBUG: Get: <e123/> <V/> 
2016-12-15 17:05:16 DEBUG: Get: <F128/> <W/> 
2016-12-15 17:05:17 DEBUG: Get: <G118/> <T15/> 
2016-12-15 17:05:18 INFO: Hand: 48m3678889p168s26z
2016-12-15 17:05:18 DEBUG: Send: <D p="15"/>
2016-12-15 17:05:18 INFO: Remaining tiles: 58
2016-12-15 17:05:19 DEBUG: Get: <D15/> 
2016-12-15 17:05:20 DEBUG: Get: <U/> 
2016-12-15 17:05:22 DEBUG: Send: <Z />
2016-12-15 17:05:24 DEBUG: Get: <E131/> <V/> 
2016-12-15 17:05:26 DEBUG: Get: <F125/> <W/> 
2016-12-15 17:05:27 DEBUG: Get: <G121/> <T133/> 
2016-12-15 17:05:28 INFO: Hand: 8m3678889p168s267z
2016-12-15 17:05:28 DEBUG: Send: <D p="31"/>
2016-12-15 17:05:28 INFO: Remaining tiles: 54
2016-12-15 17:05:29 DEBUG: Get: <D31/> 
2016-12-15 17:05:30 DEBUG: Get: <U/> 
2016-12-15 17:05:37 DEBUG: Get: <E66 t="3"/> 
2016-12-15 17:05:37 DEBUG: Send: <Z />
2016-12-15 17:05:38 DEBUG: Send: <N />
2016-12-15 17:05:39 DEBUG: Get: <V/> 
2016-12-15 17:05:46 DEBUG: Get: <F39/> 
2016-12-15 17:05:48 DEBUG: Get: <W/> 
2016-12-15 17:05:50 DEBUG: Get: <G106/> 
2016-12-15 17:05:51 DEBUG: Get: <T117/> 
2016-12-15 17:05:52 INFO: Hand: 3678889p168s2367z
2016-12-15 17:05:52 DEBUG: Send: <D p="44"/>
2016-12-15 17:05:52 INFO: Remaining tiles: 50
2016-12-15 17:05:52 DEBUG: Send: <Z />
2016-12-15 17:05:53 DEBUG: Get: <D44/> 
2016-12-15 17:05:54 DEBUG: Get: <U/> 
2016-12-15 17:06:00 DEBUG: Get: <E38/> <V/> 
2016-12-15 17:06:03 DEBUG: Get: <F18/> <W/> 
2016-12-15 17:06:06 DEBUG: Get: <G60 t="4"/> 
2016-12-15 17:06:07 DEBUG: Send: <N />
2016-12-15 17:06:07 DEBUG: Send: <Z />
2016-12-15 17:06:08 DEBUG: Get: <T26/> 
2016-12-15 17:06:09 INFO: Hand: 7m678889p168s2367z
2016-12-15 17:06:09 DEBUG: Send: <D p="26"/>
2016-12-15 17:06:09 INFO: Remaining tiles: 46
2016-12-15 17:06:10 DEBUG: Get: <D26/> 
2016-12-15 17:06:11 DEBUG: Get: <N who="1" m="9771" /> 
2016-12-15 17:06:11 INFO: Meld: pon, who 1
2016-12-15 17:06:13 DEBUG: Get: <E35/> <V/> 
2016-12-15 17:06:15 DEBUG: Get: <f20/> <W/> 
2016-12-15 17:06:17 DEBUG: Get: <G33/> <T85/> 
2016-12-15 17:06:18 INFO: Hand: 678889p1468s2367z
2016-12-15 17:06:18 DEBUG: Send: <D p="74"/>
2016-12-15 17:06:18 INFO: Remaining tiles: 43
2016-12-15 17:06:19 DEBUG: Get: <D74/> <U/> 
2016-12-15 17:06:22 DEBUG: Send: <Z />
2016-12-15 17:06:22 DEBUG: Get: <E43/> <V/> 
2016-12-15 17:06:24 DEBUG: Get: <F46/> 
2016-12-15 17:06:26 DEBUG: Get: <W/> 
2016-12-15 17:06:30 DEBUG: Get: <G28/> <T110/> 
2016-12-15 17:06:31 INFO: Hand: 678889p468s12367z
2016-12-15 17:06:31 DEBUG: Send: <D p="85"/>
2016-12-15 17:06:31 INFO: Remaining tiles: 39
2016-12-15 17:06:32 DEBUG: Get: <D85/> 
2016-12-15 17:06:33 DEBUG: Get: <U/> 
2016-12-15 17:06:37 DEBUG: Get: <e57/> 
2016-12-15 17:06:37 DEBUG: Send: <Z />
2016-12-15 17:06:38 DEBUG: Get: <V/> 
2016-12-15 17:06:39 DEBUG: Get: <REACH who="2" step="1"/> 
2016-12-15 17:06:40 DEBUG: Get: <F80/> 
2016-12-15 17:06:41 DEBUG: Get: <REACH who="2" ten="250,220,270,250" step="2"/> <W/> 
2016-12-15 17:06:41 INFO: Riichi called by 2 player
2016-12-15 17:06:43 DEBUG: Get: <REACH who="3" step="1"/> 
2016-12-15 17:06:44 DEBUG: Get: <G5/> <REACH who="3" ten="250,220,270,240" step="2"/> <T32/> 
2016-12-15 17:06:44 INFO: Riichi called by 3 player
2016-12-15 17:06:45 INFO: Hand: 9m678889p68s12367z
2016-12-15 17:06:45 DEBUG: Send: <D p="32"/>
2016-12-15 17:06:45 INFO: Remaining tiles: 35
2016-12-15 17:06:46 DEBUG: Get: <D32/> <U/> 
2016-12-15 17:06:49 DEBUG: Get: <e4/> 
2016-12-15 17:06:51 DEBUG: Get: <V/> 
2016-12-15 17:06:52 DEBUG: Get: <f55/> <W/> 
2016-12-15 17:06:52 DEBUG: Send: <Z />
2016-12-15 17:06:53 DEBUG: Get: <g78/> <T2/> 
2016-12-15 17:06:54 INFO: Hand: 1m678889p68s12367z
2016-12-15 17:06:54 DEBUG: Send: <D p="2"/>
2016-12-15 17:06:54 INFO: Remaining tiles: 31
2016-12-15 17:06:55 DEBUG: Get: <D2/> <U/> 
2016-12-15 17:06:56 DEBUG: Get: <e0/> <V/> 
2016-12-15 17:06:58 DEBUG: Get: <f71/> <W/> 
2016-12-15 17:06:59 DEBUG: Get: <g42/> <T127/> 
2016-12-15 17:07:00 INFO: Hand: 678889p68s123567z
2016-12-15 17:07:00 DEBUG: Send: <D p="93"/>
2016-12-15 17:07:00 INFO: Remaining tiles: 27
2016-12-15 17:07:01 DEBUG: Get: <D93/> 
2016-12-15 17:07:02 DEBUG: Get: <AGARI ba="0,2" hai="14,16,22,36,40,45,48,50,72,77,83,84,90,93" machi="93" ten="30,8000,1" yaku="1,1,7,1,52,1,54,1,53,1" doraHai="9" doraHaiUra="75" who="3" fromWho="0" sc="250,-80,220,0,270,0,240,100" /> 
2016-12-15 17:07:04 DEBUG: Send: <NEXTREADY />
2016-12-15 17:07:07 DEBUG: Send: <Z />
2016-12-15 17:07:13 DEBUG: Get: <INIT seed="2,0,0,0,3,63" ten="170,220,270,340" oya="2" hai="32,115,128,66,135,24,17,77,11,45,34,120,1"/> <V/> 
2016-12-15 17:07:13 INFO: Round: 2, Honba: 0, Dora Indicators: [63]
2016-12-15 17:07:13 INFO: Players: [Ayess (34,000), 玉翁殿司 (27,000), chanshe (22,000), NoName (17,000)]
2016-12-15 17:07:13 INFO: Dealer: 玉翁殿司 (27,000)
2016-12-15 17:07:13 INFO: Round  wind: East
2016-12-15 17:07:13 INFO: Player wind: West
2016-12-15 17:07:22 DEBUG: Get: <F49/> <W/> 
2016-12-15 17:07:22 DEBUG: Send: <Z />
2016-12-15 17:07:24 DEBUG: Get: <G117/> <T40/> 
2016-12-15 17:07:25 INFO: Hand: 135799m238p2s2467z
2016-12-15 17:07:25 DEBUG: Send: <D p="1"/>
2016-12-15 17:07:25 INFO: Remaining tiles: 67
2016-12-15 17:07:26 DEBUG: Get: <D1/> <U/> 
2016-12-15 17:07:28 DEBUG: Get: <E113/> 
2016-12-15 17:07:30 DEBUG: Get: <N who="3" m="43626" /> 
2016-12-15 17:07:30 INFO: Meld: pon, who 3
2016-12-15 17:07:31 DEBUG: Get: <G122/> <T127/> 
2016-12-15 17:07:32 INFO: Hand: 35799m238p2s24567z
2016-12-15 17:07:32 DEBUG: Send: <D p="11"/>
2016-12-15 17:07:32 INFO: Remaining tiles: 65
2016-12-15 17:07:33 DEBUG: Get: <D11/> 
2016-12-15 17:07:36 DEBUG: Get: <N who="3" m="4169" /> 
2016-12-15 17:07:36 INFO: Meld: pon, who 3
2016-12-15 17:07:37 DEBUG: Send: <Z />
2016-12-15 17:07:38 DEBUG: Get: <G98/> <T88/> 
2016-12-15 17:07:39 INFO: Hand: 5799m238p25s24567z
2016-12-15 17:07:39 DEBUG: Send: <D p="17"/>
2016-12-15 17:07:39 INFO: Remaining tiles: 64
2016-12-15 17:07:40 DEBUG: Get: <D17/> <U/> 
2016-12-15 17:07:42 DEBUG: Get: <e121/> <V/> 
2016-12-15 17:07:44 DEBUG: Get: <REACH who="2" step="1"/> 
2016-12-15 17:07:45 DEBUG: Get: <F64/> <REACH who="2" ten="170,220,260,340" step="2"/> <W/> 
2016-12-15 17:07:45 INFO: Riichi called by 2 player
2016-12-15 17:07:48 DEBUG: Get: <G19/> <T26/> 
2016-12-15 17:07:49 INFO: Hand: 7799m238p25s24567z
2016-12-15 17:07:49 DEBUG: Send: <D p="66"/>
2016-12-15 17:07:49 INFO: Remaining tiles: 60
2016-12-15 17:07:50 DEBUG: Get: <D66/> <U/> 
2016-12-15 17:07:52 DEBUG: Send: <Z />
2016-12-15 17:07:54 DEBUG: Get: <E0/> <V/> 
2016-12-15 17:07:55 DEBUG: Get: <f111/> <W/> 
2016-12-15 17:07:58 DEBUG: Get: <g96/> <T129/> 
2016-12-15 17:07:59 INFO: Hand: 7799m23p25s245667z
2016-12-15 17:07:59 DEBUG: Send: <D p="77"/>
2016-12-15 17:07:59 INFO: Remaining tiles: 56
2016-12-15 17:08:00 DEBUG: Get: <D77/> <U/> 
2016-12-15 17:08:01 DEBUG: Get: <E71/> <V/> 
2016-12-15 17:08:03 DEBUG: Get: <f30/> <W/> 
2016-12-15 17:08:05 DEBUG: Get: <G134/> <T29/> 
2016-12-15 17:08:06 INFO: Hand: 77899m23p5s245667z
2016-12-15 17:08:06 DEBUG: Send: <D p="88"/>
2016-12-15 17:08:06 INFO: Remaining tiles: 52
2016-12-15 17:08:07 DEBUG: Get: <D88/> <U/> 
2016-12-15 17:08:07 DEBUG: Send: <Z />
2016-12-15 17:08:08 DEBUG: Get: <e119/> <V/> 
2016-12-15 17:08:11 DEBUG: Get: <f46/> 
2016-12-15 17:08:13 DEBUG: Get: <W/> 
2016-12-15 17:08:15 DEBUG: Get: <G91/> <T50/> 
2016-12-15 17:08:16 INFO: Hand: 77899m234p245667z
2016-12-15 17:08:16 DEBUG: Send: <D p="115"/>
2016-12-15 17:08:16 INFO: Remaining tiles: 48
2016-12-15 17:08:17 DEBUG: Get: <D115/> <U/> 
2016-12-15 17:08:22 DEBUG: Get: <e89/> <V/> 
2016-12-15 17:08:22 DEBUG: Send: <Z />
2016-12-15 17:08:24 DEBUG: Get: <f131 t="1"/> 
2016-12-15 17:08:25 DEBUG: Send: <N />
2016-12-15 17:08:26 DEBUG: Get: <W/> 
2016-12-15 17:08:28 DEBUG: Get: <G51 t="4"/> 
2016-12-15 17:08:29 DEBUG: Send: <N />
2016-12-15 17:08:30 DEBUG: Get: <T94/> 
2016-12-15 17:08:31 INFO: Hand: 77899m234p6s45667z
2016-12-15 17:08:31 DEBUG: Send: <D p="94"/>
2016-12-15 17:08:31 INFO: Remaining tiles: 44
2016-12-15 17:08:32 DEBUG: Get: <D94/> <U/> 
2016-12-15 17:08:33 DEBUG: Get: <E130 t="1"/> 
2016-12-15 17:08:34 DEBUG: Send: <N />
2016-12-15 17:08:35 DEBUG: Get: <V/> 
2016-12-15 17:08:36 DEBUG: Get: <f2/> <W/> 
2016-12-15 17:08:37 DEBUG: Send: <Z />
2016-12-15 17:08:39 DEBUG: Get: <g48 t="4"/> 
2016-12-15 17:08:40 DEBUG: Send: <N />
2016-12-15 17:08:41 DEBUG: Get: <T84/> 
2016-12-15 17:08:42 INFO: Hand: 77899m234p4s45667z
2016-12-15 17:08:42 DEBUG: Send: <D p="84"/>
2016-12-15 17:08:42 INFO: Remaining tiles: 40
2016-12-15 17:08:43 DEBUG: Get: <D84/> 
2016-12-15 17:08:44 DEBUG: Get: <U/> 
2016-12-15 17:08:48 DEBUG: Get: <E87/> <V/> 
2016-12-15 17:08:49 DEBUG: Get: <f107/> <W/> 
2016-12-15 17:08:51 DEBUG: Get: <g35 t="5"/> 
2016-12-15 17:08:52 DEBUG: Send: <Z />
2016-12-15 17:08:52 DEBUG: Send: <N />
2016-12-15 17:08:53 DEBUG: Get: <AGARI ba="0,1" hai="4,6,7,10,14,25,31,35,73,79,82,99,100,104" machi="35" ten="30,2900,0" yaku="1,1,7,1,53,0" doraHai="63" doraHaiUra="61" who="2" fromWho="3" sc="170,0,220,0,260,39,340,-29" /> 
2016-12-15 17:08:55 DEBUG: Send: <NEXTREADY />
2016-12-15 17:09:00 DEBUG: Get: <INIT seed="2,1,0,1,5,11" ten="170,220,299,311" oya="2" hai="54,121,50,8,125,18,91,93,126,74,124,82,81"/> <V/> 
2016-12-15 17:09:00 INFO: Round: 2, Honba: 1, Dora Indicators: [11]
2016-12-15 17:09:00 INFO: Players: [Ayess (31,100), 玉翁殿司 (29,900), chanshe (22,000), NoName (17,000)]
2016-12-15 17:09:00 INFO: Dealer: 玉翁殿司 (29,900)
2016-12-15 17:09:00 INFO: Round  wind: East
2016-12-15 17:09:00 INFO: Player wind: West
2016-12-15 17:09:07 DEBUG: Get: <F116/> <W/> 
2016-12-15 17:09:07 DEBUG: Send: <Z />
2016-12-15 17:09:09 DEBUG: Get: <G111/> <T15/> 
2016-12-15 17:09:10 INFO: Hand: 345m45p13356s4555z
2016-12-15 17:09:10 DEBUG: Send: <D p="74"/>
2016-12-15 17:09:10 INFO: Remaining tiles: 67
2016-12-15 17:09:11 DEBUG: Get: <D74/> <U/> 
2016-12-15 17:09:12 DEBUG: Get: <E108/> <V/> 
2016-12-15 17:09:15 DEBUG: Get: <F2/> <W/> 
2016-12-15 17:09:17 DEBUG: Get: <G122/> <T49/> 
2016-12-15 17:09:18 INFO: Hand: 345m445p3356s4555z
2016-12-15 17:09:18 DEBUG: Send: <D p="121"/>
2016-12-15 17:09:18 INFO: Remaining tiles: 63
2016-12-15 17:09:19 DEBUG: Get: <D121/> <U/> 
2016-12-15 17:09:20 DEBUG: Get: <E123/> <V/> 
2016-12-15 17:09:22 DEBUG: Get: <f100/> 
2016-12-15 17:09:22 DEBUG: Send: <Z />
2016-12-15 17:09:25 DEBUG: Get: <N who="3" m="62471" /> 
2016-12-15 17:09:25 INFO: Meld: chi, who 3
2016-12-15 17:09:26 DEBUG: Get: <G135/> <T117/> 
2016-12-15 17:09:27 INFO: Hand: 345m445p3356s3555z
2016-12-15 17:09:27 DEBUG: Send: <D p="117"/>
2016-12-15 17:09:27 INFO: Remaining tiles: 60
2016-12-15 17:09:28 DEBUG: Get: <D117/> <U/> 
2016-12-15 17:09:33 DEBUG: Get: <E7/> 
2016-12-15 17:09:34 DEBUG: Get: <V/> 
2016-12-15 17:09:35 DEBUG: Get: <f134/> <W/> 
2016-12-15 17:09:37 DEBUG: Send: <Z />
2016-12-15 17:09:38 DEBUG: Get: <g133/> <T119/> 
2016-12-15 17:09:39 INFO: Hand: 345m445p3356s3555z
2016-12-15 17:09:39 DEBUG: Send: <D p="119"/>
2016-12-15 17:09:39 INFO: Remaining tiles: 56
2016-12-15 17:09:40 DEBUG: Get: <D119/> <U/> 
2016-12-15 17:09:42 DEBUG: Get: <E3/> <V/> 
2016-12-15 17:09:48 DEBUG: Get: <F48 t="1"/> 
2016-12-15 17:09:49 DEBUG: Send: <N />
2016-12-15 17:09:50 DEBUG: Get: <W/> 
2016-12-15 17:09:52 DEBUG: Get: <G58 t="4"/> 
2016-12-15 17:09:52 DEBUG: Send: <Z />
2016-12-15 17:09:53 DEBUG: Send: <N />
2016-12-15 17:09:54 DEBUG: Get: <T98 t="32"/> 
2016-12-15 17:09:55 INFO: Hand: 345m445p33567s555z
2016-12-15 17:09:55 DEBUG: Send: <D p="81"/>
2016-12-15 17:09:55 INFO: Remaining tiles: 52
2016-12-15 17:09:56 DEBUG: Get: <D81/> 
2016-12-15 17:09:57 DEBUG: Get: <U/> 
2016-12-15 17:09:58 DEBUG: Get: <e72/> <V/> 
2016-12-15 17:10:00 DEBUG: Get: <f99/> <W/> 
2016-12-15 17:10:05 DEBUG: Get: <G23 t="4"/> 
2016-12-15 17:10:06 DEBUG: Send: <N />
2016-12-15 17:10:07 DEBUG: Get: <T92/> 
2016-12-15 17:10:07 DEBUG: Send: <Z />
2016-12-15 17:10:08 INFO: Hand: 345m445p35667s555z
2016-12-15 17:10:08 DEBUG: Send: <D p="82"/>
2016-12-15 17:10:08 INFO: Remaining tiles: 48
2016-12-15 17:10:09 DEBUG: Get: <D82/> 
2016-12-15 17:10:10 DEBUG: Get: <U/> 
2016-12-15 17:10:14 DEBUG: Get: <E84/> <V/> 
2016-12-15 17:10:18 DEBUG: Get: <F19/> <W/> 
2016-12-15 17:10:20 DEBUG: Get: <g87 t="4"/> 
2016-12-15 17:10:21 DEBUG: Send: <N />
2016-12-15 17:10:22 DEBUG: Get: <T120/> 
2016-12-15 17:10:22 DEBUG: Send: <Z />
2016-12-15 17:10:23 INFO: Hand: 345m445p5667s4555z
2016-12-15 17:10:23 DEBUG: Send: <D p="120"/>
2016-12-15 17:10:23 INFO: Remaining tiles: 44
2016-12-15 17:10:24 DEBUG: Get: <D120/> <U/> 
2016-12-15 17:10:26 DEBUG: Get: <REACH who="1" step="1"/> 
2016-12-15 17:10:27 DEBUG: Get: <E79/> <REACH who="1" ten="170,210,299,311" step="2"/> <V/> 
2016-12-15 17:10:27 INFO: Riichi called by 1 player
2016-12-15 17:10:31 DEBUG: Get: <F115/> <W/> 
2016-12-15 17:10:35 DEBUG: Get: <G73/> <T60 t="32"/> 
2016-12-15 17:10:36 INFO: Hand: 345m4457p5667s555z
2016-12-15 17:10:36 DEBUG: Send: <D p="60"/>
2016-12-15 17:10:36 INFO: Remaining tiles: 40
2016-12-15 17:10:37 DEBUG: Get: <D60/> <U/> 
2016-12-15 17:10:37 DEBUG: Send: <Z />
2016-12-15 17:10:38 DEBUG: Get: <e63/> 
2016-12-15 17:10:39 DEBUG: Get: <V/> 
2016-12-15 17:10:40 DEBUG: Get: <F113/> <W/> 
2016-12-15 17:10:43 DEBUG: Get: <g78/> <T9/> 
2016-12-15 17:10:44 INFO: Hand: 3345m445p5667s555z
2016-12-15 17:10:44 DEBUG: Send: <D p="49"/>
2016-12-15 17:10:44 INFO: Remaining tiles: 36
2016-12-15 17:10:45 DEBUG: Get: <D49/> <U/> <AGARI ba="1,1" hai="22,25,28,37,40,47,52,57,62,76,77,95,97,101" machi="95" ten="20,5200,0" yaku="1,1,0,1,7,1,54,1,53,0" doraHai="11" doraHaiUra="106" who="1" fromWho="1" sc="170,-14,210,65,299,-27,311,-14" /> 
2016-12-15 17:10:47 DEBUG: Send: <NEXTREADY />
2016-12-15 17:10:52 DEBUG: Send: <Z />
2016-12-15 17:10:53 DEBUG: Get: <INIT seed="3,0,0,5,3,21" ten="156,275,272,297" oya="3" hai="60,54,88,67,120,116,106,96,27,109,63,113,41"/> <W/> 
2016-12-15 17:10:53 INFO: Round: 3, Honba: 0, Dora Indicators: [21]
2016-12-15 17:10:53 INFO: Players: [Ayess (29,700), chanshe (27,500), 玉翁殿司 (27,200), NoName (15,600)]
2016-12-15 17:10:53 INFO: Dealer: Ayess (29,700)
2016-12-15 17:10:53 INFO: Round  wind: East
2016-12-15 17:10:53 INFO: Player wind: South
2016-12-15 17:10:59 DEBUG: Get: <G123/> <T92/> 
2016-12-15 17:11:00 INFO: Hand: 7m25778p5679s1234z
2016-12-15 17:11:00 DEBUG: Send: <D p="27"/>
2016-12-15 17:11:00 INFO: Remaining tiles: 68
2016-12-15 17:11:01 DEBUG: Get: <D27/> <U/> 
2016-12-15 17:11:04 DEBUG: Get: <E130/> <V/> 
2016-12-15 17:11:05 DEBUG: Get: <F121/> <W/> 
2016-12-15 17:11:07 DEBUG: Send: <Z />
2016-12-15 17:11:08 DEBUG: Get: <G3/> 
2016-12-15 17:11:09 DEBUG: Get: <T100/> 
2016-12-15 17:11:10 INFO: Hand: 25778p56789s1234z
2016-12-15 17:11:10 DEBUG: Send: <D p="41"/>
2016-12-15 17:11:10 INFO: Remaining tiles: 64
2016-12-15 17:11:11 DEBUG: Get: <D41/> <U/> 
2016-12-15 17:11:12 DEBUG: Get: <E135/> <V/> 
2016-12-15 17:11:14 DEBUG: Get: <F65/> 
2016-12-15 17:11:18 DEBUG: Get: <W/> 
2016-12-15 17:11:19 DEBUG: Get: <G115/> <T23/> 
2016-12-15 17:11:20 INFO: Hand: 6m5778p56789s1234z
2016-12-15 17:11:20 DEBUG: Send: <D p="23"/>
2016-12-15 17:11:20 INFO: Remaining tiles: 60
2016-12-15 17:11:21 DEBUG: Get: <D23/> <U/> 
2016-12-15 17:11:22 DEBUG: Send: <Z />
2016-12-15 17:11:30 DEBUG: Get: <e51/> 
2016-12-15 17:11:31 DEBUG: Get: <V/> 
2016-12-15 17:11:32 DEBUG: Get: <f112/> <W/> 
2016-12-15 17:11:34 DEBUG: Get: <G36/> 
2016-12-15 17:11:35 DEBUG: Get: <T70/> 
2016-12-15 17:11:36 INFO: Hand: 57789p56789s1234z
2016-12-15 17:11:36 DEBUG: Send: <D p="54"/>
2016-12-15 17:11:36 INFO: Remaining tiles: 56
2016-12-15 17:11:37 DEBUG: Get: <D54/> 
2016-12-15 17:11:37 DEBUG: Send: <Z />
2016-12-15 17:11:38 DEBUG: Get: <U/> 
2016-12-15 17:11:41 DEBUG: Get: <e57/> 
2016-12-15 17:11:42 DEBUG: Get: <V/> 
2016-12-15 17:11:47 DEBUG: Get: <F0/> <W/> 
2016-12-15 17:11:50 DEBUG: Get: <G69 t="4"/> 
2016-12-15 17:11:51 DEBUG: Send: <N />
2016-12-15 17:11:52 DEBUG: Get: <T25/> 
2016-12-15 17:11:52 DEBUG: Send: <Z />
2016-12-15 17:11:53 INFO: Hand: 7m7789p56789s1234z
2016-12-15 17:11:53 DEBUG: Send: <D p="25"/>
2016-12-15 17:11:53 INFO: Remaining tiles: 52
2016-12-15 17:11:54 DEBUG: Get: <D25/> <U/> 
2016-12-15 17:11:56 DEBUG: Get: <e56/> 
2016-12-15 17:11:57 DEBUG: Get: <V/> 
2016-12-15 17:11:58 DEBUG: Get: <F1/> <W/> 
2016-12-15 17:12:00 DEBUG: Get: <G134/> <T8/> 
2016-12-15 17:12:01 INFO: Hand: 3m7789p56789s1234z
2016-12-15 17:12:01 DEBUG: Send: <D p="8"/>
2016-12-15 17:12:01 INFO: Remaining tiles: 48
2016-12-15 17:12:02 DEBUG: Get: <D8/> <U/> 
2016-12-15 17:12:07 DEBUG: Send: <Z />
2016-12-15 17:12:11 DEBUG: Get: <E75/> <V/> 
2016-12-15 17:12:14 DEBUG: Get: <F12/> 
2016-12-15 17:12:19 DEBUG: Get: <W/> 
2016-12-15 17:12:22 DEBUG: Send: <Z />
2016-12-15 17:12:24 DEBUG: Get: <G62 t="5"/> 
2016-12-15 17:12:25 DEBUG: Send: <N />
2016-12-15 17:12:26 DEBUG: Get: <T101/> 
2016-12-15 17:12:27 INFO: Hand: 7789p567889s1234z
2016-12-15 17:12:27 DEBUG: Send: <D p="100"/>
2016-12-15 17:12:27 INFO: Remaining tiles: 44
2016-12-15 17:12:28 DEBUG: Get: <D100/> <U/> 
2016-12-15 17:12:34 DEBUG: Get: <E6/> 
2016-12-15 17:12:35 DEBUG: Get: <V/> 
2016-12-15 17:12:36 DEBUG: Get: <f2/> <W/> 
2016-12-15 17:12:37 DEBUG: Send: <Z />
2016-12-15 17:12:39 DEBUG: Get: <G5/> <T99/> 
2016-12-15 17:12:40 INFO: Hand: 7789p567789s1234z
2016-12-15 17:12:40 DEBUG: Send: <D p="109"/>
2016-12-15 17:12:40 INFO: Remaining tiles: 40
2016-12-15 17:12:41 DEBUG: Get: <D109/> <U/> 
2016-12-15 17:12:42 DEBUG: Get: <e72/> <V/> 
2016-12-15 17:12:44 DEBUG: Get: <f68/> <W/> 
2016-12-15 17:12:48 DEBUG: Get: <G78/> 
2016-12-15 17:12:49 DEBUG: Get: <T108/> 
2016-12-15 17:12:50 INFO: Hand: 7789p567789s1234z
2016-12-15 17:12:50 DEBUG: Send: <D p="108"/>
2016-12-15 17:12:50 INFO: Remaining tiles: 36
2016-12-15 17:12:51 DEBUG: Get: <D108/> <U/> 
2016-12-15 17:12:52 DEBUG: Send: <Z />
2016-12-15 17:12:53 DEBUG: Get: <E38/> <V/> 
2016-12-15 17:12:55 DEBUG: Get: <F31/> <W/> 
2016-12-15 17:13:00 DEBUG: Get: <G103 t="4"/> 
2016-12-15 17:13:01 DEBUG: Send: <N />
2016-12-15 17:13:02 DEBUG: Get: <T52/> 
2016-12-15 17:13:03 INFO: Hand: 57789p567789s234z
2016-12-15 17:13:03 DEBUG: Send: <D p="52"/>
2016-12-15 17:13:03 INFO: Remaining tiles: 32
2016-12-15 17:13:04 DEBUG: Get: <D52/> 
2016-12-15 17:13:06 DEBUG: Get: <N who="1" m="29775" /> 
2016-12-15 17:13:06 INFO: Meld: chi, who 1
2016-12-15 17:13:07 DEBUG: Get: <E37/> <V/> 
2016-12-15 17:13:07 DEBUG: Send: <Z />
2016-12-15 17:13:09 DEBUG: Get: <f71/> <W/> 
2016-12-15 17:13:12 DEBUG: Get: <g104 t="4"/> 
2016-12-15 17:13:13 DEBUG: Send: <N />
2016-12-15 17:13:14 DEBUG: Get: <T83/> 
2016-12-15 17:13:15 INFO: Hand: 7789p3567789s234z
2016-12-15 17:13:15 DEBUG: Send: <D p="83"/>
2016-12-15 17:13:15 INFO: Remaining tiles: 29
2016-12-15 17:13:16 DEBUG: Get: <D83/> 
2016-12-15 17:13:18 DEBUG: Get: <U/> 
2016-12-15 17:13:20 DEBUG: Get: <e126/> 
2016-12-15 17:13:22 DEBUG: Get: <V/> 
2016-12-15 17:13:23 DEBUG: Send: <Z />
2016-12-15 17:13:24 DEBUG: Get: <F74/> <W/> 
2016-12-15 17:13:27 DEBUG: Get: <g107 t="4"/> 
2016-12-15 17:13:28 DEBUG: Send: <N />
2016-12-15 17:13:29 DEBUG: Get: <T105/> 
2016-12-15 17:13:30 INFO: Hand: 7789p5677899s234z
2016-12-15 17:13:30 DEBUG: Send: <D p="105"/>
2016-12-15 17:13:30 INFO: Remaining tiles: 25
2016-12-15 17:13:31 DEBUG: Get: <D105/> <U/> 
2016-12-15 17:13:37 DEBUG: Get: <e86/> <V/> 
2016-12-15 17:13:38 DEBUG: Send: <Z />
2016-12-15 17:13:40 DEBUG: Get: <f73/> <W/> 
2016-12-15 17:13:45 DEBUG: Get: <G18/> <T129/> 
2016-12-15 17:13:46 INFO: Hand: 7789p567789s2346z
2016-12-15 17:13:46 DEBUG: Send: <D p="129"/>
2016-12-15 17:13:46 INFO: Remaining tiles: 21
2016-12-15 17:13:47 DEBUG: Get: <D129/> <U/> 
2016-12-15 17:13:49 DEBUG: Get: <e42/> 
2016-12-15 17:13:50 DEBUG: Get: <V/> 
2016-12-15 17:13:53 DEBUG: Send: <Z />
2016-12-15 17:13:54 DEBUG: Get: <f117/> 
2016-12-15 17:13:56 DEBUG: Get: <W/> 
2016-12-15 17:13:58 DEBUG: Get: <g118/> <T81/> 
2016-12-15 17:13:59 INFO: Hand: 7789p3567789s234z
2016-12-15 17:13:59 DEBUG: Send: <D p="81"/>
2016-12-15 17:13:59 INFO: Remaining tiles: 17
2016-12-15 17:14:00 DEBUG: Get: <D81/> 
2016-12-15 17:14:01 DEBUG: Get: <U/> 
2016-12-15 17:14:03 DEBUG: Get: <e7/> 
2016-12-15 17:14:04 DEBUG: Get: <V/> 
2016-12-15 17:14:05 DEBUG: Get: <f122/> <W/> 
2016-12-15 17:14:08 DEBUG: Send: <Z />
2016-12-15 17:14:09 DEBUG: Get: <g53/> <T119/> 
2016-12-15 17:14:10 INFO: Hand: 7789p567789s2334z
2016-12-15 17:14:10 DEBUG: Send: <D p="116"/>
2016-12-15 17:14:10 INFO: Remaining tiles: 13
2016-12-15 17:14:11 DEBUG: Get: <D116/> <U/> 
2016-12-15 17:14:15 DEBUG: Get: <e131/> <V/> 
2016-12-15 17:14:19 DEBUG: Get: <f49/> <W/> 
2016-12-15 17:14:23 DEBUG: Send: <Z />
2016-12-15 17:14:24 DEBUG: Get: <G87 t="4"/> 
2016-12-15 17:14:25 DEBUG: Send: <N />
2016-12-15 17:14:26 DEBUG: Get: <T114/> 
2016-12-15 17:14:27 INFO: Hand: 7789p567789s2234z
2016-12-15 17:14:27 DEBUG: Send: <D p="88"/>
2016-12-15 17:14:27 INFO: Remaining tiles: 9
2016-12-15 17:14:28 DEBUG: Get: <D88/> 
2016-12-15 17:14:32 DEBUG: Get: <U/> 
2016-12-15 17:14:38 DEBUG: Send: <Z />
2016-12-15 17:14:39 DEBUG: Get: <E79/> 
2016-12-15 17:14:41 DEBUG: Get: <V/> 
2016-12-15 17:14:46 DEBUG: Get: <F94/> 
2016-12-15 17:14:48 DEBUG: Get: <W/> 
2016-12-15 17:14:51 DEBUG: Get: <g133/> <T40/> 
2016-12-15 17:14:52 INFO: Hand: 27789p67789s2234z
2016-12-15 17:14:52 DEBUG: Send: <D p="40"/>
2016-12-15 17:14:52 INFO: Remaining tiles: 5
2016-12-15 17:14:53 DEBUG: Send: <Z />
2016-12-15 17:14:53 DEBUG: Get: <D40/> <U/> 
2016-12-15 17:14:55 DEBUG: Get: <E76/> 
2016-12-15 17:14:56 DEBUG: Get: <N who="2" m="46215" /> 
2016-12-15 17:14:56 INFO: Meld: chi, who 2
2016-12-15 17:14:57 DEBUG: Get: <F102/> <W/> 
2016-12-15 17:15:01 DEBUG: Get: <G59 t="4"/> 
2016-12-15 17:15:02 DEBUG: Send: <N />
2016-12-15 17:15:03 DEBUG: Get: <T39/> 
2016-12-15 17:15:04 INFO: Hand: 17789p67789s2234z
2016-12-15 17:15:04 DEBUG: Send: <D p="39"/>
2016-12-15 17:15:04 INFO: Remaining tiles: 2
2016-12-15 17:15:05 DEBUG: Get: <D39/> <U/> 
2016-12-15 17:15:07 DEBUG: Get: <E46/> 
2016-12-15 17:15:08 DEBUG: Send: <Z />
2016-12-15 17:15:09 DEBUG: Get: <PROF lobby="0" type="1" add="-34.0,0,0,0,1,0,5,0,1,0,0"/> <AGARI ba="0,0" hai="14,15,20,22,28,30,44,46,90,91,97,98,124,125" machi="46" ten="25,2400,0" yaku="22,2" doraHai="21" who="3" fromWho="1" sc="156,0,275,-24,272,0,297,24" owari="156,-34.0,251,-15.0,272,7.0,321,42.0" /> 
2016-12-15 17:15:11 DEBUG: Send: <NEXTREADY />
2016-12-15 17:15:11 INFO: Final results: [Ayess (32,100) 42.0, 玉翁殿司 (27,200) 7.0, chanshe (25,100) -15.0, NoName (15,600) -34.0]
2016-12-15 17:15:11 DEBUG: Send: <BYE />
2016-12-15 17:15:23 INFO: End of the game
