2017-01-17 16:35:21 INFO: Bot AI enabled: True
2017-01-17 16:35:28 DEBUG: Send: <HELO name="NoName" tid="f0" sx="M" />
2017-01-17 16:35:29 DEBUG: Get: <HELO uname="%4E%6F%4E%61%6D%65" auth="20170118-081ca6e9" ratingscale="PF3=1.000000&PF4=1.000000&PF01C=0.582222&PF02C=0.501632&PF03C=0.414869&PF11C=0.823386&PF12C=0.709416&PF13C=0.586714&PF23C=0.378722&PF33C=0.535594&PF1C00=8.000000"/> 
2017-01-17 16:35:29 DEBUG: Send: <AUTH val="20170118-2e42fcb8"/>
2017-01-17 16:35:29 DEBUG: Send: <PXR V="1" />
2017-01-17 16:35:32 DEBUG: Get: <LN n="BKW1BBP1XD1ED" j="B7C5B8B3B1B4B4B4C4D12D15B4C1B3B" g="CM3Q1Gc1Q2M1BU4M8Fk3E1Bs4E8Dg4s12g4M8S1Bm2h2t2G1h1b1M1k2M"/> 
2017-01-17 16:35:32 DEBUG: Send: <Z />
2017-01-17 16:35:32 INFO: Successfully authenticated
2017-01-17 16:35:32 DEBUG: Send: <JOIN t="0,1" />
2017-01-17 16:35:32 INFO: Looking for the game...
2017-01-17 16:35:33 DEBUG: Get: <GO type="1" lobby="0" gpid="E90B707B-A1CF87C6"/> <UN n0="%4E%6F%4E%61%6D%65" n1="%6E%6F%5F%44" n2="%E4%B8%8A%E9%87%8E%E3%81%82%E3%81%84%E3%81%BF" n3="%E7%B4%85%E7%A8%80" dan="0,12,8,0" rate="1500.00,1646.56,1812.17,1500.00" sx="M,M,F,M"/> <TAIKYOKU oya="2" log="2017011801gm-0001-0000-8ae85b04"/> <LN n="BKR1BBK1XP1Dw" j="D4C3C5D8C3B1C4B4B4C4D12D13B2C2B2C1B3C2C" g="CM3Q1GY1Q2M1BU4M8Fk3E1Bs4E8Dg4o12g4M8S1Bm2h2t2G1e1Y1J1k2M"/> 
2017-01-17 16:35:33 DEBUG: Send: <GOK />
2017-01-17 16:35:33 DEBUG: Send: <NEXTREADY />
2017-01-17 16:35:33 DEBUG: Send: <PXR V="1" />
2017-01-17 16:35:33 INFO: Game started
2017-01-17 16:35:33 INFO: Log: http://tenhou.net/0/?log=2017011801gm-0001-0000-8ae85b04&tw=2
2017-01-17 16:35:33 INFO: Players: [NoName (新人), no_D (三段), 上野あいみ (2級), 紅稀 (新人)]
2017-01-17 16:35:36 DEBUG: Get: <INIT seed="0,0,0,1,2,80" ten="250,250,250,250" oya="2" hai="108,21,123,14,77,93,59,117,69,83,22,34,8"/> <V/> 
2017-01-17 16:35:36 INFO: Round: 0, Honba: 0, Dora Indicators: [80]
2017-01-17 16:35:36 INFO: Players: [NoName (25,000), no_D (25,000), 上野あいみ (25,000), 紅稀 (25,000)]
2017-01-17 16:35:36 INFO: Dealer: 上野あいみ (25,000)
2017-01-17 16:35:36 INFO: Round  wind: East
2017-01-17 16:35:36 INFO: Player wind: West
2017-01-17 16:35:42 DEBUG: Get: <F121/> <W/> 
2017-01-17 16:35:45 DEBUG: Get: <G120/> <T41/> 
2017-01-17 16:35:46 INFO: Hand: 34669m269p236s134z
2017-01-17 16:35:46 DEBUG: Send: <D p="117"/>
2017-01-17 16:35:46 INFO: Remaining tiles: 67
2017-01-17 16:35:47 DEBUG: Send: <Z />
2017-01-17 16:35:47 DEBUG: Get: <D117/> <U/> 
2017-01-17 16:35:48 DEBUG: Get: <E130/> <V/> 
2017-01-17 16:35:50 DEBUG: Get: <f115/> <W/> 
2017-01-17 16:35:53 DEBUG: Get: <G131/> <T40/> 
2017-01-17 16:35:54 INFO: Hand: 34669m2269p236s14z
2017-01-17 16:35:54 DEBUG: Send: <D p="34"/>
2017-01-17 16:35:54 INFO: Remaining tiles: 63
2017-01-17 16:35:55 DEBUG: Get: <D34/> <U/> 
2017-01-17 16:35:57 DEBUG: Get: <E56/> <V/> 
2017-01-17 16:35:59 DEBUG: Get: <F129/> <W/> 
2017-01-17 16:36:01 DEBUG: Get: <G112/> <T25/> 
2017-01-17 16:36:02 DEBUG: Send: <Z />
2017-01-17 16:36:02 INFO: Hand: 34667m2269p236s14z
2017-01-17 16:36:02 DEBUG: Send: <D p="69"/>
2017-01-17 16:36:02 INFO: Remaining tiles: 59
2017-01-17 16:36:03 DEBUG: Get: <D69/> 
2017-01-17 16:36:04 DEBUG: Get: <U/> 
2017-01-17 16:36:05 DEBUG: Get: <E45/> <V/> 
2017-01-17 16:36:08 DEBUG: Get: <f76/> <W/> 
2017-01-17 16:36:10 DEBUG: Get: <G78/> <T16/> 
2017-01-17 16:36:11 INFO: Hand: 345667m226p236s14z
2017-01-17 16:36:11 DEBUG: Send: <D p="123"/>
2017-01-17 16:36:11 INFO: Remaining tiles: 55
2017-01-17 16:36:12 DEBUG: Get: <D123/> <U/> 
2017-01-17 16:36:13 DEBUG: Get: <E39/> <V/> 
2017-01-17 16:36:16 DEBUG: Get: <F36/> <W/> 
2017-01-17 16:36:17 DEBUG: Send: <Z />
2017-01-17 16:36:20 DEBUG: Get: <G2/> 
2017-01-17 16:36:21 DEBUG: Get: <T12/> 
2017-01-17 16:36:22 INFO: Hand: 3445667m226p236s1z
2017-01-17 16:36:22 DEBUG: Send: <D p="108"/>
2017-01-17 16:36:22 INFO: Remaining tiles: 51
2017-01-17 16:36:23 DEBUG: Get: <D108/> <U/> 
2017-01-17 16:36:25 DEBUG: Get: <e55/> 
2017-01-17 16:36:27 DEBUG: Get: <V/> 
2017-01-17 16:36:29 DEBUG: Get: <F125/> <W/> 
2017-01-17 16:36:32 DEBUG: Get: <g37/> <T94/> 
2017-01-17 16:36:32 DEBUG: Send: <Z />
2017-01-17 16:36:33 INFO: Hand: 3445667m226p2366s
2017-01-17 16:36:33 DEBUG: Send: <D p="59"/>
2017-01-17 16:36:33 INFO: Remaining tiles: 47
2017-01-17 16:36:34 DEBUG: Get: <D59/> <U/> 
2017-01-17 16:36:35 DEBUG: Get: <e63/> 
2017-01-17 16:36:37 DEBUG: Get: <V/> 
2017-01-17 16:36:38 DEBUG: Get: <f74/> 
2017-01-17 16:36:39 DEBUG: Get: <W/> 
2017-01-17 16:36:41 DEBUG: Get: <g1/> 
2017-01-17 16:36:42 DEBUG: Get: <T50/> 
2017-01-17 16:36:43 INFO: Hand: 3445667m224p2366s
2017-01-17 16:36:43 DEBUG: Send: <D p="50"/>
2017-01-17 16:36:43 INFO: Remaining tiles: 43
2017-01-17 16:36:44 DEBUG: Get: <D50/> 
2017-01-17 16:36:47 DEBUG: Send: <Z />
2017-01-17 16:36:47 DEBUG: Get: <U/> 
2017-01-17 16:36:49 DEBUG: Get: <E5/> 
2017-01-17 16:36:50 DEBUG: Get: <V/> 
2017-01-17 16:36:52 DEBUG: Get: <f128/> <W/> 
2017-01-17 16:36:56 DEBUG: Get: <G71/> <T46/> 
2017-01-17 16:36:57 INFO: Hand: 3445667m223p2366s
2017-01-17 16:36:57 DEBUG: Send: <D p="8"/>
2017-01-17 16:36:57 INFO: Remaining tiles: 39
2017-01-17 16:36:58 DEBUG: Get: <D8/> 
2017-01-17 16:36:59 DEBUG: Get: <U/> 
2017-01-17 16:37:00 DEBUG: Get: <E111/> <V/> 
2017-01-17 16:37:02 DEBUG: Send: <Z />
2017-01-17 16:37:03 DEBUG: Get: <f47/> 
2017-01-17 16:37:06 DEBUG: Get: <W/> 
2017-01-17 16:37:07 DEBUG: Get: <G70/> <T114/> 
2017-01-17 16:37:08 INFO: Hand: 445667m223p2366s2z
2017-01-17 16:37:08 DEBUG: Send: <D p="114"/>
2017-01-17 16:37:08 INFO: Remaining tiles: 35
2017-01-17 16:37:09 DEBUG: Get: <D114/> <U/> 
2017-01-17 16:37:17 DEBUG: Send: <Z />
2017-01-17 16:37:19 DEBUG: Get: <E20 t="1"/> 
2017-01-17 16:37:20 DEBUG: Send: <N />
2017-01-17 16:37:21 DEBUG: Get: <V/> 
2017-01-17 16:37:28 DEBUG: Get: <F88/> 
2017-01-17 16:37:30 DEBUG: Get: <N who="3" m="55559" /> 
2017-01-17 16:37:30 INFO: Meld: chi, who 3
2017-01-17 16:37:31 DEBUG: Get: <G65/> <T90/> 
2017-01-17 16:37:32 DEBUG: Send: <Z />
2017-01-17 16:37:32 INFO: Hand: 445667m223p23566s
2017-01-17 16:37:32 DEBUG: Send: <D p="46"/>
2017-01-17 16:37:32 INFO: Remaining tiles: 32
2017-01-17 16:37:33 DEBUG: Get: <D46/> <U/> 
2017-01-17 16:37:34 DEBUG: Get: <E18/> <V/> 
2017-01-17 16:37:36 DEBUG: Get: <f96/> <W/> 
2017-01-17 16:37:39 DEBUG: Get: <G51/> <T35/> 
2017-01-17 16:37:40 INFO: Hand: 4456679m22p23566s
2017-01-17 16:37:40 DEBUG: Send: <D p="35"/>
2017-01-17 16:37:40 INFO: Remaining tiles: 28
2017-01-17 16:37:41 DEBUG: Get: <D35/> <U/> 
2017-01-17 16:37:42 DEBUG: Get: <E13 t="1"/> 
2017-01-17 16:37:43 DEBUG: Send: <N />
2017-01-17 16:37:44 DEBUG: Get: <V/> 
2017-01-17 16:37:45 DEBUG: Get: <AGARI ba="0,0" hai="0,3,6,7,10,11,26,30,32,61,66,68,133,135" machi="61" ten="30,11700,0" yaku="0,1,9,1,23,2" doraHai="80" who="2" fromWho="2" sc="250,-39,250,-39,250,117,250,-39" /> 
2017-01-17 16:37:47 DEBUG: Send: <Z />
2017-01-17 16:37:47 DEBUG: Send: <NEXTREADY />
2017-01-17 16:37:52 DEBUG: Get: <INIT seed="0,1,0,1,4,132" ten="211,211,367,211" oya="2" hai="122,130,5,112,28,44,8,40,65,59,75,22,107"/> <V/> 
2017-01-17 16:37:52 INFO: Round: 0, Honba: 1, Dora Indicators: [132]
2017-01-17 16:37:52 INFO: Players: [上野あいみ (36,700), NoName (21,100), no_D (21,100), 紅稀 (21,100)]
2017-01-17 16:37:52 INFO: Dealer: 上野あいみ (36,700)
2017-01-17 16:37:52 INFO: Round  wind: East
2017-01-17 16:37:52 INFO: Player wind: West
2017-01-17 16:37:59 DEBUG: Get: <F113/> <W/> 
2017-01-17 16:38:01 DEBUG: Get: <G121/> <T4/> 
2017-01-17 16:38:02 INFO: Hand: 22368m2368p19s246z
2017-01-17 16:38:02 DEBUG: Send: <D p="112"/>
2017-01-17 16:38:02 INFO: Remaining tiles: 67
2017-01-17 16:38:02 DEBUG: Send: <Z />
2017-01-17 16:38:03 DEBUG: Get: <D112/> <U/> 
2017-01-17 16:38:04 DEBUG: Get: <E104/> 
2017-01-17 16:38:05 DEBUG: Get: <V/> 
2017-01-17 16:38:06 DEBUG: Get: <F117/> <W/> 
2017-01-17 16:38:17 DEBUG: Send: <Z />
2017-01-17 16:38:17 DEBUG: Get: <G109/> <T85/> 
2017-01-17 16:38:18 INFO: Hand: 22368m2368p149s46z
2017-01-17 16:38:18 DEBUG: Send: <D p="122"/>
2017-01-17 16:38:18 INFO: Remaining tiles: 63
2017-01-17 16:38:19 DEBUG: Get: <D122/> <U/> 
2017-01-17 16:38:21 DEBUG: Get: <e71/> <V/> 
2017-01-17 16:38:23 DEBUG: Get: <F133/> <W/> 
2017-01-17 16:38:24 DEBUG: Get: <G70/> <T135/> 
2017-01-17 16:38:25 INFO: Hand: 22368m2368p149s67z
2017-01-17 16:38:25 DEBUG: Send: <D p="75"/>
2017-01-17 16:38:25 INFO: Remaining tiles: 59
2017-01-17 16:38:26 DEBUG: Get: <D75/> <U/> 
2017-01-17 16:38:29 DEBUG: Get: <E89/> 
2017-01-17 16:38:31 DEBUG: Get: <V/> 
2017-01-17 16:38:32 DEBUG: Send: <Z />
2017-01-17 16:38:33 DEBUG: Get: <F3/> <W/> 
2017-01-17 16:38:40 DEBUG: Get: <G81/> <T99/> 
2017-01-17 16:38:41 INFO: Hand: 22368m2368p479s67z
2017-01-17 16:38:41 DEBUG: Send: <D p="135"/>
2017-01-17 16:38:41 INFO: Remaining tiles: 55
2017-01-17 16:38:42 DEBUG: Get: <D135/> <U/> 
2017-01-17 16:38:43 DEBUG: Get: <e105/> <V/> 
2017-01-17 16:38:46 DEBUG: Get: <F35/> 
2017-01-17 16:38:47 DEBUG: Send: <Z />
2017-01-17 16:38:47 DEBUG: Get: <W/> 
2017-01-17 16:38:50 DEBUG: Get: <G106/> <T88/> 
2017-01-17 16:38:51 INFO: Hand: 22368m2368p4579s6z
2017-01-17 16:38:51 DEBUG: Send: <D p="130"/>
2017-01-17 16:38:51 INFO: Remaining tiles: 51
2017-01-17 16:38:52 DEBUG: Get: <D130/> 
2017-01-17 16:38:53 DEBUG: Get: <U/> 
2017-01-17 16:38:54 DEBUG: Get: <E58/> <V/> 
2017-01-17 16:39:00 DEBUG: Get: <F43/> <W/> 
2017-01-17 16:39:02 DEBUG: Get: <G98/> <T123/> 
2017-01-17 16:39:02 DEBUG: Send: <Z />
2017-01-17 16:39:03 INFO: Hand: 22368m2368p4579s4z
2017-01-17 16:39:03 DEBUG: Send: <D p="123"/>
2017-01-17 16:39:03 INFO: Remaining tiles: 47
2017-01-17 16:39:04 DEBUG: Get: <D123/> <U/> 
2017-01-17 16:39:08 DEBUG: Get: <E90/> 
2017-01-17 16:39:09 DEBUG: Get: <V/> 
2017-01-17 16:39:11 DEBUG: Get: <f131/> 
2017-01-17 16:39:13 DEBUG: Get: <W/> 
2017-01-17 16:39:16 DEBUG: Get: <g95 t="4"/> 
2017-01-17 16:39:17 DEBUG: Send: <N />
2017-01-17 16:39:17 DEBUG: Send: <Z />
2017-01-17 16:39:18 DEBUG: Get: <T103/> 
2017-01-17 16:39:19 INFO: Hand: 22368m2368p45789s
2017-01-17 16:39:19 DEBUG: Send: <D p="22"/>
2017-01-17 16:39:19 INFO: Remaining tiles: 43
2017-01-17 16:39:20 DEBUG: Get: <D22/> <U/> 
2017-01-17 16:39:21 DEBUG: Get: <E87/> <V/> 
2017-01-17 16:39:24 DEBUG: Get: <F51/> 
2017-01-17 16:39:25 DEBUG: Get: <W/> 
2017-01-17 16:39:27 DEBUG: Get: <g94 t="4"/> 
2017-01-17 16:39:28 DEBUG: Send: <N />
2017-01-17 16:39:29 DEBUG: Get: <T19/> 
2017-01-17 16:39:30 INFO: Hand: 22358m2368p45789s
2017-01-17 16:39:30 DEBUG: Send: <D p="28"/>
2017-01-17 16:39:30 INFO: Remaining tiles: 39
2017-01-17 16:39:31 DEBUG: Get: <D28/> <U/> 
2017-01-17 16:39:32 DEBUG: Send: <Z />
2017-01-17 16:39:32 DEBUG: Get: <e97/> <V/> 
2017-01-17 16:39:34 DEBUG: Get: <F125/> <W/> 
2017-01-17 16:39:38 DEBUG: Get: <G17/> <T120/> 
2017-01-17 16:39:39 INFO: Hand: 2235m2368p45789s4z
2017-01-17 16:39:39 DEBUG: Send: <D p="120"/>
2017-01-17 16:39:39 INFO: Remaining tiles: 35
2017-01-17 16:39:40 DEBUG: Get: <D120/> <U/> 
2017-01-17 16:39:41 DEBUG: Get: <E15/> <V/> 
2017-01-17 16:39:44 DEBUG: Get: <F92/> <W/> 
2017-01-17 16:39:46 DEBUG: Get: <g1 t="4"/> 
2017-01-17 16:39:47 DEBUG: Send: <Z />
2017-01-17 16:39:47 DEBUG: Send: <N />
2017-01-17 16:39:48 DEBUG: Get: <T78/> 
2017-01-17 16:39:49 INFO: Hand: 2235m2368p245789s
2017-01-17 16:39:49 DEBUG: Send: <D p="78"/>
2017-01-17 16:39:49 INFO: Remaining tiles: 31
2017-01-17 16:39:50 DEBUG: Get: <D78/> 
2017-01-17 16:39:52 DEBUG: Get: <U/> 
2017-01-17 16:39:53 DEBUG: Get: <E64/> 
2017-01-17 16:39:55 DEBUG: Get: <V/> 
2017-01-17 16:39:56 DEBUG: Get: <F86/> <W/> 
2017-01-17 16:39:59 DEBUG: Get: <G26/> <T62/> 
2017-01-17 16:40:00 INFO: Hand: 2235m23678p45789s
2017-01-17 16:40:00 DEBUG: Send: <D p="19"/>
2017-01-17 16:40:00 INFO: Remaining tiles: 27
2017-01-17 16:40:01 DEBUG: Get: <D19/> <U/> 
2017-01-17 16:40:02 DEBUG: Send: <Z />
2017-01-17 16:40:03 DEBUG: Get: <E2/> <V/> 
2017-01-17 16:40:05 DEBUG: Get: <f102/> <W/> 
2017-01-17 16:40:07 DEBUG: Get: <g93 t="4"/> 
2017-01-17 16:40:08 DEBUG: Send: <N />
2017-01-17 16:40:09 DEBUG: Get: <T38 t="32"/> 
2017-01-17 16:40:10 INFO: Hand: 223m123678p45789s
2017-01-17 16:40:10 DEBUG: Send: <REACH hai="8" />
2017-01-17 16:40:12 DEBUG: Send: <D p="8"/>
2017-01-17 16:40:12 INFO: Remaining tiles: 23
2017-01-17 16:40:13 DEBUG: Get: <REACH who="0" step="1"/> <D8/> 
2017-01-17 16:40:14 DEBUG: Get: <REACH who="0" ten="201,211,367,211" step="2"/> <U/> 
2017-01-17 16:40:14 INFO: Riichi called by 0 player
2017-01-17 16:40:17 DEBUG: Send: <Z />
2017-01-17 16:40:22 DEBUG: Get: <E73/> <V/> 
2017-01-17 16:40:27 DEBUG: Get: <f118/> <W/> 
2017-01-17 16:40:32 DEBUG: Get: <G33/> 
2017-01-17 16:40:32 DEBUG: Send: <Z />
2017-01-17 16:40:33 DEBUG: Get: <T16/> 
2017-01-17 16:40:33 DEBUG: Send: <D p="16"/>
2017-01-17 16:40:33 INFO: Remaining tiles: 20
2017-01-17 16:40:34 DEBUG: Get: <D16/> <U/> 
2017-01-17 16:40:35 DEBUG: Get: <E116/> <V/> 
2017-01-17 16:40:37 DEBUG: Get: <F31/> <W/> 
2017-01-17 16:40:38 DEBUG: Get: <G30/> <T115/> 
2017-01-17 16:40:38 DEBUG: Send: <D p="115"/>
2017-01-17 16:40:38 INFO: Remaining tiles: 17
2017-01-17 16:40:39 DEBUG: Get: <D115/> <U/> 
2017-01-17 16:40:42 DEBUG: Get: <E6/> <V/> 
2017-01-17 16:40:47 DEBUG: Send: <Z />
2017-01-17 16:40:48 DEBUG: Get: <F29/> <W/> 
2017-01-17 16:40:51 DEBUG: Get: <G12/> <T74/> 
2017-01-17 16:40:51 DEBUG: Send: <D p="74"/>
2017-01-17 16:40:51 INFO: Remaining tiles: 14
2017-01-17 16:40:52 DEBUG: Get: <D74/> <U/> 
2017-01-17 16:40:56 DEBUG: Get: <e134/> <V/> 
2017-01-17 16:40:58 DEBUG: Get: <F77/> <W/> 
2017-01-17 16:41:00 DEBUG: Get: <g27/> <T119/> 
2017-01-17 16:41:00 DEBUG: Send: <D p="119"/>
2017-01-17 16:41:00 INFO: Remaining tiles: 11
2017-01-17 16:41:01 DEBUG: Get: <D119/> <U/> 
2017-01-17 16:41:02 DEBUG: Send: <Z />
2017-01-17 16:41:07 DEBUG: Get: <E32/> <V/> 
2017-01-17 16:41:09 DEBUG: Get: <f114/> <W/> 
2017-01-17 16:41:15 DEBUG: Get: <G129/> <T13/> 
2017-01-17 16:41:15 DEBUG: Send: <D p="13"/>
2017-01-17 16:41:15 INFO: Remaining tiles: 8
2017-01-17 16:41:16 DEBUG: Get: <D13/> 
2017-01-17 16:41:17 DEBUG: Send: <Z />
2017-01-17 16:41:18 DEBUG: Get: <U/> 
2017-01-17 16:41:19 DEBUG: Get: <E34/> <V/> 
2017-01-17 16:41:21 DEBUG: Get: <F14/> <W/> 
2017-01-17 16:41:22 DEBUG: Get: <G128/> <RYUUKYOKU ba="1,1" sc="201,30,211,-10,367,-10,211,-10" /> 
2017-01-17 16:41:24 DEBUG: Send: <NEXTREADY />
2017-01-17 16:41:30 DEBUG: Get: <INIT seed="1,2,1,4,3,112" ten="231,201,357,201" oya="3" hai="17,28,19,109,62,25,26,50,49,130,104,4,2"/> <W/> 
2017-01-17 16:41:30 INFO: Round: 1, Honba: 2, Dora Indicators: [112]
2017-01-17 16:41:30 INFO: Players: [上野あいみ (35,700), NoName (23,100), no_D (20,100), 紅稀 (20,100)]
2017-01-17 16:41:30 INFO: Dealer: 紅稀 (20,100)
2017-01-17 16:41:30 INFO: Round  wind: East
2017-01-17 16:41:30 INFO: Player wind: South
2017-01-17 16:41:32 DEBUG: Send: <Z />
2017-01-17 16:41:37 DEBUG: Get: <g106/> <T63/> 
2017-01-17 16:41:38 INFO: Hand: 1255778m4477p9s16z
2017-01-17 16:41:38 DEBUG: Send: <D p="130"/>
2017-01-17 16:41:38 INFO: Remaining tiles: 68
2017-01-17 16:41:39 DEBUG: Get: <D130/> <U/> 
2017-01-17 16:41:40 DEBUG: Get: <E115/> <V/> 
2017-01-17 16:41:44 DEBUG: Get: <F108/> <W/> 
2017-01-17 16:41:46 DEBUG: Get: <G122/> <T13/> 
2017-01-17 16:41:47 INFO: Hand: 12455778m4477p9s1z
2017-01-17 16:41:47 DEBUG: Send: <D p="109"/>
2017-01-17 16:41:47 INFO: Remaining tiles: 64
2017-01-17 16:41:47 DEBUG: Send: <Z />
2017-01-17 16:41:48 DEBUG: Get: <D109/> <U/> 
2017-01-17 16:41:50 DEBUG: Get: <e9/> 
2017-01-17 16:41:52 DEBUG: Get: <V/> 
2017-01-17 16:41:54 DEBUG: Get: <f75/> 
2017-01-17 16:41:55 DEBUG: Get: <W/> 
2017-01-17 16:41:57 DEBUG: Get: <G118/> <T81/> 
2017-01-17 16:41:58 INFO: Hand: 12455778m4477p39s
2017-01-17 16:41:58 DEBUG: Send: <D p="104"/>
2017-01-17 16:41:58 INFO: Remaining tiles: 60
2017-01-17 16:41:59 DEBUG: Get: <D104/> <U/> 
2017-01-17 16:42:01 DEBUG: Get: <E60 t="1"/> 
2017-01-17 16:42:02 DEBUG: Send: <N />
2017-01-17 16:42:02 DEBUG: Send: <Z />
2017-01-17 16:42:03 DEBUG: Get: <V/> 
2017-01-17 16:42:04 DEBUG: Get: <F131/> <W/> 
2017-01-17 16:42:09 DEBUG: Get: <G68/> <T98/> 
2017-01-17 16:42:10 INFO: Hand: 12455778m4477p37s
2017-01-17 16:42:10 DEBUG: Send: <D p="81"/>
2017-01-17 16:42:10 INFO: Remaining tiles: 56
2017-01-17 16:42:11 DEBUG: Get: <D81/> <U/> 
2017-01-17 16:42:13 DEBUG: Get: <E44/> <V/> 
2017-01-17 16:42:16 DEBUG: Get: <f69/> 
2017-01-17 16:42:17 DEBUG: Get: <W/> 
2017-01-17 16:42:17 DEBUG: Send: <Z />
2017-01-17 16:42:19 DEBUG: Get: <REACH who="3" step="1"/> 
2017-01-17 16:42:20 DEBUG: Get: <G78/> <REACH who="3" ten="231,201,357,191" step="2"/> <T70/> 
2017-01-17 16:42:20 INFO: Riichi called by 3 player
2017-01-17 16:42:21 INFO: Hand: 12455778m44779p7s
2017-01-17 16:42:21 DEBUG: Send: <D p="98"/>
2017-01-17 16:42:21 INFO: Remaining tiles: 52
2017-01-17 16:42:22 DEBUG: Get: <D98/> 
2017-01-17 16:42:23 DEBUG: Get: <U/> 
2017-01-17 16:42:24 DEBUG: Get: <E107/> <V/> 
2017-01-17 16:42:26 DEBUG: Get: <f114/> <W/> 
2017-01-17 16:42:28 DEBUG: Get: <g95/> <T76/> 
2017-01-17 16:42:29 INFO: Hand: 12455778m44779p2s
2017-01-17 16:42:29 DEBUG: Send: <D p="76"/>
2017-01-17 16:42:29 INFO: Remaining tiles: 48
2017-01-17 16:42:30 DEBUG: Get: <D76/> 
2017-01-17 16:42:31 DEBUG: Get: <U/> 
2017-01-17 16:42:32 DEBUG: Get: <E105/> <V/> 
2017-01-17 16:42:32 DEBUG: Send: <Z />
2017-01-17 16:42:35 DEBUG: Get: <F93/> <W/> 
2017-01-17 16:42:37 DEBUG: Get: <g117/> <T27/> 
2017-01-17 16:42:38 INFO: Hand: 124557778m44779p
2017-01-17 16:42:38 DEBUG: Send: <D p="70"/>
2017-01-17 16:42:38 INFO: Remaining tiles: 44
2017-01-17 16:42:39 DEBUG: Get: <D70/> <U/> 
2017-01-17 16:42:40 DEBUG: Get: <E116/> <V/> 
2017-01-17 16:42:42 DEBUG: Get: <f121/> <W/> 
2017-01-17 16:42:43 DEBUG: Get: <g99/> <T54/> 
2017-01-17 16:42:44 INFO: Hand: 124557778m44577p
2017-01-17 16:42:44 DEBUG: Send: <D p="2"/>
2017-01-17 16:42:44 INFO: Remaining tiles: 40
2017-01-17 16:42:45 DEBUG: Get: <D2/> <U/> 
2017-01-17 16:42:47 DEBUG: Send: <Z />
2017-01-17 16:42:50 DEBUG: Get: <E74/> <V/> 
2017-01-17 16:42:53 DEBUG: Get: <F36/> <W/> 
2017-01-17 16:42:55 DEBUG: Get: <g6/> <T128/> 
2017-01-17 16:42:56 INFO: Hand: 24557778m44577p6z
2017-01-17 16:42:56 DEBUG: Send: <D p="128"/>
2017-01-17 16:42:56 INFO: Remaining tiles: 36
2017-01-17 16:42:57 DEBUG: Get: <D128/> <U/> 
2017-01-17 16:42:59 DEBUG: Get: <E39/> <V/> 
2017-01-17 16:43:00 DEBUG: Get: <F38/> <W/> 
2017-01-17 16:43:02 DEBUG: Get: <g113/> <T79/> 
2017-01-17 16:43:02 DEBUG: Send: <Z />
2017-01-17 16:43:03 INFO: Hand: 24557778m44577p2s
2017-01-17 16:43:03 DEBUG: Send: <D p="79"/>
2017-01-17 16:43:03 INFO: Remaining tiles: 32
2017-01-17 16:43:04 DEBUG: Get: <D79/> 
2017-01-17 16:43:05 DEBUG: Get: <U/> 
2017-01-17 16:43:06 DEBUG: Get: <E73/> <V/> 
2017-01-17 16:43:07 DEBUG: Get: <F5/> <W/> 
2017-01-17 16:43:09 DEBUG: Get: <g48 t="1"/> 
2017-01-17 16:43:10 DEBUG: Send: <N />
2017-01-17 16:43:11 DEBUG: Get: <T132/> 
2017-01-17 16:43:12 INFO: Hand: 24557778m44577p7z
2017-01-17 16:43:12 DEBUG: Send: <D p="132"/>
2017-01-17 16:43:12 INFO: Remaining tiles: 28
2017-01-17 16:43:13 DEBUG: Get: <D132/> <U/> 
2017-01-17 16:43:14 DEBUG: Get: <E72/> <V/> 
2017-01-17 16:43:17 DEBUG: Send: <Z />
2017-01-17 16:43:19 DEBUG: Get: <F3/> <W/> 
2017-01-17 16:43:21 DEBUG: Get: <g97/> <T100/> 
2017-01-17 16:43:22 INFO: Hand: 24557778m44577p8s
2017-01-17 16:43:22 DEBUG: Send: <D p="100"/>
2017-01-17 16:43:22 INFO: Remaining tiles: 24
2017-01-17 16:43:23 DEBUG: Get: <D100/> 
2017-01-17 16:43:24 DEBUG: Get: <U/> 
2017-01-17 16:43:25 DEBUG: Get: <E102/> <V/> 
2017-01-17 16:43:26 DEBUG: Get: <f96/> <W/> 
2017-01-17 16:43:28 DEBUG: Get: <g42/> <T1/> 
2017-01-17 16:43:29 INFO: Hand: 124557778m44577p
2017-01-17 16:43:29 DEBUG: Send: <D p="1"/>
2017-01-17 16:43:29 INFO: Remaining tiles: 20
2017-01-17 16:43:30 DEBUG: Get: <D1/> <U/> 
2017-01-17 16:43:31 DEBUG: Get: <E101/> 
2017-01-17 16:43:32 DEBUG: Send: <Z />
2017-01-17 16:43:33 DEBUG: Get: <V/> 
2017-01-17 16:43:37 DEBUG: Get: <f80/> <W/> 
2017-01-17 16:43:39 DEBUG: Get: <g58 t="4"/> 
2017-01-17 16:43:40 DEBUG: Send: <N />
2017-01-17 16:43:41 DEBUG: Get: <T7/> 
2017-01-17 16:43:42 INFO: Hand: 224557778m44577p
2017-01-17 16:43:42 DEBUG: Send: <D p="28"/>
2017-01-17 16:43:42 INFO: Remaining tiles: 16
2017-01-17 16:43:43 DEBUG: Get: <D28/> 
2017-01-17 16:43:44 DEBUG: Get: <U/> 
2017-01-17 16:43:45 DEBUG: Get: <E37/> <V/> 
2017-01-17 16:43:46 DEBUG: Get: <F57/> <W/> 
2017-01-17 16:43:47 DEBUG: Send: <Z />
2017-01-17 16:43:48 DEBUG: Get: <g92/> <T32/> 
2017-01-17 16:43:49 INFO: Hand: 224557779m44577p
2017-01-17 16:43:49 DEBUG: Send: <D p="32"/>
2017-01-17 16:43:49 INFO: Remaining tiles: 12
2017-01-17 16:43:50 DEBUG: Get: <D32/> <U/> 
2017-01-17 16:43:51 DEBUG: Get: <E35/> <V/> 
2017-01-17 16:43:52 DEBUG: Get: <F0/> <W/> 
2017-01-17 16:43:53 DEBUG: Get: <g40/> 
2017-01-17 16:43:54 DEBUG: Get: <T89/> 
2017-01-17 16:43:55 INFO: Hand: 22455777m44577p5s
2017-01-17 16:43:55 DEBUG: Send: <D p="89"/>
2017-01-17 16:43:55 INFO: Remaining tiles: 8
2017-01-17 16:43:56 DEBUG: Get: <D89/> 
2017-01-17 16:43:57 DEBUG: Get: <U/> 
2017-01-17 16:43:59 DEBUG: Get: <E119/> <V/> 
2017-01-17 16:44:00 DEBUG: Get: <F88/> <W/> 
2017-01-17 16:44:02 DEBUG: Get: <g11 t="4"/> 
2017-01-17 16:44:02 DEBUG: Send: <Z />
2017-01-17 16:44:03 DEBUG: Send: <N />
2017-01-17 16:44:04 DEBUG: Get: <T133/> 
2017-01-17 16:44:05 INFO: Hand: 22455777m44577p7z
2017-01-17 16:44:05 DEBUG: Send: <D p="133"/>
2017-01-17 16:44:05 INFO: Remaining tiles: 4
2017-01-17 16:44:06 DEBUG: Get: <D133/> <U/> 
2017-01-17 16:44:08 DEBUG: Get: <e33/> <V/> 
2017-01-17 16:44:09 DEBUG: Get: <F91/> <W/> 
2017-01-17 16:44:11 DEBUG: Get: <g94/> <T111/> 
2017-01-17 16:44:12 INFO: Hand: 22455777m44577p1z
2017-01-17 16:44:12 DEBUG: Send: <D p="111"/>
2017-01-17 16:44:12 INFO: Remaining tiles: 0
2017-01-17 16:44:13 DEBUG: Get: <D111/> <RYUUKYOKU ba="2,2" sc="231,-10,201,-10,357,-10,191,30" hai3="8,16,45,51,52,55,56,61,65,67,84,86,87" /> 
2017-01-17 16:44:15 DEBUG: Send: <NEXTREADY />
2017-01-17 16:44:16 DEBUG: Get: <INIT seed="1,3,2,2,3,34" ten="221,191,347,221" oya="3" hai="87,95,1,17,104,46,61,43,85,90,111,77,45"/> <W/> 
2017-01-17 16:44:16 INFO: Round: 1, Honba: 3, Dora Indicators: [34]
2017-01-17 16:44:16 INFO: Players: [上野あいみ (34,700), NoName (22,100), 紅稀 (22,100), no_D (19,100)]
2017-01-17 16:44:16 INFO: Dealer: 紅稀 (22,100)
2017-01-17 16:44:16 INFO: Round  wind: East
2017-01-17 16:44:16 INFO: Player wind: South
2017-01-17 16:44:17 DEBUG: Send: <Z />
2017-01-17 16:44:23 DEBUG: Get: <G113/> <T81/> 
2017-01-17 16:44:24 INFO: Hand: 15m2337p2344569s1z
2017-01-17 16:44:24 DEBUG: Send: <D p="111"/>
2017-01-17 16:44:24 INFO: Remaining tiles: 68
2017-01-17 16:44:25 DEBUG: Get: <D111/> <U/> 
2017-01-17 16:44:26 DEBUG: Get: <E39/> 
2017-01-17 16:44:27 DEBUG: Get: <V/> 
2017-01-17 16:44:31 DEBUG: Get: <F98/> 
2017-01-17 16:44:32 DEBUG: Send: <Z />
2017-01-17 16:44:34 DEBUG: Get: <W/> 
2017-01-17 16:44:35 DEBUG: Get: <G120/> <T35/> 
2017-01-17 16:44:36 INFO: Hand: 159m2337p2344569s
2017-01-17 16:44:36 DEBUG: Send: <D p="104"/>
2017-01-17 16:44:36 INFO: Remaining tiles: 64
2017-01-17 16:44:37 DEBUG: Get: <D104/> <U/> 
2017-01-17 16:44:38 DEBUG: Get: <E71/> <V/> 
2017-01-17 16:44:41 DEBUG: Get: <f109/> <W/> 
2017-01-17 16:44:42 DEBUG: Get: <G36 t="4"/> 
2017-01-17 16:44:43 DEBUG: Send: <N />
2017-01-17 16:44:44 DEBUG: Get: <T13/> 
2017-01-17 16:44:45 INFO: Hand: 1459m2337p234456s
2017-01-17 16:44:45 DEBUG: Send: <D p="35"/>
2017-01-17 16:44:45 INFO: Remaining tiles: 60
2017-01-17 16:44:46 DEBUG: Get: <D35/> <U/> 
2017-01-17 16:44:47 DEBUG: Get: <E99/> <V/> 
2017-01-17 16:44:47 DEBUG: Send: <Z />
2017-01-17 16:44:50 DEBUG: Get: <F62/> <W/> 
2017-01-17 16:44:51 DEBUG: Get: <G73 t="4"/> 
2017-01-17 16:44:52 DEBUG: Send: <N />
2017-01-17 16:44:53 DEBUG: Get: <T24/> 
2017-01-17 16:44:54 INFO: Hand: 1457m2337p234456s
2017-01-17 16:44:54 DEBUG: Send: <D p="1"/>
2017-01-17 16:44:54 INFO: Remaining tiles: 56
2017-01-17 16:44:55 DEBUG: Get: <D1/> <U/> 
2017-01-17 16:44:58 DEBUG: Get: <E83/> <V/> 
2017-01-17 16:45:02 DEBUG: Send: <Z />
2017-01-17 16:45:04 DEBUG: Get: <F4/> <W/> 
2017-01-17 16:45:09 DEBUG: Get: <g127/> 
2017-01-17 16:45:11 DEBUG: Get: <N who="1" m="48650" /> 
2017-01-17 16:45:11 INFO: Meld: pon, who 1
2017-01-17 16:45:12 DEBUG: Get: <E29/> <V/> 
2017-01-17 16:45:14 DEBUG: Get: <f96/> 
2017-01-17 16:45:16 DEBUG: Get: <W/> 
2017-01-17 16:45:17 DEBUG: Send: <Z />
2017-01-17 16:45:19 DEBUG: Get: <G135/> <T70/> 
2017-01-17 16:45:20 INFO: Hand: 457m23379p234456s
2017-01-17 16:45:20 DEBUG: Send: <D p="24"/>
2017-01-17 16:45:20 INFO: Remaining tiles: 50
2017-01-17 16:45:21 DEBUG: Get: <D24/> <U/> 
2017-01-17 16:45:24 DEBUG: Get: <e21/> <V/> 
2017-01-17 16:45:26 DEBUG: Get: <f97/> 
2017-01-17 16:45:27 DEBUG: Get: <W/> 
2017-01-17 16:45:29 DEBUG: Get: <G103/> <T0/> 
2017-01-17 16:45:30 INFO: Hand: 145m23379p234456s
2017-01-17 16:45:30 DEBUG: Send: <D p="0"/>
2017-01-17 16:45:30 INFO: Remaining tiles: 46
2017-01-17 16:45:31 DEBUG: Get: <D0/> <U/> 
2017-01-17 16:45:32 DEBUG: Send: <Z />
2017-01-17 16:45:32 DEBUG: Get: <E8/> <V/> 
2017-01-17 16:45:34 DEBUG: Get: <F124/> <W/> 
2017-01-17 16:45:37 DEBUG: Get: <g121/> <T114/> 
2017-01-17 16:45:38 INFO: Hand: 45m23379p234456s2z
2017-01-17 16:45:38 DEBUG: Send: <D p="114"/>
2017-01-17 16:45:38 INFO: Remaining tiles: 42
2017-01-17 16:45:39 DEBUG: Get: <D114/> 
2017-01-17 16:45:40 DEBUG: Get: <U/> 
2017-01-17 16:45:41 DEBUG: Get: <E107/> <V/> 
2017-01-17 16:45:43 DEBUG: Get: <F122/> <W/> 
2017-01-17 16:45:46 DEBUG: Get: <G91 t="4"/> 
2017-01-17 16:45:47 DEBUG: Send: <N />
2017-01-17 16:45:47 DEBUG: Send: <Z />
2017-01-17 16:45:48 DEBUG: Get: <T82/> 
2017-01-17 16:45:49 INFO: Hand: 45m23379p2334456s
2017-01-17 16:45:49 DEBUG: Send: <D p="77"/>
2017-01-17 16:45:49 INFO: Remaining tiles: 38
2017-01-17 16:45:50 DEBUG: Get: <D77/> <U/> 
2017-01-17 16:45:51 DEBUG: Get: <E123/> <V/> 
2017-01-17 16:45:52 DEBUG: Get: <F115/> <W/> 
2017-01-17 16:45:54 DEBUG: Get: <g134/> <T105/> 
2017-01-17 16:45:55 INFO: Hand: 45m23379p3344569s
2017-01-17 16:45:55 DEBUG: Send: <D p="105"/>
2017-01-17 16:45:55 INFO: Remaining tiles: 34
2017-01-17 16:45:56 DEBUG: Get: <D105/> <U/> 
2017-01-17 16:45:57 DEBUG: Get: <E78/> <V/> 
2017-01-17 16:45:59 DEBUG: Get: <F10/> 
2017-01-17 16:46:01 DEBUG: Get: <W/> 
2017-01-17 16:46:02 DEBUG: Get: <g112/> <T20/> 
2017-01-17 16:46:02 DEBUG: Send: <Z />
2017-01-17 16:46:03 INFO: Hand: 456m23379p334456s
2017-01-17 16:46:03 DEBUG: Send: <D p="43"/>
2017-01-17 16:46:03 INFO: Remaining tiles: 30
2017-01-17 16:46:04 DEBUG: Get: <D43/> <U/> 
2017-01-17 16:46:05 DEBUG: Get: <E102/> <V/> 
2017-01-17 16:46:07 DEBUG: Get: <f9/> 
2017-01-17 16:46:10 DEBUG: Get: <W/> 
2017-01-17 16:46:11 DEBUG: Get: <g101/> <T27/> 
2017-01-17 16:46:12 INFO: Hand: 4567m3379p334456s
2017-01-17 16:46:12 DEBUG: Send: <D p="70"/>
2017-01-17 16:46:12 INFO: Remaining tiles: 26
2017-01-17 16:46:13 DEBUG: Get: <D70/> <U/> 
2017-01-17 16:46:15 DEBUG: Get: <E68/> <V/> 
2017-01-17 16:46:17 DEBUG: Send: <Z />
2017-01-17 16:46:20 DEBUG: Get: <f65/> 
2017-01-17 16:46:22 DEBUG: Get: <W/> 
2017-01-17 16:46:24 DEBUG: Get: <G108/> <T11/> 
2017-01-17 16:46:25 INFO: Hand: 34567m337p334456s
2017-01-17 16:46:25 DEBUG: Send: <D p="61"/>
2017-01-17 16:46:25 INFO: Remaining tiles: 22
2017-01-17 16:46:26 DEBUG: Get: <D61/> 
2017-01-17 16:46:27 DEBUG: Get: <U/> 
2017-01-17 16:46:28 DEBUG: Get: <E5/> <V/> 
2017-01-17 16:46:31 DEBUG: Get: <F74/> <W/> 
2017-01-17 16:46:32 DEBUG: Send: <Z />
2017-01-17 16:46:34 DEBUG: Get: <G128/> <T75/> 
2017-01-17 16:46:35 INFO: Hand: 34567m33p1334456s
2017-01-17 16:46:35 DEBUG: Send: <D p="75"/>
2017-01-17 16:46:35 INFO: Remaining tiles: 18
2017-01-17 16:46:36 DEBUG: Get: <D75/> <U/> 
2017-01-17 16:46:37 DEBUG: Get: <E133/> <V/> 
2017-01-17 16:46:39 DEBUG: Get: <F72/> <W/> 
2017-01-17 16:46:43 DEBUG: Get: <G6 t="4"/> 
2017-01-17 16:46:44 DEBUG: Send: <N />
2017-01-17 16:46:45 DEBUG: Get: <T100/> 
2017-01-17 16:46:46 INFO: Hand: 34567m33p3344568s
2017-01-17 16:46:46 DEBUG: Send: <D p="100"/>
2017-01-17 16:46:46 INFO: Remaining tiles: 14
2017-01-17 16:46:47 DEBUG: Get: <D100/> <U/> 
2017-01-17 16:46:47 DEBUG: Send: <Z />
2017-01-17 16:46:48 DEBUG: Get: <E110/> <V/> 
2017-01-17 16:46:49 DEBUG: Get: <F131/> <W/> 
2017-01-17 16:46:51 DEBUG: Get: <g129/> <T44 t="32"/> 
2017-01-17 16:46:52 INFO: Hand: 34567m333p334456s
2017-01-17 16:46:52 DEBUG: Send: <REACH hai="85" />
2017-01-17 16:46:54 DEBUG: Send: <D p="85"/>
2017-01-17 16:46:54 INFO: Remaining tiles: 10
2017-01-17 16:46:55 DEBUG: Get: <REACH who="0" step="1"/> <D85/> <REACH who="0" ten="211,191,347,221" step="2"/> <U/> 
2017-01-17 16:46:55 INFO: Riichi called by 0 player
2017-01-17 16:46:56 DEBUG: Get: <E130/> <V/> 
2017-01-17 16:46:57 DEBUG: Get: <F84/> 
2017-01-17 16:46:58 DEBUG: Get: <W/> 
2017-01-17 16:47:01 DEBUG: Get: <g50/> <T28 t="16"/> 
2017-01-17 16:47:01 DEBUG: Send: <N type="7" />
2017-01-17 16:47:02 DEBUG: Send: <Z />
2017-01-17 16:47:02 DEBUG: Get: <AGARI ba="3,3" hai="11,13,17,20,27,28,44,45,46,81,82,87,90,95" machi="28" ten="30,12000,2" yaku="1,1,2,1,0,1,8,1,53,2" doraHai="34" doraHaiUra="79" who="0" fromWho="0" sc="211,159,191,-33,347,-33,221,-63" /> 
2017-01-17 16:47:04 DEBUG: Send: <NEXTREADY />
2017-01-17 16:47:10 DEBUG: Get: <INIT seed="2,0,0,4,2,62" ten="370,158,314,158" oya="0" hai="86,10,106,82,37,130,26,68,51,124,100,30,48"/> <T71/> 
2017-01-17 16:47:10 INFO: Round: 2, Honba: 0, Dora Indicators: [62]
2017-01-17 16:47:10 INFO: Players: [NoName (37,000), 上野あいみ (31,400), no_D (15,800), 紅稀 (15,800)]
2017-01-17 16:47:10 INFO: Dealer: NoName (37,000)
2017-01-17 16:47:10 INFO: Round  wind: East
2017-01-17 16:47:10 INFO: Player wind: East
2017-01-17 16:47:11 INFO: Hand: 378m14499p3489s56z
2017-01-17 16:47:11 DEBUG: Send: <D p="37"/>
2017-01-17 16:47:11 INFO: Remaining tiles: 69
2017-01-17 16:47:12 DEBUG: Get: <D37/> <U/> 
2017-01-17 16:47:16 DEBUG: Get: <E2/> <V/> 
2017-01-17 16:47:17 DEBUG: Send: <Z />
2017-01-17 16:47:21 DEBUG: Get: <F120/> <W/> 
2017-01-17 16:47:23 DEBUG: Get: <g39/> <T96/> 
2017-01-17 16:47:24 INFO: Hand: 378m4499p34789s56z
2017-01-17 16:47:24 DEBUG: Send: <D p="130"/>
2017-01-17 16:47:24 INFO: Remaining tiles: 65
2017-01-17 16:47:25 DEBUG: Get: <D130/> <U/> 
2017-01-17 16:47:26 DEBUG: Get: <E32/> 
2017-01-17 16:47:27 DEBUG: Get: <V/> 
2017-01-17 16:47:30 DEBUG: Get: <f7/> <W/> 
2017-01-17 16:47:32 DEBUG: Send: <Z />
2017-01-17 16:47:33 DEBUG: Get: <G135/> <T0/> 
2017-01-17 16:47:34 INFO: Hand: 1378m4499p34789s5z
2017-01-17 16:47:34 DEBUG: Send: <D p="124"/>
2017-01-17 16:47:34 INFO: Remaining tiles: 61
2017-01-17 16:47:35 DEBUG: Get: <D124/> <U/> 
2017-01-17 16:47:36 DEBUG: Get: <E133/> <V/> 
2017-01-17 16:47:39 DEBUG: Get: <F125/> <W/> 
2017-01-17 16:47:43 DEBUG: Get: <g128/> <T99/> 
2017-01-17 16:47:44 INFO: Hand: 1378m4499p347789s
2017-01-17 16:47:44 DEBUG: Send: <D p="0"/>
2017-01-17 16:47:44 INFO: Remaining tiles: 57
2017-01-17 16:47:45 DEBUG: Get: <D0/> <U/> 
2017-01-17 16:47:46 DEBUG: Get: <E6/> <V/> 
2017-01-17 16:47:47 DEBUG: Send: <Z />
2017-01-17 16:47:48 DEBUG: Get: <f134/> <W/> 
2017-01-17 16:47:51 DEBUG: Get: <G127/> 
2017-01-17 16:47:53 DEBUG: Get: <T13/> 
2017-01-17 16:47:54 INFO: Hand: 3478m4499p347789s
2017-01-17 16:47:54 DEBUG: Send: <D p="10"/>
2017-01-17 16:47:54 INFO: Remaining tiles: 53
2017-01-17 16:47:55 DEBUG: Get: <D10/> <U/> 
2017-01-17 16:47:56 DEBUG: Get: <e113/> <V/> 
2017-01-17 16:47:58 DEBUG: Get: <f131/> <W/> 
2017-01-17 16:48:01 DEBUG: Get: <G76 t="4"/> 
2017-01-17 16:48:02 DEBUG: Send: <N />
2017-01-17 16:48:02 DEBUG: Send: <Z />
2017-01-17 16:48:03 DEBUG: Get: <T111/> 
2017-01-17 16:48:04 INFO: Hand: 478m4499p347789s1z
2017-01-17 16:48:04 DEBUG: Send: <D p="111"/>
2017-01-17 16:48:04 INFO: Remaining tiles: 49
2017-01-17 16:48:05 DEBUG: Get: <D111/> <U/> 
2017-01-17 16:48:07 DEBUG: Get: <e112/> <V/> 
2017-01-17 16:48:09 DEBUG: Get: <F21/> <W/> 
2017-01-17 16:48:12 DEBUG: Get: <G33 t="4"/> 
2017-01-17 16:48:13 DEBUG: Send: <N />
2017-01-17 16:48:14 DEBUG: Get: <T84/> 
2017-01-17 16:48:15 INFO: Hand: 478m4499p3447789s
2017-01-17 16:48:15 DEBUG: Send: <D p="13"/>
2017-01-17 16:48:15 INFO: Remaining tiles: 45
2017-01-17 16:48:16 DEBUG: Get: <D13/> 
2017-01-17 16:48:17 DEBUG: Get: <U/> 
2017-01-17 16:48:17 DEBUG: Send: <Z />
2017-01-17 16:48:19 DEBUG: Get: <e29/> <V/> 
2017-01-17 16:48:22 DEBUG: Get: <F47/> 
2017-01-17 16:48:24 DEBUG: Get: <W/> 
2017-01-17 16:48:32 DEBUG: Get: <G92 t="4"/> 
2017-01-17 16:48:32 DEBUG: Send: <Z />
2017-01-17 16:48:33 DEBUG: Send: <N />
2017-01-17 16:48:34 DEBUG: Get: <T20/> 
2017-01-17 16:48:35 INFO: Hand: 678m4499p3447789s
2017-01-17 16:48:35 DEBUG: Send: <D p="82"/>
2017-01-17 16:48:35 INFO: Remaining tiles: 41
2017-01-17 16:48:36 DEBUG: Get: <D82/> 
2017-01-17 16:48:37 DEBUG: Get: <U/> 
2017-01-17 16:48:39 DEBUG: Get: <E70 t="1"/> 
2017-01-17 16:48:40 DEBUG: Send: <N />
2017-01-17 16:48:41 DEBUG: Get: <V/> 
2017-01-17 16:48:42 DEBUG: Get: <f40/> <W/> 
2017-01-17 16:48:45 DEBUG: Get: <g73/> 
2017-01-17 16:48:46 DEBUG: Get: <T123/> 
2017-01-17 16:48:47 INFO: Hand: 678m4499p447789s4z
2017-01-17 16:48:47 DEBUG: Send: <D p="123"/>
2017-01-17 16:48:47 INFO: Remaining tiles: 37
2017-01-17 16:48:47 DEBUG: Send: <Z />
2017-01-17 16:48:48 DEBUG: Get: <D123/> <U/> 
2017-01-17 16:48:50 DEBUG: Get: <e4/> <V/> 
2017-01-17 16:48:52 DEBUG: Get: <f36/> <W/> 
2017-01-17 16:48:55 DEBUG: Get: <g78/> <T56/> 
2017-01-17 16:48:56 INFO: Hand: 678m44699p447789s
2017-01-17 16:48:56 DEBUG: Send: <D p="56"/>
2017-01-17 16:48:56 INFO: Remaining tiles: 33
2017-01-17 16:48:57 DEBUG: Get: <D56/> <U/> 
2017-01-17 16:48:59 DEBUG: Get: <e93/> <V/> 
2017-01-17 16:49:02 DEBUG: Send: <Z />
2017-01-17 16:49:02 DEBUG: Get: <F108/> <W/> 
2017-01-17 16:49:05 DEBUG: Get: <g87 t="1"/> 
2017-01-17 16:49:06 DEBUG: Send: <N />
2017-01-17 16:49:07 DEBUG: Get: <T3/> 
2017-01-17 16:49:08 INFO: Hand: 1678m4499p447789s
2017-01-17 16:49:08 DEBUG: Send: <D p="3"/>
2017-01-17 16:49:08 INFO: Remaining tiles: 29
2017-01-17 16:49:09 DEBUG: Get: <D3/> <U/> 
2017-01-17 16:49:10 DEBUG: Get: <e31/> <V/> 
2017-01-17 16:49:12 DEBUG: Get: <f46/> 
2017-01-17 16:49:13 DEBUG: Get: <W/> 
2017-01-17 16:49:16 DEBUG: Get: <G5/> <T116/> 
2017-01-17 16:49:17 INFO: Hand: 678m4499p447789s3z
2017-01-17 16:49:17 DEBUG: Send: <D p="116"/>
2017-01-17 16:49:17 INFO: Remaining tiles: 25
2017-01-17 16:49:17 DEBUG: Send: <Z />
2017-01-17 16:49:18 DEBUG: Get: <D116/> <U/> 
2017-01-17 16:49:19 DEBUG: Get: <e9/> <V/> 
2017-01-17 16:49:21 DEBUG: Get: <f1/> <W/> 
2017-01-17 16:49:24 DEBUG: Get: <G98 t="5"/> 
2017-01-17 16:49:25 DEBUG: Send: <N />
2017-01-17 16:49:26 DEBUG: Get: <T91/> 
2017-01-17 16:49:27 INFO: Hand: 678m4499p4457789s
2017-01-17 16:49:27 DEBUG: Send: <D p="96"/>
2017-01-17 16:49:27 INFO: Remaining tiles: 21
2017-01-17 16:49:28 DEBUG: Get: <D96/> <U/> 
2017-01-17 16:49:30 DEBUG: Get: <e8/> <V/> 
2017-01-17 16:49:32 DEBUG: Send: <Z />
2017-01-17 16:49:35 DEBUG: Get: <F126/> <W/> 
2017-01-17 16:49:37 DEBUG: Get: <g43/> <T129/> 
2017-01-17 16:49:38 INFO: Hand: 678m4499p445789s6z
2017-01-17 16:49:38 DEBUG: Send: <D p="129"/>
2017-01-17 16:49:38 INFO: Remaining tiles: 17
2017-01-17 16:49:39 DEBUG: Get: <D129/> <U/> 
2017-01-17 16:49:41 DEBUG: Get: <e97/> 
2017-01-17 16:49:42 DEBUG: Get: <N who="2" m="57583" /> 
2017-01-17 16:49:42 INFO: Meld: chi, who 2
2017-01-17 16:49:43 DEBUG: Get: <F34/> <W/> 
2017-01-17 16:49:47 DEBUG: Get: <g69 t="1"/> 
2017-01-17 16:49:47 DEBUG: Send: <Z />
2017-01-17 16:49:48 DEBUG: Send: <N />
2017-01-17 16:49:49 DEBUG: Get: <T38/> 
2017-01-17 16:49:50 INFO: Hand: 678m14499p445789s
2017-01-17 16:49:50 DEBUG: Send: <D p="38"/>
2017-01-17 16:49:50 INFO: Remaining tiles: 14
2017-01-17 16:49:51 DEBUG: Get: <D38/> <U/> 
2017-01-17 16:49:52 DEBUG: Get: <e23/> <V/> 
2017-01-17 16:49:54 DEBUG: Get: <F35/> <W/> 
2017-01-17 16:49:58 DEBUG: Get: <G104 t="4"/> 
2017-01-17 16:49:59 DEBUG: Send: <N />
2017-01-17 16:50:00 DEBUG: Get: <T41/> 
2017-01-17 16:50:01 INFO: Hand: 678m24499p445789s
2017-01-17 16:50:01 DEBUG: Send: <D p="41"/>
2017-01-17 16:50:01 INFO: Remaining tiles: 10
2017-01-17 16:50:02 DEBUG: Get: <D41/> 
2017-01-17 16:50:02 DEBUG: Send: <Z />
2017-01-17 16:50:03 DEBUG: Get: <U/> 
2017-01-17 16:50:05 DEBUG: Get: <e110/> <V/> 
2017-01-17 16:50:07 DEBUG: Get: <F121/> <W/> 
2017-01-17 16:50:11 DEBUG: Get: <G105 t="4"/> 
2017-01-17 16:50:12 DEBUG: Send: <N />
2017-01-17 16:50:13 DEBUG: Get: <T18/> 
2017-01-17 16:50:14 INFO: Hand: 5678m4499p445789s
2017-01-17 16:50:14 DEBUG: Send: <D p="30"/>
2017-01-17 16:50:14 INFO: Remaining tiles: 6
2017-01-17 16:50:15 DEBUG: Get: <D30/> <U/> 
2017-01-17 16:50:17 DEBUG: Send: <Z />
2017-01-17 16:50:18 DEBUG: Get: <E45/> <V/> 
2017-01-17 16:50:20 DEBUG: Get: <f12/> 
2017-01-17 16:50:25 DEBUG: Get: <W/> 
2017-01-17 16:50:26 DEBUG: Get: <G107 t="4"/> 
2017-01-17 16:50:27 DEBUG: Send: <N />
2017-01-17 16:50:28 DEBUG: Get: <T117/> 
2017-01-17 16:50:29 INFO: Hand: 567m4499p445789s3z
2017-01-17 16:50:29 DEBUG: Send: <D p="117"/>
2017-01-17 16:50:29 INFO: Remaining tiles: 2
2017-01-17 16:50:30 DEBUG: Get: <D117/> 
2017-01-17 16:50:31 DEBUG: Get: <AGARI ba="0,0" hai="58,63,67,74,75,101,102,103,117,118,119" m="57583" machi="117" ten="30,2000,0" yaku="12,1,52,1" doraHai="62" who="2" fromWho="0" sc="370,-20,158,0,314,20,158,0" /> 
2017-01-17 16:50:33 DEBUG: Send: <Z />
2017-01-17 16:50:33 DEBUG: Send: <NEXTREADY />
2017-01-17 16:50:35 DEBUG: Get: <INIT seed="3,0,0,2,5,82" ten="350,158,334,158" oya="1" hai="119,77,68,116,4,37,71,74,73,90,64,66,132"/> <U/> 
2017-01-17 16:50:35 INFO: Round: 3, Honba: 0, Dora Indicators: [82]
2017-01-17 16:50:35 INFO: Players: [NoName (35,000), 上野あいみ (33,400), no_D (15,800), 紅稀 (15,800)]
2017-01-17 16:50:35 INFO: Dealer: no_D (15,800)
2017-01-17 16:50:35 INFO: Round  wind: East
2017-01-17 16:50:35 INFO: Player wind: North
2017-01-17 16:50:41 DEBUG: Get: <E114/> 
2017-01-17 16:50:42 DEBUG: Get: <N who="2" m="44139" /> 
2017-01-17 16:50:42 INFO: Meld: pon, who 2
2017-01-17 16:50:44 DEBUG: Get: <F3/> <W/> 
2017-01-17 16:50:46 DEBUG: Get: <G121/> <T54/> 
2017-01-17 16:50:47 INFO: Hand: 2m158899p1125s337z
2017-01-17 16:50:47 DEBUG: Send: <D p="132"/>
2017-01-17 16:50:47 INFO: Remaining tiles: 67
2017-01-17 16:50:48 DEBUG: Send: <Z />
2017-01-17 16:50:48 DEBUG: Get: <D132/> <U/> 
2017-01-17 16:50:49 DEBUG: Get: <E123/> <V/> 
2017-01-17 16:50:53 DEBUG: Get: <F60/> 
2017-01-17 16:50:58 DEBUG: Get: <W/> 
2017-01-17 16:50:59 DEBUG: Get: <G124/> <T63/> 
2017-01-17 16:51:00 INFO: Hand: 2m1578899p1125s33z
2017-01-17 16:51:00 DEBUG: Send: <D p="37"/>
2017-01-17 16:51:00 INFO: Remaining tiles: 63
2017-01-17 16:51:01 DEBUG: Get: <D37/> <U/> 
2017-01-17 16:51:02 DEBUG: Get: <E34/> <V/> 
2017-01-17 16:51:03 DEBUG: Send: <Z />
2017-01-17 16:51:03 DEBUG: Get: <F135/> <W/> 
2017-01-17 16:51:08 DEBUG: Get: <G133/> <T81/> 
2017-01-17 16:51:09 INFO: Hand: 2m578899p11235s33z
2017-01-17 16:51:09 DEBUG: Send: <D p="4"/>
2017-01-17 16:51:09 INFO: Remaining tiles: 59
2017-01-17 16:51:10 DEBUG: Get: <D4/> 
2017-01-17 16:51:11 DEBUG: Get: <U/> 
2017-01-17 16:51:12 DEBUG: Get: <E32/> <V/> 
2017-01-17 16:51:13 DEBUG: Get: <F127/> <W/> 
2017-01-17 16:51:16 DEBUG: Get: <G107/> <T16/> 
2017-01-17 16:51:17 INFO: Hand: 5m578899p11235s33z
2017-01-17 16:51:17 DEBUG: Send: <D p="16"/>
2017-01-17 16:51:17 INFO: Remaining tiles: 55
2017-01-17 16:51:18 DEBUG: Send: <Z />
2017-01-17 16:51:18 DEBUG: Get: <D16/> <U/> 
2017-01-17 16:51:20 DEBUG: Get: <E98/> <V/> 
2017-01-17 16:51:22 DEBUG: Get: <F101/> 
2017-01-17 16:51:23 DEBUG: Get: <W/> 
2017-01-17 16:51:24 DEBUG: Get: <G36/> <T91/> 
2017-01-17 16:51:25 INFO: Hand: 578899p112355s33z
2017-01-17 16:51:25 DEBUG: Send: <D p="54"/>
2017-01-17 16:51:25 INFO: Remaining tiles: 51
2017-01-17 16:51:26 DEBUG: Get: <D54/> <U/> 
2017-01-17 16:51:27 DEBUG: Get: <E131/> <V/> 
2017-01-17 16:51:31 DEBUG: Get: <F27/> 
2017-01-17 16:51:33 DEBUG: Send: <Z />
2017-01-17 16:51:33 DEBUG: Get: <W/> 
2017-01-17 16:51:34 DEBUG: Get: <g118 t="1"/> 
2017-01-17 16:51:35 DEBUG: Send: <N />
2017-01-17 16:51:36 DEBUG: Get: <T31/> 
2017-01-17 16:51:37 INFO: Hand: 8m78899p112355s33z
2017-01-17 16:51:37 DEBUG: Send: <D p="31"/>
2017-01-17 16:51:37 INFO: Remaining tiles: 47
2017-01-17 16:51:38 DEBUG: Get: <D31/> <U/> 
2017-01-17 16:51:39 DEBUG: Get: <E106/> <V/> 
2017-01-17 16:51:41 DEBUG: Get: <F129/> <W/> 
2017-01-17 16:51:44 DEBUG: Get: <g130/> <T41/> 
2017-01-17 16:51:45 INFO: Hand: 278899p112355s33z
2017-01-17 16:51:45 DEBUG: Send: <D p="41"/>
2017-01-17 16:51:45 INFO: Remaining tiles: 43
2017-01-17 16:51:46 DEBUG: Get: <D41/> <U/> 
2017-01-17 16:51:48 DEBUG: Send: <Z />
2017-01-17 16:51:48 DEBUG: Get: <E0/> <V/> 
2017-01-17 16:51:50 DEBUG: Get: <F83/> <W/> 
2017-01-17 16:51:52 DEBUG: Get: <g109/> <T65/> 
2017-01-17 16:51:53 INFO: Hand: 788899p112355s33z
2017-01-17 16:51:53 DEBUG: Send: <D p="63"/>
2017-01-17 16:51:53 INFO: Remaining tiles: 39
2017-01-17 16:51:54 DEBUG: Get: <D63/> 
2017-01-17 16:51:58 DEBUG: Get: <U/> 
2017-01-17 16:51:59 DEBUG: Get: <e1/> <V/> 
2017-01-17 16:52:00 DEBUG: Get: <f35/> 
2017-01-17 16:52:03 DEBUG: Send: <Z />
2017-01-17 16:52:03 DEBUG: Get: <W/> 
2017-01-17 16:52:04 DEBUG: Get: <g96/> <T89 t="32"/> 
2017-01-17 16:52:05 INFO: Hand: 88899p1123555s33z
2017-01-17 16:52:05 DEBUG: Send: <REACH hai="64" />
2017-01-17 16:52:07 DEBUG: Send: <D p="64"/>
2017-01-17 16:52:07 INFO: Remaining tiles: 35
2017-01-17 16:52:08 DEBUG: Get: <REACH who="0" step="1"/> 
2017-01-17 16:52:09 DEBUG: Get: 
2017-01-17 16:52:10 DEBUG: Get: 
2017-01-17 16:52:11 DEBUG: Get: 
2017-01-17 16:52:12 DEBUG: Get: 
2017-01-17 16:52:13 DEBUG: Get: 
2017-01-17 16:52:14 DEBUG: Get: 
2017-01-17 16:52:15 DEBUG: Get: 
2017-01-17 16:52:16 DEBUG: Get: 
2017-01-17 16:52:17 DEBUG: Get: 
2017-01-17 16:52:18 DEBUG: Send: <Z />
2017-01-17 16:52:18 DEBUG: Get: 
2017-01-17 16:52:19 DEBUG: Get: 
2017-01-17 16:52:20 DEBUG: Get: 
2017-01-17 16:52:21 DEBUG: Get: 
2017-01-17 16:52:22 DEBUG: Get: 
2017-01-17 16:52:23 DEBUG: Get: 
2017-01-17 16:52:24 DEBUG: Get: 
2017-01-17 16:52:25 DEBUG: Get: 
2017-01-17 16:52:26 DEBUG: Get: 
2017-01-17 16:52:27 DEBUG: Get: 
2017-01-17 16:52:28 DEBUG: Get: 
2017-01-17 16:52:29 DEBUG: Get: 
2017-01-17 16:52:30 DEBUG: Get: 
2017-01-17 16:52:31 DEBUG: Get: 
2017-01-17 16:52:32 DEBUG: Get: 
2017-01-17 16:52:33 DEBUG: Send: <Z />
2017-01-17 16:52:33 DEBUG: Get: 
2017-01-17 16:52:34 DEBUG: Get: 
2017-01-17 16:52:35 DEBUG: Get: 
2017-01-17 16:52:36 DEBUG: Get: 
2017-01-17 16:52:37 DEBUG: Get: 
2017-01-17 16:52:38 DEBUG: Get: 
2017-01-17 16:52:39 DEBUG: Get: 
2017-01-17 16:52:40 DEBUG: Get: 
2017-01-17 16:52:41 DEBUG: Get: 
2017-01-17 16:52:42 DEBUG: Get: 
2017-01-17 16:52:43 DEBUG: Get: 
2017-01-17 16:52:44 DEBUG: Get: 
2017-01-17 16:52:45 DEBUG: Get: 
2017-01-17 16:52:46 DEBUG: Get: 
2017-01-17 16:52:47 DEBUG: Get: 
2017-01-17 16:52:48 DEBUG: Get: 
2017-01-17 16:52:49 DEBUG: Get: 
2017-01-17 16:52:50 DEBUG: Get: 
2017-01-17 16:52:51 DEBUG: Get: 
2017-01-17 16:52:52 DEBUG: Get: 
2017-01-17 16:52:53 DEBUG: Get: 
2017-01-17 16:52:54 DEBUG: Get: 
2017-01-17 16:52:55 DEBUG: Get: 
2017-01-17 16:52:56 DEBUG: Get: 
2017-01-17 16:52:57 DEBUG: Get: 
2017-01-17 16:52:58 DEBUG: Get: 
2017-01-17 16:52:59 DEBUG: Get: 
2017-01-17 16:53:00 DEBUG: Get: 
2017-01-17 16:53:01 DEBUG: Get: 
2017-01-17 16:53:02 DEBUG: Get: 
2017-01-17 16:53:03 DEBUG: Get: 
2017-01-17 16:53:04 DEBUG: Get: 
2017-01-17 16:53:05 DEBUG: Get: 
2017-01-17 16:53:06 DEBUG: Get: 
2017-01-17 16:53:07 DEBUG: Get: 
2017-01-17 16:53:08 DEBUG: Get: 
2017-01-17 16:53:09 DEBUG: Get: 
2017-01-17 16:53:10 DEBUG: Get: 
2017-01-17 16:53:11 DEBUG: Get: 
2017-01-17 16:53:12 DEBUG: Get: 
2017-01-17 16:53:13 DEBUG: Get: 
2017-01-17 16:53:14 DEBUG: Get: 
2017-01-17 16:53:15 DEBUG: Get: 
2017-01-17 16:53:16 DEBUG: Get: 
2017-01-17 16:53:17 DEBUG: Get: 
2017-01-17 16:53:18 DEBUG: Get: 
2017-01-17 16:53:19 DEBUG: Get: 
2017-01-17 16:53:20 DEBUG: Get: 
2017-01-17 16:53:21 DEBUG: Get: 
2017-01-17 16:53:22 DEBUG: Get: 
2017-01-17 16:53:23 DEBUG: Get: 
2017-01-17 16:53:24 DEBUG: Get: 
2017-01-17 16:53:25 DEBUG: Get: 
2017-01-17 16:53:26 DEBUG: Get: 
2017-01-17 16:53:27 DEBUG: Get: 
2017-01-17 16:53:28 DEBUG: Get: 
2017-01-17 16:53:29 DEBUG: Get: 
2017-01-17 16:53:30 DEBUG: Get: 
2017-01-17 16:53:31 DEBUG: Get: 
2017-01-17 16:53:32 DEBUG: Get: 
2017-01-17 16:53:33 DEBUG: Get: 
2017-01-17 16:53:34 DEBUG: Get: 
2017-01-17 16:53:35 DEBUG: Get: 
2017-01-17 16:53:36 DEBUG: Get: 
2017-01-17 16:53:37 DEBUG: Get: 
2017-01-17 16:53:38 DEBUG: Get: 
2017-01-17 16:53:39 DEBUG: Get: 
2017-01-17 16:53:40 DEBUG: Get: 
2017-01-17 16:53:41 DEBUG: Get: 
2017-01-17 16:53:42 DEBUG: Get: 
2017-01-17 16:53:43 DEBUG: Get: 
2017-01-17 16:53:44 DEBUG: Get: 
2017-01-17 16:53:45 DEBUG: Get: 
2017-01-17 16:53:46 DEBUG: Get: 
2017-01-17 16:53:47 DEBUG: Get: 
2017-01-17 16:53:48 DEBUG: Get: 
2017-01-17 16:53:49 DEBUG: Get: 
2017-01-17 16:53:50 DEBUG: Get: 
2017-01-17 16:53:51 DEBUG: Get: 
2017-01-17 16:53:52 DEBUG: Get: 
2017-01-17 16:53:53 DEBUG: Get: 
2017-01-17 16:53:54 DEBUG: Get: 
2017-01-17 16:53:55 DEBUG: Get: 
2017-01-17 16:53:56 DEBUG: Get: 
2017-01-17 16:53:57 DEBUG: Get: 
2017-01-17 16:53:58 DEBUG: Get: 
2017-01-17 16:53:59 DEBUG: Get: 
2017-01-17 16:54:00 DEBUG: Get: 
2017-01-17 16:54:01 DEBUG: Get: 
2017-01-17 16:54:02 DEBUG: Get: 
2017-01-17 16:54:03 DEBUG: Get: 
2017-01-17 16:54:04 DEBUG: Get: 
2017-01-17 16:54:05 DEBUG: Get: 
2017-01-17 16:54:06 DEBUG: Get: 
2017-01-17 16:54:07 DEBUG: Get: 
2017-01-17 16:54:08 DEBUG: Get: 
2017-01-17 16:54:09 DEBUG: Get: 
2017-01-17 16:54:10 DEBUG: Get: 
2017-01-17 16:54:11 DEBUG: Get: 
2017-01-17 16:54:12 DEBUG: Get: 
2017-01-17 16:54:13 DEBUG: Get: 
2017-01-17 16:54:14 DEBUG: Get: 
2017-01-17 16:54:15 DEBUG: Get: 
2017-01-17 16:54:16 DEBUG: Get: 
2017-01-17 16:54:17 DEBUG: Get: 
2017-01-17 16:54:19 DEBUG: Get: 
2017-01-17 16:54:20 DEBUG: Get: 
2017-01-17 16:54:21 DEBUG: Get: 
2017-01-17 16:54:22 DEBUG: Get: 
2017-01-17 16:54:23 DEBUG: Get: 
2017-01-17 16:54:24 DEBUG: Get: 
2017-01-17 16:54:25 DEBUG: Get: 
2017-01-17 16:54:26 DEBUG: Get: 
2017-01-17 16:54:27 DEBUG: Get: 
2017-01-17 16:54:28 DEBUG: Get: 
2017-01-17 16:54:29 DEBUG: Get: 
2017-01-17 16:54:30 DEBUG: Get: 
2017-01-17 16:54:31 DEBUG: Get: 
2017-01-17 16:54:32 DEBUG: Get: 
2017-01-17 16:54:33 DEBUG: Get: 
2017-01-17 16:54:34 DEBUG: Get: 
2017-01-17 16:54:35 DEBUG: Get: 
2017-01-17 16:54:36 DEBUG: Get: 
2017-01-17 16:54:37 DEBUG: Get: 
2017-01-17 16:54:38 DEBUG: Get: 
2017-01-17 16:54:39 DEBUG: Get: 
2017-01-17 16:54:40 DEBUG: Get: 
2017-01-17 16:54:41 DEBUG: Get: 
2017-01-17 16:54:42 DEBUG: Get: 
2017-01-17 16:54:43 DEBUG: Get: 
2017-01-17 16:54:44 DEBUG: Get: 
2017-01-17 16:54:45 DEBUG: Get: 
2017-01-17 16:54:46 DEBUG: Get: 
2017-01-17 16:54:47 DEBUG: Get: 
2017-01-17 16:54:48 DEBUG: Get: 
2017-01-17 16:54:49 DEBUG: Get: 
2017-01-17 16:54:50 DEBUG: Get: 
2017-01-17 16:54:51 DEBUG: Get: 
2017-01-17 16:54:52 DEBUG: Get: 
2017-01-17 16:54:53 DEBUG: Get: 
2017-01-17 16:54:54 DEBUG: Get: 
2017-01-17 16:54:55 DEBUG: Get: 
2017-01-17 16:54:56 DEBUG: Get: 
2017-01-17 16:54:57 DEBUG: Get: 
2017-01-17 16:54:58 DEBUG: Get: 
2017-01-17 16:54:59 DEBUG: Get: 
2017-01-17 16:55:00 DEBUG: Get: 
2017-01-17 16:55:01 DEBUG: Get: 
2017-01-17 16:55:02 DEBUG: Get: 
2017-01-17 16:55:03 DEBUG: Get: 
2017-01-17 16:55:04 DEBUG: Get: 
2017-01-17 16:55:05 DEBUG: Get: 
2017-01-17 16:55:06 DEBUG: Get: 
2017-01-17 16:55:07 DEBUG: Get: 
2017-01-17 16:55:08 DEBUG: Get: 
2017-01-17 16:55:09 DEBUG: Get: 
2017-01-17 16:55:10 DEBUG: Get: 
2017-01-17 16:55:11 DEBUG: Get: 
2017-01-17 16:55:12 DEBUG: Get: 
2017-01-17 16:55:13 DEBUG: Get: 
2017-01-17 16:55:14 DEBUG: Get: 
2017-01-17 16:55:15 DEBUG: Get: 
2017-01-17 16:55:16 DEBUG: Get: 
2017-01-17 16:55:17 DEBUG: Get: 
2017-01-17 16:55:18 DEBUG: Get: 
2017-01-17 16:55:19 DEBUG: Get: 
2017-01-17 16:55:20 DEBUG: Get: 
2017-01-17 16:55:21 DEBUG: Get: 
2017-01-17 16:55:22 DEBUG: Get: 
2017-01-17 16:55:23 DEBUG: Get: 
2017-01-17 16:55:24 DEBUG: Get: 
2017-01-17 16:55:25 DEBUG: Get: 
2017-01-17 16:55:26 DEBUG: Get: 
2017-01-17 16:55:27 DEBUG: Get: 
2017-01-17 16:55:28 DEBUG: Get: 
2017-01-17 16:55:29 DEBUG: Get: 
2017-01-17 16:55:30 DEBUG: Get: 
2017-01-17 16:55:31 DEBUG: Get: 
2017-01-17 16:55:32 DEBUG: Get: 
2017-01-17 16:55:33 DEBUG: Get: 
2017-01-17 16:55:34 DEBUG: Get: 
2017-01-17 16:55:35 DEBUG: Get: 
2017-01-17 16:55:36 DEBUG: Get: 
2017-01-17 16:55:37 DEBUG: Get: 
2017-01-17 16:55:38 DEBUG: Get: 
2017-01-17 16:55:39 DEBUG: Get: 
2017-01-17 16:55:40 DEBUG: Get: 
2017-01-17 16:55:41 DEBUG: Get: 
2017-01-17 16:55:42 DEBUG: Get: 
2017-01-17 16:55:43 DEBUG: Get: 
2017-01-17 16:55:44 DEBUG: Get: 
2017-01-17 16:55:45 DEBUG: Get: 
2017-01-17 16:55:46 DEBUG: Get: 
2017-01-17 16:55:47 DEBUG: Get: 
2017-01-17 16:55:48 DEBUG: Get: 
2017-01-17 16:55:49 DEBUG: Get: 
2017-01-17 16:55:50 DEBUG: Get: 
2017-01-17 16:55:51 DEBUG: Get: 
2017-01-17 16:55:52 DEBUG: Get: 
2017-01-17 16:55:53 DEBUG: Get: 
2017-01-17 16:55:54 DEBUG: Get: 
2017-01-17 16:55:55 DEBUG: Get: 
2017-01-17 16:55:56 DEBUG: Get: 
2017-01-17 16:55:57 DEBUG: Get: 
2017-01-17 16:55:58 DEBUG: Get: 
2017-01-17 16:55:59 DEBUG: Get: 
2017-01-17 16:56:00 DEBUG: Get: 
2017-01-17 16:56:01 DEBUG: Get: 
2017-01-17 16:56:02 DEBUG: Get: 
2017-01-17 16:56:03 DEBUG: Get: 
2017-01-17 16:56:04 DEBUG: Get: 
2017-01-17 16:56:05 DEBUG: Get: 
2017-01-17 16:56:06 DEBUG: Get: 
2017-01-17 16:56:07 DEBUG: Get: 
2017-01-17 16:56:08 DEBUG: Get: 
2017-01-17 16:56:09 DEBUG: Get: 
2017-01-17 16:56:10 DEBUG: Get: 
2017-01-17 16:56:11 DEBUG: Get: 
2017-01-17 16:56:12 DEBUG: Get: 
2017-01-17 16:56:13 DEBUG: Get: 
2017-01-17 16:56:14 DEBUG: Get: 
2017-01-17 16:56:15 DEBUG: Get: 
2017-01-17 16:56:16 DEBUG: Get: 
2017-01-17 16:56:17 DEBUG: Get: 
2017-01-17 16:56:18 DEBUG: Get: 
2017-01-17 16:56:19 DEBUG: Get: 
2017-01-17 16:56:20 DEBUG: Get: 
2017-01-17 16:56:21 DEBUG: Get: 
2017-01-17 16:56:22 DEBUG: Get: 
2017-01-17 16:56:23 DEBUG: Get: 
2017-01-17 16:56:24 DEBUG: Get: 
2017-01-17 16:56:25 DEBUG: Get: 
2017-01-17 16:56:26 DEBUG: Get: 
2017-01-17 16:56:27 DEBUG: Get: 
2017-01-17 16:56:28 DEBUG: Get: 
2017-01-17 16:56:29 DEBUG: Get: 
2017-01-17 16:56:30 DEBUG: Get: 
2017-01-17 16:56:31 DEBUG: Get: 
2017-01-17 16:56:32 DEBUG: Get: 
2017-01-17 16:56:33 DEBUG: Get: 
2017-01-17 16:56:34 DEBUG: Get: 
2017-01-17 16:56:35 DEBUG: Get: 
2017-01-17 16:56:36 DEBUG: Get: 
2017-01-17 16:56:37 DEBUG: Get: 
2017-01-17 16:56:38 DEBUG: Get: 
2017-01-17 16:56:39 DEBUG: Get: 
2017-01-17 16:56:40 DEBUG: Get: 
2017-01-17 16:56:41 DEBUG: Get: 
2017-01-17 16:56:42 DEBUG: Get: 
2017-01-17 16:56:43 DEBUG: Get: 
2017-01-17 16:56:44 DEBUG: Get: 
2017-01-17 16:56:45 DEBUG: Get: 
2017-01-17 16:56:46 DEBUG: Get: 
2017-01-17 16:56:47 DEBUG: Get: 
2017-01-17 16:56:48 DEBUG: Get: 
2017-01-17 16:56:49 DEBUG: Get: 
2017-01-17 16:56:50 DEBUG: Get: 
2017-01-17 16:56:51 DEBUG: Get: 
2017-01-17 16:56:52 DEBUG: Get: 
2017-01-17 16:56:53 DEBUG: Get: 
2017-01-17 16:56:54 DEBUG: Get: 
2017-01-17 16:56:55 DEBUG: Get: 
2017-01-17 16:56:56 DEBUG: Get: 
2017-01-17 16:56:57 DEBUG: Get: 
2017-01-17 16:56:58 DEBUG: Get: 
2017-01-17 16:56:59 DEBUG: Get: 
2017-01-17 16:57:00 DEBUG: Get: 
2017-01-17 16:57:01 DEBUG: Get: 
2017-01-17 16:57:02 DEBUG: Get: 
2017-01-17 16:57:03 DEBUG: Get: 
2017-01-17 16:57:04 DEBUG: Get: 
2017-01-17 16:57:05 DEBUG: Get: 
2017-01-17 16:57:06 DEBUG: Get: 
2017-01-17 16:57:07 DEBUG: Get: 
2017-01-17 16:57:08 DEBUG: Get: 
2017-01-17 16:57:09 DEBUG: Get: 
2017-01-17 16:57:10 DEBUG: Get: 
2017-01-17 16:57:11 DEBUG: Get: 
2017-01-17 16:57:12 DEBUG: Get: 
2017-01-17 16:57:13 DEBUG: Get: 
2017-01-17 16:57:14 DEBUG: Get: 
2017-01-17 16:57:15 DEBUG: Get: 
2017-01-17 16:57:16 DEBUG: Get: 
2017-01-17 16:57:17 DEBUG: Get: 
2017-01-17 16:57:18 DEBUG: Get: 
2017-01-17 16:57:19 DEBUG: Get: 
2017-01-17 16:57:20 DEBUG: Get: 
2017-01-17 16:57:21 DEBUG: Get: 
2017-01-17 16:57:22 DEBUG: Get: 
2017-01-17 16:57:23 DEBUG: Get: 
2017-01-17 16:57:24 DEBUG: Get: 
2017-01-17 16:57:25 DEBUG: Get: 
2017-01-17 16:57:26 DEBUG: Get: 
2017-01-17 16:57:27 DEBUG: Get: 
2017-01-17 16:57:28 DEBUG: Get: 
2017-01-17 16:57:29 DEBUG: Get: 
2017-01-17 16:57:30 DEBUG: Get: 
2017-01-17 16:57:31 DEBUG: Get: 
2017-01-17 16:57:32 DEBUG: Get: 
2017-01-17 16:57:33 DEBUG: Get: 
2017-01-17 16:57:34 DEBUG: Get: 
2017-01-17 16:57:35 DEBUG: Get: 
2017-01-17 16:57:36 DEBUG: Get: 
2017-01-17 16:57:37 DEBUG: Get: 
2017-01-17 16:57:38 DEBUG: Get: 
2017-01-17 16:57:39 DEBUG: Get: 
2017-01-17 16:57:40 DEBUG: Get: 
2017-01-17 16:57:41 DEBUG: Get: 
2017-01-17 16:57:42 DEBUG: Get: 
2017-01-17 16:57:43 DEBUG: Get: 
2017-01-17 16:57:44 DEBUG: Get: 
2017-01-17 16:57:45 DEBUG: Get: 
2017-01-17 16:57:46 DEBUG: Get: 
2017-01-17 16:57:47 DEBUG: Get: 
2017-01-17 16:57:48 DEBUG: Get: 
2017-01-17 16:57:49 DEBUG: Get: 
2017-01-17 16:57:50 DEBUG: Get: 
2017-01-17 16:57:51 DEBUG: Get: 
2017-01-17 16:57:52 DEBUG: Get: 
2017-01-17 16:57:53 DEBUG: Get: 
2017-01-17 16:57:54 DEBUG: Get: 
2017-01-17 16:57:55 DEBUG: Get: 
2017-01-17 16:57:56 DEBUG: Get: 
2017-01-17 16:57:57 DEBUG: Get: 
2017-01-17 16:57:58 DEBUG: Get: 
2017-01-17 16:57:59 DEBUG: Get: 
2017-01-17 16:58:00 DEBUG: Get: 
2017-01-17 16:58:01 DEBUG: Get: 
2017-01-17 16:58:02 DEBUG: Get: 
2017-01-17 16:58:03 DEBUG: Get: 
2017-01-17 16:58:04 DEBUG: Get: 
2017-01-17 16:58:05 DEBUG: Get: 
2017-01-17 16:58:06 DEBUG: Get: 
2017-01-17 16:58:07 DEBUG: Get: 
2017-01-17 16:58:08 DEBUG: Get: 
2017-01-17 16:58:09 DEBUG: Get: 
2017-01-17 16:58:10 DEBUG: Get: 
2017-01-17 16:58:11 DEBUG: Get: 
2017-01-17 16:58:12 DEBUG: Get: 
2017-01-17 16:58:13 DEBUG: Get: 
2017-01-17 16:58:14 DEBUG: Get: 
2017-01-17 16:58:15 DEBUG: Get: 
2017-01-17 16:58:16 DEBUG: Get: 
2017-01-17 16:58:17 DEBUG: Get: 
2017-01-17 16:58:18 DEBUG: Get: 
2017-01-17 16:58:19 DEBUG: Get: 
2017-01-17 16:58:20 DEBUG: Get: 
2017-01-17 16:58:21 DEBUG: Get: 
2017-01-17 16:58:22 DEBUG: Get: 
2017-01-17 16:58:23 DEBUG: Get: 
2017-01-17 16:58:24 DEBUG: Get: 
2017-01-17 16:58:25 DEBUG: Get: 
2017-01-17 16:58:26 DEBUG: Get: 
2017-01-17 16:58:27 DEBUG: Get: 
2017-01-17 16:58:28 DEBUG: Get: 
2017-01-17 16:58:29 DEBUG: Get: 
2017-01-17 16:58:30 DEBUG: Get: 
2017-01-17 16:58:31 DEBUG: Get: 
2017-01-17 16:58:32 DEBUG: Get: 
2017-01-17 16:58:33 DEBUG: Get: 
2017-01-17 16:58:34 DEBUG: Get: 
2017-01-17 16:58:35 DEBUG: Get: 
2017-01-17 16:58:36 DEBUG: Get: 
2017-01-17 16:58:37 DEBUG: Get: 
2017-01-17 16:58:38 DEBUG: Get: 
2017-01-17 16:58:39 DEBUG: Get: 
2017-01-17 16:58:40 DEBUG: Get: 
2017-01-17 16:58:41 DEBUG: Get: 
2017-01-17 16:58:42 DEBUG: Get: 
2017-01-17 16:58:43 DEBUG: Get: 
2017-01-17 16:58:44 DEBUG: Get: 
2017-01-17 16:58:45 DEBUG: Get: 
2017-01-17 16:58:46 DEBUG: Get: 
2017-01-17 16:58:47 DEBUG: Get: 
2017-01-17 16:58:48 DEBUG: Get: 
2017-01-17 16:58:49 DEBUG: Get: 
2017-01-17 16:58:50 DEBUG: Get: 
2017-01-17 16:58:51 DEBUG: Get: 
2017-01-17 16:58:52 DEBUG: Get: 
2017-01-17 16:58:53 DEBUG: Get: 
2017-01-17 16:58:54 DEBUG: Get: 
2017-01-17 16:58:55 DEBUG: Get: 
2017-01-17 16:58:56 DEBUG: Get: 
2017-01-17 16:58:57 DEBUG: Get: 
2017-01-17 16:58:58 DEBUG: Get: 
2017-01-17 16:58:59 DEBUG: Get: 
2017-01-17 16:59:00 DEBUG: Get: 
2017-01-17 16:59:01 DEBUG: Get: 
2017-01-17 16:59:02 DEBUG: Get: 
2017-01-17 16:59:03 DEBUG: Get: 
2017-01-17 16:59:04 DEBUG: Get: 
2017-01-17 16:59:05 DEBUG: Get: 
2017-01-17 16:59:06 DEBUG: Get: 
2017-01-17 16:59:07 DEBUG: Get: 
2017-01-17 16:59:08 DEBUG: Get: 
2017-01-17 16:59:09 DEBUG: Get: 
2017-01-17 16:59:10 DEBUG: Get: 
2017-01-17 16:59:11 DEBUG: Get: 
2017-01-17 16:59:12 DEBUG: Get: 
2017-01-17 16:59:13 DEBUG: Get: 
2017-01-17 16:59:14 DEBUG: Get: 
2017-01-17 16:59:15 DEBUG: Get: 
2017-01-17 16:59:16 DEBUG: Get: 
2017-01-17 16:59:17 DEBUG: Get: 
2017-01-17 16:59:18 DEBUG: Get: 
2017-01-17 16:59:19 DEBUG: Get: 
2017-01-17 16:59:20 DEBUG: Get: 
2017-01-17 16:59:21 DEBUG: Get: 
2017-01-17 16:59:22 DEBUG: Get: 
2017-01-17 16:59:23 DEBUG: Get: 
2017-01-17 16:59:24 DEBUG: Get: 
2017-01-17 16:59:25 DEBUG: Get: 
2017-01-17 16:59:26 DEBUG: Get: 
2017-01-17 16:59:27 DEBUG: Get: 
2017-01-17 16:59:28 DEBUG: Get: 
2017-01-17 16:59:29 DEBUG: Get: 
2017-01-17 16:59:30 DEBUG: Get: 
2017-01-17 16:59:31 DEBUG: Get: 
2017-01-17 16:59:32 DEBUG: Get: 
2017-01-17 16:59:33 DEBUG: Get: 
2017-01-17 16:59:34 DEBUG: Get: 
2017-01-17 16:59:35 DEBUG: Get: 
2017-01-17 16:59:36 DEBUG: Get: 
2017-01-17 16:59:37 DEBUG: Get: 
2017-01-17 16:59:38 DEBUG: Get: 
2017-01-17 16:59:39 DEBUG: Get: 
2017-01-17 16:59:40 DEBUG: Get: 
2017-01-17 16:59:41 DEBUG: Get: 
2017-01-17 16:59:42 DEBUG: Get: 
2017-01-17 16:59:43 DEBUG: Get: 
2017-01-17 16:59:44 DEBUG: Get: 
2017-01-17 16:59:45 DEBUG: Get: 
2017-01-17 16:59:46 DEBUG: Get: 
2017-01-17 16:59:47 DEBUG: Get: 
2017-01-17 16:59:48 DEBUG: Get: 
2017-01-17 16:59:49 DEBUG: Get: 
2017-01-17 16:59:50 DEBUG: Get: 
2017-01-17 16:59:51 DEBUG: Get: 
2017-01-17 16:59:52 DEBUG: Get: 
2017-01-17 16:59:53 DEBUG: Get: 
2017-01-17 16:59:54 DEBUG: Get: 
2017-01-17 16:59:55 DEBUG: Get: 
2017-01-17 16:59:56 DEBUG: Get: 
2017-01-17 16:59:57 DEBUG: Get: 
2017-01-17 16:59:58 DEBUG: Get: 
2017-01-17 16:59:59 DEBUG: Get: 
2017-01-17 17:00:00 DEBUG: Get: 
2017-01-17 17:00:01 DEBUG: Get: 
2017-01-17 17:00:02 DEBUG: Get: 
2017-01-17 17:00:03 DEBUG: Get: 
2017-01-17 17:00:04 DEBUG: Get: 
2017-01-17 17:00:05 DEBUG: Get: 
2017-01-17 17:00:06 DEBUG: Get: 
2017-01-17 17:00:07 DEBUG: Get: 
2017-01-17 17:00:08 DEBUG: Get: 
2017-01-17 17:00:09 DEBUG: Get: 
2017-01-17 17:00:10 DEBUG: Get: 
2017-01-17 17:00:11 DEBUG: Get: 
2017-01-17 17:00:12 DEBUG: Get: 
2017-01-17 17:00:13 DEBUG: Get: 
2017-01-17 17:00:14 DEBUG: Get: 
2017-01-17 17:00:15 DEBUG: Get: 
2017-01-17 17:00:16 DEBUG: Get: 
2017-01-17 17:00:17 DEBUG: Get: 
2017-01-17 17:00:18 DEBUG: Get: 
2017-01-17 17:00:19 DEBUG: Get: 
2017-01-17 17:00:20 DEBUG: Get: 
2017-01-17 17:00:21 DEBUG: Get: 
2017-01-17 17:00:22 DEBUG: Get: 
2017-01-17 17:00:23 DEBUG: Get: 
2017-01-17 17:00:24 DEBUG: Get: 
2017-01-17 17:00:25 DEBUG: Get: 
2017-01-17 17:00:26 DEBUG: Get: 
2017-01-17 17:00:27 DEBUG: Get: 
2017-01-17 17:00:28 DEBUG: Get: 
2017-01-17 17:00:29 DEBUG: Get: 
2017-01-17 17:00:30 DEBUG: Get: 
2017-01-17 17:00:31 DEBUG: Get: 
2017-01-17 17:00:32 DEBUG: Get: 
2017-01-17 17:00:33 DEBUG: Get: 
2017-01-17 17:00:34 DEBUG: Get: 
2017-01-17 17:00:35 DEBUG: Get: 
2017-01-17 17:00:36 DEBUG: Get: 
2017-01-17 17:00:37 DEBUG: Get: 
2017-01-17 17:00:38 DEBUG: Get: 
2017-01-17 17:00:39 DEBUG: Get: 
2017-01-17 17:00:40 DEBUG: Get: 
2017-01-17 17:00:41 DEBUG: Get: 
2017-01-17 17:00:42 DEBUG: Get: 
2017-01-17 17:00:43 DEBUG: Get: 
2017-01-17 17:00:44 DEBUG: Get: 
2017-01-17 17:00:45 DEBUG: Get: 
2017-01-17 17:00:46 DEBUG: Get: 
2017-01-17 17:00:47 DEBUG: Get: 
2017-01-17 17:00:48 DEBUG: Get: 
2017-01-17 17:00:49 DEBUG: Get: 
2017-01-17 17:00:50 DEBUG: Get: 
2017-01-17 17:00:51 DEBUG: Get: 
2017-01-17 17:00:52 DEBUG: Get: 
2017-01-17 17:00:53 DEBUG: Get: 
2017-01-17 17:00:54 DEBUG: Get: 
2017-01-17 17:00:55 DEBUG: Get: 
2017-01-17 17:00:56 DEBUG: Get: 
2017-01-17 17:00:57 DEBUG: Get: 
2017-01-17 17:00:58 DEBUG: Get: 
2017-01-17 17:00:59 DEBUG: Get: 
2017-01-17 17:01:00 DEBUG: Get: 
2017-01-17 17:01:01 DEBUG: Get: 
2017-01-17 17:01:02 DEBUG: Get: 
2017-01-17 17:01:03 DEBUG: Get: 
2017-01-17 17:01:04 DEBUG: Get: 
2017-01-17 17:01:05 DEBUG: Get: 
2017-01-17 17:01:06 DEBUG: Get: 
2017-01-17 17:01:07 DEBUG: Get: 
2017-01-17 17:01:08 DEBUG: Get: 
2017-01-17 17:01:09 DEBUG: Get: 
2017-01-17 17:01:10 DEBUG: Get: 
2017-01-17 17:01:11 DEBUG: Get: 
2017-01-17 17:01:12 DEBUG: Get: 
2017-01-17 17:01:13 DEBUG: Get: 
2017-01-17 17:01:14 DEBUG: Get: 
2017-01-17 17:01:15 DEBUG: Get: 
2017-01-17 17:01:16 DEBUG: Get: 
2017-01-17 17:01:17 DEBUG: Get: 
2017-01-17 17:01:18 DEBUG: Get: 
2017-01-17 17:01:19 DEBUG: Get: 
2017-01-17 17:01:20 DEBUG: Get: 
2017-01-17 17:01:21 DEBUG: Get: 
2017-01-17 17:01:22 DEBUG: Get: 
2017-01-17 17:01:23 DEBUG: Get: 
2017-01-17 17:01:24 DEBUG: Get: 
2017-01-17 17:01:25 DEBUG: Get: 
2017-01-17 17:01:26 DEBUG: Get: 
2017-01-17 17:01:27 DEBUG: Get: 
2017-01-17 17:01:28 DEBUG: Get: 
2017-01-17 17:01:29 DEBUG: Get: 
2017-01-17 17:01:30 DEBUG: Get: 
2017-01-17 17:01:31 DEBUG: Get: 
2017-01-17 17:01:32 DEBUG: Get: 
2017-01-17 17:01:33 DEBUG: Get: 
2017-01-17 17:01:34 DEBUG: Get: 
2017-01-17 17:01:35 DEBUG: Get: 
2017-01-17 17:01:36 DEBUG: Get: 
2017-01-17 17:01:37 DEBUG: Get: 
2017-01-17 17:01:38 DEBUG: Get: 
2017-01-17 17:01:39 DEBUG: Get: 
2017-01-17 17:01:40 DEBUG: Get: 
2017-01-17 17:01:41 DEBUG: Get: 
2017-01-17 17:01:42 DEBUG: Get: 
2017-01-17 17:01:43 DEBUG: Get: 
2017-01-17 17:01:44 DEBUG: Get: 
2017-01-17 17:01:45 DEBUG: Get: 
2017-01-17 17:01:46 DEBUG: Get: 
2017-01-17 17:01:47 DEBUG: Get: 
2017-01-17 17:01:48 DEBUG: Get: 
2017-01-17 17:01:49 DEBUG: Get: 
2017-01-17 17:01:50 DEBUG: Get: 
2017-01-17 17:01:51 DEBUG: Get: 
2017-01-17 17:01:52 DEBUG: Get: 
2017-01-17 17:01:53 DEBUG: Get: 
2017-01-17 17:01:54 DEBUG: Get: 
2017-01-17 17:01:55 DEBUG: Get: 
2017-01-17 17:01:56 DEBUG: Get: 
2017-01-17 17:01:57 DEBUG: Get: 
2017-01-17 17:01:58 DEBUG: Get: 
2017-01-17 17:01:59 DEBUG: Get: 
2017-01-17 17:02:00 DEBUG: Get: 
2017-01-17 17:02:01 DEBUG: Get: 
2017-01-17 17:02:02 DEBUG: Get: 
2017-01-17 17:02:03 DEBUG: Get: 
2017-01-17 17:02:04 DEBUG: Get: 
2017-01-17 17:02:05 DEBUG: Get: 
2017-01-17 17:02:06 DEBUG: Get: 
2017-01-17 17:02:07 DEBUG: Get: 
2017-01-17 17:02:08 DEBUG: Get: 
2017-01-17 17:02:09 DEBUG: Get: 
2017-01-17 17:02:10 DEBUG: Get: 
2017-01-17 17:02:11 DEBUG: Get: 
2017-01-17 17:02:12 DEBUG: Get: 
2017-01-17 17:02:13 DEBUG: Get: 
2017-01-17 17:02:14 DEBUG: Get: 
2017-01-17 17:02:15 DEBUG: Get: 
2017-01-17 17:02:16 DEBUG: Get: 
2017-01-17 17:02:17 DEBUG: Get: 
2017-01-17 17:02:18 DEBUG: Get: 
2017-01-17 17:02:19 DEBUG: Get: 
2017-01-17 17:02:20 DEBUG: Get: 
2017-01-17 17:02:21 DEBUG: Get: 
2017-01-17 17:02:22 DEBUG: Get: 
2017-01-17 17:02:23 DEBUG: Get: 
2017-01-17 17:02:24 DEBUG: Get: 
2017-01-17 17:02:25 DEBUG: Get: 
2017-01-17 17:02:26 DEBUG: Get: 
2017-01-17 17:02:27 DEBUG: Get: 
2017-01-17 17:02:28 DEBUG: Get: 
2017-01-17 17:02:29 DEBUG: Get: 
2017-01-17 17:02:30 DEBUG: Get: 
2017-01-17 17:02:31 DEBUG: Get: 
2017-01-17 17:02:32 DEBUG: Get: 
2017-01-17 17:02:33 DEBUG: Get: 
2017-01-17 17:02:34 DEBUG: Get: 
2017-01-17 17:02:35 DEBUG: Get: 
2017-01-17 17:02:36 DEBUG: Get: 
2017-01-17 17:02:37 DEBUG: Get: 
2017-01-17 17:02:38 DEBUG: Get: 
2017-01-17 17:02:39 DEBUG: Get: 
2017-01-17 17:02:40 DEBUG: Get: 
2017-01-17 17:02:41 DEBUG: Get: 
2017-01-17 17:02:42 DEBUG: Get: 
2017-01-17 17:02:43 DEBUG: Get: 
2017-01-17 17:02:44 DEBUG: Get: 
2017-01-17 17:02:45 DEBUG: Get: 
2017-01-17 17:02:46 DEBUG: Get: 
2017-01-17 17:02:47 DEBUG: Get: 
2017-01-17 17:02:48 DEBUG: Get: 
2017-01-17 17:02:49 DEBUG: Get: 
2017-01-17 17:02:50 DEBUG: Get: 
2017-01-17 17:02:51 DEBUG: Get: 
2017-01-17 17:02:52 DEBUG: Get: 
2017-01-17 17:02:53 DEBUG: Get: 
2017-01-17 17:02:54 DEBUG: Get: 
2017-01-17 17:02:55 DEBUG: Get: 
2017-01-17 17:02:56 DEBUG: Get: 
2017-01-17 17:02:57 DEBUG: Get: 
2017-01-17 17:02:58 DEBUG: Get: 
2017-01-17 17:02:59 DEBUG: Get: 
2017-01-17 17:03:00 DEBUG: Get: 
2017-01-17 17:03:01 DEBUG: Get: 
2017-01-17 17:03:02 DEBUG: Get: 
2017-01-17 17:03:03 DEBUG: Get: 
2017-01-17 17:03:04 DEBUG: Get: 
2017-01-17 17:03:05 DEBUG: Get: 
2017-01-17 17:03:06 DEBUG: Get: 
2017-01-17 17:03:07 DEBUG: Get: 
2017-01-17 17:03:08 DEBUG: Get: 
2017-01-17 17:03:09 DEBUG: Get: 
2017-01-17 17:03:10 DEBUG: Get: 
2017-01-17 17:03:11 DEBUG: Get: 
2017-01-17 17:03:12 DEBUG: Get: 
2017-01-17 17:03:13 DEBUG: Get: 
2017-01-17 17:03:14 DEBUG: Get: 
2017-01-17 17:03:15 DEBUG: Get: 
2017-01-17 17:03:16 DEBUG: Get: 
2017-01-17 17:03:17 DEBUG: Get: 
2017-01-17 17:03:18 DEBUG: Get: 
2017-01-17 17:03:19 DEBUG: Get: 
2017-01-17 17:03:20 DEBUG: Get: 
2017-01-17 17:03:21 DEBUG: Get: 
2017-01-17 17:03:22 DEBUG: Get: 
2017-01-17 17:03:23 DEBUG: Get: 
2017-01-17 17:03:24 DEBUG: Get: 
2017-01-17 17:03:25 DEBUG: Get: 
2017-01-17 17:03:26 DEBUG: Get: 
2017-01-17 17:03:27 DEBUG: Get: 
2017-01-17 17:03:28 DEBUG: Get: 
2017-01-17 17:03:29 DEBUG: Get: 
2017-01-17 17:03:30 DEBUG: Get: 
2017-01-17 17:03:31 DEBUG: Get: 
2017-01-17 17:03:32 DEBUG: Get: 
2017-01-17 17:03:33 DEBUG: Get: 
2017-01-17 17:03:34 DEBUG: Get: 
2017-01-17 17:03:35 DEBUG: Get: 
2017-01-17 17:03:36 DEBUG: Get: 
2017-01-17 17:03:37 DEBUG: Get: 
2017-01-17 17:03:38 DEBUG: Get: 
2017-01-17 17:03:39 DEBUG: Get: 
2017-01-17 17:03:40 DEBUG: Get: 
2017-01-17 17:03:41 DEBUG: Get: 
2017-01-17 17:03:42 DEBUG: Get: 
2017-01-17 17:03:43 DEBUG: Get: 
2017-01-17 17:03:44 DEBUG: Get: 
2017-01-17 17:03:45 DEBUG: Get: 
2017-01-17 17:03:46 DEBUG: Get: 
2017-01-17 17:03:47 DEBUG: Get: 
2017-01-17 17:03:48 DEBUG: Get: 
2017-01-17 17:03:49 DEBUG: Get: 
2017-01-17 17:03:50 DEBUG: Get: 
2017-01-17 17:03:51 DEBUG: Get: 
2017-01-17 17:03:52 DEBUG: Get: 
2017-01-17 17:03:53 DEBUG: Get: 
2017-01-17 17:03:54 DEBUG: Get: 
2017-01-17 17:03:55 DEBUG: Get: 
2017-01-17 17:03:56 DEBUG: Get: 
2017-01-17 17:03:57 DEBUG: Get: 
2017-01-17 17:03:58 DEBUG: Get: 
2017-01-17 17:03:59 DEBUG: Get: 
2017-01-17 17:04:00 DEBUG: Get: 
2017-01-17 17:04:01 DEBUG: Get: 
2017-01-17 17:04:02 DEBUG: Get: 
2017-01-17 17:04:03 DEBUG: Get: 
2017-01-17 17:04:04 DEBUG: Get: 
2017-01-17 17:04:05 DEBUG: Get: 
2017-01-17 17:04:06 DEBUG: Get: 
2017-01-17 17:04:07 DEBUG: Get: 
2017-01-17 17:04:08 DEBUG: Get: 
2017-01-17 17:04:09 DEBUG: Get: 
2017-01-17 17:04:10 DEBUG: Get: 
2017-01-17 17:04:11 INFO: Ending the game... can take 15 seconds
2017-01-17 17:04:11 DEBUG: Send: <BYE />
