2017-01-17 17:08:20 INFO: Bot AI enabled: True
2017-01-17 17:08:28 DEBUG: Send: <HELO name="NoName" tid="f0" sx="M" />
2017-01-17 17:08:29 DEBUG: Get: <HELO uname="%4E%6F%4E%61%6D%65" auth="20170118-126bbe7b" ratingscale="PF3=1.000000&PF4=1.000000&PF01C=0.582222&PF02C=0.501632&PF03C=0.414869&PF11C=0.823386&PF12C=0.709416&PF13C=0.586714&PF23C=0.378722&PF33C=0.535594&PF1C00=8.000000"/> 
2017-01-17 17:08:29 DEBUG: Send: <AUTH val="20170118-3435e42a"/>
2017-01-17 17:08:29 DEBUG: Send: <PXR V="1" />
2017-01-17 17:08:32 DEBUG: Get: <LN n="BBk1tq1WT1Dl" j="D1B3C3B1D4D8D16B4B4B8D12B1B2B2B2B2B1B1B" g="Bc3I1Es1I2M1BU4M8EQ3E1BY12DI4k12U4I8J1BO2h2h2G1S1h1G1b2M"/> 
2017-01-17 17:08:32 DEBUG: Send: <Z />
2017-01-17 17:08:32 INFO: Successfully authenticated
2017-01-17 17:08:32 DEBUG: Send: <JOIN t="0,1" />
2017-01-17 17:08:32 INFO: Looking for the game...
2017-01-17 17:08:39 DEBUG: Get: <REJOIN t="0,1,r"/> 
2017-01-17 17:08:39 DEBUG: Send: <JOIN t="0,1,r" />
2017-01-17 17:08:45 DEBUG: Get: <REJOIN t="0,1,r"/> 
2017-01-17 17:08:45 DEBUG: Send: <JOIN t="0,1,r" />
2017-01-17 17:08:46 DEBUG: Get: <GO type="1" lobby="0" gpid="92B5282A-BB2D1513"/> <UN n0="%4E%6F%4E%61%6D%65" n1="%E8%8A%B3%E4%B9%83" n2="%E8%B5%A4%E4%BF%9D%E7%95%99" n3="%E6%A3%AE%E4%B9%85%E4%BF%9D%E5%B9%B8%E7%BE%8E" dan="0,5,1,10" rate="1500.00,1527.89,1469.24,1309.00" sx="M,M,M,F"/> <TAIKYOKU oya="0" log="2017011802gm-0001-0000-75141c8b"/> 
2017-01-17 17:08:46 DEBUG: Send: <GOK />
2017-01-17 17:08:46 DEBUG: Send: <NEXTREADY />
2017-01-17 17:08:46 INFO: Game started
2017-01-17 17:08:46 INFO: Log: http://tenhou.net/0/?log=2017011802gm-0001-0000-75141c8b&tw=0
2017-01-17 17:08:46 INFO: Players: [NoName (新人), 芳乃 (5級), 赤保留 (9級), 森久保幸美 (初段)]
2017-01-17 17:08:47 DEBUG: Send: <Z />
2017-01-17 17:08:57 DEBUG: Get: <INIT seed="0,0,0,3,4,3" ten="250,250,250,250" oya="0" hai="47,84,77,46,126,98,104,23,97,55,38,41,134"/> <T81/> 
2017-01-17 17:08:57 INFO: Round: 0, Honba: 0, Dora Indicators: [3]
2017-01-17 17:08:57 INFO: Players: [NoName (25,000), 芳乃 (25,000), 赤保留 (25,000), 森久保幸美 (25,000)]
2017-01-17 17:08:57 INFO: Dealer: NoName (25,000)
2017-01-17 17:08:57 INFO: Round  wind: East
2017-01-17 17:08:57 INFO: Player wind: East
2017-01-17 17:08:58 INFO: Hand: 6m12335p234779s57z
2017-01-17 17:08:59 DEBUG: Send: <D p="134"/>
2017-01-17 17:08:59 INFO: Remaining tiles: 69
2017-01-17 17:09:00 DEBUG: Get: <D134/> <U/> 
2017-01-17 17:09:02 DEBUG: Send: <Z />
2017-01-17 17:09:10 DEBUG: Get: <E123/> <V/> 
2017-01-17 17:09:12 DEBUG: Get: <F37/> <W/> 
2017-01-17 17:09:14 DEBUG: Get: <G118/> <T122/> 
2017-01-17 17:09:15 INFO: Hand: 6m12335p234779s45z
2017-01-17 17:09:15 DEBUG: Send: <D p="122"/>
2017-01-17 17:09:15 INFO: Remaining tiles: 65
2017-01-17 17:09:16 DEBUG: Get: <D122/> <U/> 
2017-01-17 17:09:17 DEBUG: Send: <Z />
2017-01-17 17:09:17 DEBUG: Get: <E117/> <V/> 
2017-01-17 17:09:20 DEBUG: Get: <F135/> <W/> 
2017-01-17 17:09:22 DEBUG: Get: <G121/> <T61/> 
2017-01-17 17:09:23 INFO: Hand: 6m123357p234779s5z
2017-01-17 17:09:23 DEBUG: Send: <D p="126"/>
2017-01-17 17:09:23 INFO: Remaining tiles: 61
2017-01-17 17:09:24 DEBUG: Get: <D126/> <U/> 
2017-01-17 17:09:26 DEBUG: Get: <E131/> 
2017-01-17 17:09:29 DEBUG: Get: <N who="3" m="50218" /> 
2017-01-17 17:09:29 INFO: Meld: pon, who 3
2017-01-17 17:09:32 DEBUG: Send: <Z />
2017-01-17 17:09:32 DEBUG: Get: <G13/> <T7/> 
2017-01-17 17:09:33 INFO: Hand: 26m123357p234779s
2017-01-17 17:09:33 DEBUG: Send: <D p="104"/>
2017-01-17 17:09:33 INFO: Remaining tiles: 59
2017-01-17 17:09:34 DEBUG: Get: <D104/> <U/> 
2017-01-17 17:09:38 DEBUG: Get: <E76/> 
2017-01-17 17:09:40 DEBUG: Get: <V/> 
2017-01-17 17:09:42 DEBUG: Get: <F69/> 
2017-01-17 17:09:47 DEBUG: Get: <W/> 
2017-01-17 17:09:47 DEBUG: Send: <Z />
2017-01-17 17:09:50 DEBUG: Get: <g32/> <T105/> 
2017-01-17 17:09:51 INFO: Hand: 26m123357p234779s
2017-01-17 17:09:51 DEBUG: Send: <D p="105"/>
2017-01-17 17:09:51 INFO: Remaining tiles: 55
2017-01-17 17:09:52 DEBUG: Get: <D105/> <U/> 
2017-01-17 17:09:53 DEBUG: Get: <E40/> 
2017-01-17 17:09:57 DEBUG: Get: <N who="3" m="15402" /> 
2017-01-17 17:09:57 INFO: Meld: pon, who 3
2017-01-17 17:09:59 DEBUG: Get: <G20/> <T27/> 
2017-01-17 17:10:00 INFO: Hand: 267m123357p23477s
2017-01-17 17:10:00 DEBUG: Send: <D p="7"/>
2017-01-17 17:10:00 INFO: Remaining tiles: 53
2017-01-17 17:10:01 DEBUG: Get: <D7/> <U/> 
2017-01-17 17:10:02 DEBUG: Send: <Z />
2017-01-17 17:10:03 DEBUG: Get: <E51/> 
2017-01-17 17:10:05 DEBUG: Get: <V/> 
2017-01-17 17:10:07 DEBUG: Get: <F129/> <W/> 
2017-01-17 17:10:10 DEBUG: Get: <g53/> 
2017-01-17 17:10:13 DEBUG: Get: <T73/> 
2017-01-17 17:10:14 INFO: Hand: 67m123357p123477s
2017-01-17 17:10:14 DEBUG: Send: <D p="73"/>
2017-01-17 17:10:14 INFO: Remaining tiles: 49
2017-01-17 17:10:15 DEBUG: Get: <D73/> <U/> 
2017-01-17 17:10:16 DEBUG: Get: <E110/> <V/> 
2017-01-17 17:10:17 DEBUG: Send: <Z />
2017-01-17 17:10:18 DEBUG: Get: <F28/> 
2017-01-17 17:10:22 DEBUG: Get: <W/> 
2017-01-17 17:10:30 DEBUG: Get: <g100/> <T86/> 
2017-01-17 17:10:31 INFO: Hand: 67m123357p234477s
2017-01-17 17:10:31 DEBUG: Send: <D p="61"/>
2017-01-17 17:10:31 INFO: Remaining tiles: 45
2017-01-17 17:10:32 DEBUG: Get: <D61/> 
2017-01-17 17:10:32 DEBUG: Send: <Z />
2017-01-17 17:10:33 DEBUG: Get: <U/> 
2017-01-17 17:10:41 DEBUG: Get: <E26/> 
2017-01-17 17:10:42 DEBUG: Get: <V/> 
2017-01-17 17:10:44 DEBUG: Get: <F103/> 
2017-01-17 17:10:47 DEBUG: Send: <Z />
2017-01-17 17:10:47 DEBUG: Get: <W/> 
2017-01-17 17:10:49 DEBUG: Get: <g127/> <T25/> 
2017-01-17 17:10:50 INFO: Hand: 677m12335p234477s
2017-01-17 17:10:50 DEBUG: Send: <D p="23"/>
2017-01-17 17:10:50 INFO: Remaining tiles: 41
2017-01-17 17:10:51 DEBUG: Get: <D23/> 
2017-01-17 17:10:57 DEBUG: Get: <N who="1" m="13415" /> 
2017-01-17 17:10:57 INFO: Meld: chi, who 1
2017-01-17 17:10:58 DEBUG: Get: <E10/> 
2017-01-17 17:11:01 DEBUG: Get: <V/> 
2017-01-17 17:11:02 DEBUG: Send: <Z />
2017-01-17 17:11:02 DEBUG: Get: <f116/> <W/> 
2017-01-17 17:11:03 DEBUG: Get: <AGARI ba="0,0" hai="29,30,63,64,71,90,92,99" m="15402,50218" machi="71" ten="30,1100,0" yaku="19,1" doraHai="3" who="3" fromWho="3" sc="250,-5,250,-3,250,-3,250,11" /> 
2017-01-17 17:11:05 DEBUG: Send: <NEXTREADY />
2017-01-17 17:11:13 DEBUG: Get: <INIT seed="1,0,0,5,0,3" ten="245,247,247,261" oya="1" hai="135,61,103,122,97,88,92,113,9,109,123,94,52"/> <U/> 
2017-01-17 17:11:13 INFO: Round: 1, Honba: 0, Dora Indicators: [3]
2017-01-17 17:11:13 INFO: Players: [森久保幸美 (26,100), 芳乃 (24,700), 赤保留 (24,700), NoName (24,500)]
2017-01-17 17:11:13 INFO: Dealer: 芳乃 (24,700)
2017-01-17 17:11:13 INFO: Round  wind: East
2017-01-17 17:11:13 INFO: Player wind: North
2017-01-17 17:11:17 DEBUG: Send: <Z />
2017-01-17 17:11:21 DEBUG: Get: <e37/> <V/> 
2017-01-17 17:11:24 DEBUG: Get: <F130/> <W/> 
2017-01-17 17:11:26 DEBUG: Get: <G120 t="1"/> 
2017-01-17 17:11:27 DEBUG: Send: <N />
2017-01-17 17:11:28 DEBUG: Get: <T124/> 
2017-01-17 17:11:29 INFO: Hand: 3m57p56678s124457z
2017-01-17 17:11:29 DEBUG: Send: <D p="9"/>
2017-01-17 17:11:29 INFO: Remaining tiles: 66
2017-01-17 17:11:30 DEBUG: Get: <D9/> <U/> 
2017-01-17 17:11:32 DEBUG: Send: <Z />
2017-01-17 17:11:32 DEBUG: Get: <E1/> <V/> 
2017-01-17 17:11:34 DEBUG: Get: <F66/> <W/> 
2017-01-17 17:11:37 DEBUG: Get: <G60/> <T68/> 
2017-01-17 17:11:38 INFO: Hand: 579p56678s124457z
2017-01-17 17:11:38 DEBUG: Send: <D p="109"/>
2017-01-17 17:11:38 INFO: Remaining tiles: 62
2017-01-17 17:11:39 DEBUG: Get: <D109/> <U/> 
2017-01-17 17:11:41 DEBUG: Get: <e41/> 
2017-01-17 17:11:42 DEBUG: Get: <V/> 
2017-01-17 17:11:45 DEBUG: Get: <F34/> 
2017-01-17 17:11:47 DEBUG: Send: <Z />
2017-01-17 17:11:48 DEBUG: Get: <W/> 
2017-01-17 17:11:56 DEBUG: Get: <g131/> <T19/> 
2017-01-17 17:11:57 INFO: Hand: 5m579p56678s24457z
2017-01-17 17:11:57 DEBUG: Send: <D p="113"/>
2017-01-17 17:11:57 INFO: Remaining tiles: 58
2017-01-17 17:11:58 DEBUG: Get: <D113/> <U/> 
2017-01-17 17:11:59 DEBUG: Get: <e127/> <V/> 
2017-01-17 17:12:01 DEBUG: Get: <F31/> 
2017-01-17 17:12:02 DEBUG: Send: <Z />
2017-01-17 17:12:04 DEBUG: Get: <W/> 
2017-01-17 17:12:06 DEBUG: Get: <G134/> 
2017-01-17 17:12:08 DEBUG: Get: <N who="1" m="51818" /> 
2017-01-17 17:12:08 INFO: Meld: pon, who 1
2017-01-17 17:12:11 DEBUG: Get: <E90/> <V/> 
2017-01-17 17:12:12 DEBUG: Get: <f112/> <W/> 
2017-01-17 17:12:17 DEBUG: Send: <Z />
2017-01-17 17:12:23 DEBUG: Get: <G0/> <T36/> 
2017-01-17 17:12:24 INFO: Hand: 5m1579p56678s4457z
2017-01-17 17:12:24 DEBUG: Send: <D p="36"/>
2017-01-17 17:12:24 INFO: Remaining tiles: 52
2017-01-17 17:12:25 DEBUG: Get: <D36/> <U/> 
2017-01-17 17:12:26 DEBUG: Get: <e111/> <V/> 
2017-01-17 17:12:28 DEBUG: Get: <f100/> 
2017-01-17 17:12:32 DEBUG: Get: <N who="3" m="60527" /> 
2017-01-17 17:12:32 INFO: Meld: chi, who 3
2017-01-17 17:12:32 DEBUG: Send: <Z />
2017-01-17 17:12:33 DEBUG: Get: <G118/> <T43/> 
2017-01-17 17:12:34 INFO: Hand: 5m2579p56678s4457z
2017-01-17 17:12:34 DEBUG: Send: <D p="135"/>
2017-01-17 17:12:34 INFO: Remaining tiles: 49
2017-01-17 17:12:35 DEBUG: Get: <D135/> <U/> 
2017-01-17 17:12:36 DEBUG: Get: <e108/> <V/> 
2017-01-17 17:12:47 DEBUG: Send: <Z />
2017-01-17 17:12:48 DEBUG: Get: <F50/> <W/> 
2017-01-17 17:12:55 DEBUG: Get: <G33/> <T59/> 
2017-01-17 17:12:56 INFO: Hand: 5m25679p56678s445z
2017-01-17 17:12:56 DEBUG: Send: <D p="124"/>
2017-01-17 17:12:56 INFO: Remaining tiles: 45
2017-01-17 17:12:57 DEBUG: Get: <D124/> <U/> 
2017-01-17 17:12:58 DEBUG: Get: <E70/> 
2017-01-17 17:13:01 DEBUG: Get: <V/> 
2017-01-17 17:13:02 DEBUG: Send: <Z />
2017-01-17 17:13:05 DEBUG: Get: <F82/> <W/> 
2017-01-17 17:13:07 DEBUG: Get: <g105 t="4"/> 
2017-01-17 17:13:08 DEBUG: Send: <N />
2017-01-17 17:13:12 DEBUG: Get: <T69/> 
2017-01-17 17:13:13 INFO: Hand: 5m256799p56678s44z
2017-01-17 17:13:13 DEBUG: Send: <D p="43"/>
2017-01-17 17:13:13 INFO: Remaining tiles: 41
2017-01-17 17:13:14 DEBUG: Get: <D43/> <U/> 
2017-01-17 17:13:15 DEBUG: Get: <E67/> 
2017-01-17 17:13:16 DEBUG: Get: <V/> 
2017-01-17 17:13:17 DEBUG: Send: <Z />
2017-01-17 17:13:17 DEBUG: Get: <f128/> <W/> 
2017-01-17 17:13:25 DEBUG: Get: <G7/> <T24/> 
2017-01-17 17:13:26 INFO: Hand: 57m56799p56678s44z
2017-01-17 17:13:26 DEBUG: Send: <D p="92"/>
2017-01-17 17:13:26 INFO: Remaining tiles: 37
2017-01-17 17:13:27 DEBUG: Get: <D92/> 
2017-01-17 17:13:28 DEBUG: Get: <N who="1" m="58695" /> 
2017-01-17 17:13:28 INFO: Meld: chi, who 1
2017-01-17 17:13:29 DEBUG: Get: <E22/> <V/> 
2017-01-17 17:13:32 DEBUG: Send: <Z />
2017-01-17 17:13:34 DEBUG: Get: <F91/> 
2017-01-17 17:13:37 DEBUG: Get: <N who="3" m="51599" /> 
2017-01-17 17:13:37 INFO: Meld: chi, who 3
2017-01-17 17:13:39 DEBUG: Get: <G86 t="4"/> 
2017-01-17 17:13:40 DEBUG: Send: <N />
2017-01-17 17:13:41 DEBUG: Get: <T39/> 
2017-01-17 17:13:42 INFO: Hand: 57m156799p5678s44z
2017-01-17 17:13:42 DEBUG: Send: <D p="39"/>
2017-01-17 17:13:42 INFO: Remaining tiles: 35
2017-01-17 17:13:43 DEBUG: Get: <D39/> <U/> 
2017-01-17 17:13:44 DEBUG: Get: <e35/> <V/> 
2017-01-17 17:13:47 DEBUG: Send: <Z />
2017-01-17 17:13:47 DEBUG: Get: <f116/> <W/> 
2017-01-17 17:13:50 DEBUG: Get: <g56 t="4"/> 
2017-01-17 17:13:51 DEBUG: Send: <N />
2017-01-17 17:13:52 DEBUG: Get: <T101/> 
2017-01-17 17:13:53 INFO: Hand: 57m56799p56788s44z
2017-01-17 17:13:53 DEBUG: Send: <D p="101"/>
2017-01-17 17:13:53 INFO: Remaining tiles: 31
2017-01-17 17:13:54 DEBUG: Get: <D101/> <U/> 
2017-01-17 17:13:55 DEBUG: Get: <e44/> 
2017-01-17 17:13:57 DEBUG: Get: <V/> 
2017-01-17 17:14:00 DEBUG: Get: <f20/> 
2017-01-17 17:14:02 DEBUG: Send: <Z />
2017-01-17 17:14:03 DEBUG: Get: <W/> 
2017-01-17 17:14:05 DEBUG: Get: <g76/> 
2017-01-17 17:14:07 DEBUG: Get: <N who="1" m="29290" /> 
2017-01-17 17:14:07 INFO: Meld: pon, who 1
2017-01-17 17:14:08 DEBUG: Get: <E10/> 
2017-01-17 17:14:09 DEBUG: Get: <V/> 
2017-01-17 17:14:10 DEBUG: Get: <f114/> <W/> 
2017-01-17 17:14:13 DEBUG: Get: <g32/> <T64/> 
2017-01-17 17:14:14 INFO: Hand: 57m567899p5678s44z
2017-01-17 17:14:14 DEBUG: Send: <D p="103"/>
2017-01-17 17:14:14 INFO: Remaining tiles: 25
2017-01-17 17:14:15 DEBUG: Get: <D103/> <U/> 
2017-01-17 17:14:16 DEBUG: Get: <e2/> 
2017-01-17 17:14:17 DEBUG: Send: <Z />
2017-01-17 17:14:19 DEBUG: Get: <V/> 
2017-01-17 17:14:20 DEBUG: Get: <f21/> 
2017-01-17 17:14:23 DEBUG: Get: <W/> 
2017-01-17 17:14:26 DEBUG: Get: <g110/> <T27/> 
2017-01-17 17:14:27 INFO: Hand: 577m567899p567s44z
2017-01-17 17:14:27 DEBUG: Send: <D p="19"/>
2017-01-17 17:14:27 INFO: Remaining tiles: 21
2017-01-17 17:14:28 DEBUG: Get: <D19/> 
2017-01-17 17:14:29 DEBUG: Get: <AGARI ba="0,0" hai="8,15,19,73,74" m="29290,58695,51818" machi="19" ten="30,1500,0" yaku="20,1" doraHai="3" who="1" fromWho="0" sc="245,-15,247,15,247,0,261,0" /> <AGARI ba="0,0" hai="12,14,16,17,19,23,26,29" m="51599,60527" machi="19" ten="30,2000,0" yaku="8,1,54,1" doraHai="3" who="3" fromWho="0" sc="230,-20,262,0,247,0,261,20" /> 
2017-01-17 17:14:31 DEBUG: Send: <NEXTREADY />
2017-01-17 17:14:32 DEBUG: Send: <Z />
2017-01-17 17:14:33 DEBUG: Send: <NEXTREADY />
2017-01-17 17:14:46 DEBUG: Get: <INIT seed="1,1,0,3,2,65" ten="210,262,247,281" oya="1" hai="35,84,100,70,69,24,89,110,5,18,25,40,21"/> <U/> 
2017-01-17 17:14:46 INFO: Round: 1, Honba: 1, Dora Indicators: [65]
2017-01-17 17:14:46 INFO: Players: [森久保幸美 (28,100), 芳乃 (26,200), 赤保留 (24,700), NoName (21,000)]
2017-01-17 17:14:46 INFO: Dealer: 芳乃 (26,200)
2017-01-17 17:14:46 INFO: Round  wind: East
2017-01-17 17:14:46 INFO: Player wind: North
2017-01-17 17:14:47 DEBUG: Send: <Z />
2017-01-17 17:14:52 DEBUG: Get: <E117/> <V/> 
2017-01-17 17:14:54 DEBUG: Get: <F28/> <W/> 
2017-01-17 17:14:56 DEBUG: Get: <G114/> <T116/> 
2017-01-17 17:14:57 INFO: Hand: 256779m299p458s13z
2017-01-17 17:14:57 DEBUG: Send: <D p="116"/>
2017-01-17 17:14:57 INFO: Remaining tiles: 66
2017-01-17 17:14:58 DEBUG: Get: <D116/> <U/> 
2017-01-17 17:14:59 DEBUG: Get: <E1/> <V/> 
2017-01-17 17:15:01 DEBUG: Get: <F6/> <W/> 
2017-01-17 17:15:02 DEBUG: Send: <Z />
2017-01-17 17:15:03 DEBUG: Get: <G107/> <T48/> 
2017-01-17 17:15:04 INFO: Hand: 256779m2499p458s1z
2017-01-17 17:15:04 DEBUG: Send: <D p="110"/>
2017-01-17 17:15:04 INFO: Remaining tiles: 62
2017-01-17 17:15:05 DEBUG: Get: <D110/> <U/> 
2017-01-17 17:15:10 DEBUG: Get: <E74/> 
2017-01-17 17:15:11 DEBUG: Get: <V/> 
2017-01-17 17:15:14 DEBUG: Get: <F47/> 
2017-01-17 17:15:16 DEBUG: Get: <W/> 
2017-01-17 17:15:17 DEBUG: Send: <Z />
2017-01-17 17:15:22 DEBUG: Get: <g108/> <T58/> 
2017-01-17 17:15:23 INFO: Hand: 256779m24699p458s
2017-01-17 17:15:23 DEBUG: Send: <D p="100"/>
2017-01-17 17:15:23 INFO: Remaining tiles: 58
2017-01-17 17:15:24 DEBUG: Get: <D100/> 
2017-01-17 17:15:25 DEBUG: Get: <U/> 
2017-01-17 17:15:26 DEBUG: Get: <E72/> 
2017-01-17 17:15:30 DEBUG: Get: <V/> 
2017-01-17 17:15:31 DEBUG: Get: <f30/> <W/> 
2017-01-17 17:15:32 DEBUG: Send: <Z />
2017-01-17 17:15:35 DEBUG: Get: <g115/> <T36/> 
2017-01-17 17:15:36 INFO: Hand: 256779m124699p45s
2017-01-17 17:15:36 DEBUG: Send: <D p="5"/>
2017-01-17 17:15:36 INFO: Remaining tiles: 54
2017-01-17 17:15:37 DEBUG: Get: <D5/> <U/> 
2017-01-17 17:15:38 DEBUG: Get: <E77/> <V/> 
2017-01-17 17:15:42 DEBUG: Get: <F39/> 
2017-01-17 17:15:45 DEBUG: Get: <W/> 
2017-01-17 17:15:47 DEBUG: Send: <Z />
2017-01-17 17:15:48 DEBUG: Get: <G34/> <T57/> 
2017-01-17 17:15:49 INFO: Hand: 56779m1246699p45s
2017-01-17 17:15:49 DEBUG: Send: <D p="36"/>
2017-01-17 17:15:49 INFO: Remaining tiles: 50
2017-01-17 17:15:50 DEBUG: Get: <D36/> <U/> 
2017-01-17 17:15:59 DEBUG: Get: <e63/> <V/> 
2017-01-17 17:16:00 DEBUG: Get: <f43/> 
2017-01-17 17:16:02 DEBUG: Send: <Z />
2017-01-17 17:16:04 DEBUG: Get: <W/> 
2017-01-17 17:16:05 DEBUG: Get: <G118/> <T2/> 
2017-01-17 17:16:06 INFO: Hand: 156779m246699p45s
2017-01-17 17:16:06 DEBUG: Send: <D p="2"/>
2017-01-17 17:16:06 INFO: Remaining tiles: 46
2017-01-17 17:16:07 DEBUG: Get: <D2/> <U/> 
2017-01-17 17:16:09 DEBUG: Get: <e3/> <V/> 
2017-01-17 17:16:11 DEBUG: Get: <F109/> <W/> 
2017-01-17 17:16:17 DEBUG: Send: <Z />
2017-01-17 17:16:18 DEBUG: Get: <G76/> <T52/> 
2017-01-17 17:16:19 INFO: Hand: 56779m2456699p45s
2017-01-17 17:16:19 DEBUG: Send: <D p="40"/>
2017-01-17 17:16:19 INFO: Remaining tiles: 42
2017-01-17 17:16:20 DEBUG: Get: <D40/> 
2017-01-17 17:16:21 DEBUG: Get: <U/> 
2017-01-17 17:16:24 DEBUG: Get: <E13/> <V/> 
2017-01-17 17:16:26 DEBUG: Get: <f49/> 
2017-01-17 17:16:29 DEBUG: Get: <W/> 
2017-01-17 17:16:32 DEBUG: Send: <Z />
2017-01-17 17:16:33 DEBUG: Get: <g66/> <T67/> 
2017-01-17 17:16:34 INFO: Hand: 56779m4566899p45s
2017-01-17 17:16:34 DEBUG: Send: <D p="35"/>
2017-01-17 17:16:34 INFO: Remaining tiles: 38
2017-01-17 17:16:35 DEBUG: Get: <D35/> 
2017-01-17 17:16:36 DEBUG: Get: <U/> 
2017-01-17 17:16:37 DEBUG: Get: <e130/> 
2017-01-17 17:16:38 DEBUG: Get: <N who="2" m="49675" /> 
2017-01-17 17:16:38 INFO: Meld: pon, who 2
2017-01-17 17:16:39 DEBUG: Get: <F112/> <W/> 
2017-01-17 17:16:45 DEBUG: Get: <G92 t="4"/> 
2017-01-17 17:16:46 DEBUG: Send: <N />
2017-01-17 17:16:47 DEBUG: Get: <T45/> 
2017-01-17 17:16:47 DEBUG: Send: <Z />
2017-01-17 17:16:48 INFO: Hand: 5677m34566899p45s
2017-01-17 17:16:48 DEBUG: Send: <D p="24"/>
2017-01-17 17:16:48 INFO: Remaining tiles: 35
2017-01-17 17:16:49 DEBUG: Get: <D24/> 
2017-01-17 17:16:50 DEBUG: Get: <U/> 
2017-01-17 17:16:51 DEBUG: Get: <REACH who="1" step="1"/> 
2017-01-17 17:16:52 DEBUG: Get: <E55/> <REACH who="1" ten="210,252,247,281" step="2"/> <V/> 
2017-01-17 17:16:52 INFO: Riichi called by 1 player
2017-01-17 17:16:56 DEBUG: Get: <F121/> <W/> 
2017-01-17 17:16:59 DEBUG: Get: <g105/> 
2017-01-17 17:17:01 DEBUG: Get: <N who="2" m="40553" /> 
2017-01-17 17:17:01 INFO: Meld: pon, who 2
2017-01-17 17:17:02 DEBUG: Send: <Z />
2017-01-17 17:17:02 DEBUG: Get: <F122/> <W/> 
2017-01-17 17:17:07 DEBUG: Get: <G134/> 
2017-01-17 17:17:08 DEBUG: Get: <AGARI ba="1,1" hai="78,81,87,124,125,132,134,135" m="40553,49675" machi="134" ten="40,12000,2" yaku="30,2,20,1,19,1,34,2" doraHai="65" who="2" fromWho="3" sc="210,0,252,0,247,133,281,-123" /> 
2017-01-17 17:17:10 DEBUG: Send: <NEXTREADY />
2017-01-17 17:17:17 DEBUG: Send: <Z />
2017-01-17 17:17:20 DEBUG: Get: <INIT seed="2,0,0,0,1,99" ten="210,252,380,158" oya="2" hai="14,20,15,124,96,29,82,40,125,16,17,116,66"/> <V/> 
2017-01-17 17:17:20 INFO: Round: 2, Honba: 0, Dora Indicators: [99]
2017-01-17 17:17:20 INFO: Players: [赤保留 (38,000), 芳乃 (25,200), NoName (21,000), 森久保幸美 (15,800)]
2017-01-17 17:17:20 INFO: Dealer: 赤保留 (38,000)
2017-01-17 17:17:20 INFO: Round  wind: East
2017-01-17 17:17:20 INFO: Player wind: West
2017-01-17 17:17:27 DEBUG: Get: <F114/> <W/> 
2017-01-17 17:17:29 DEBUG: Get: <G73/> <T32/> 
2017-01-17 17:17:30 INFO: Hand: 4455689m28p37s355z
2017-01-17 17:17:30 DEBUG: Send: <D p="116"/>
2017-01-17 17:17:30 INFO: Remaining tiles: 67
2017-01-17 17:17:31 DEBUG: Get: <D116/> 
2017-01-17 17:17:32 DEBUG: Send: <Z />
2017-01-17 17:17:42 DEBUG: Get: <U/> 
2017-01-17 17:17:43 DEBUG: Get: <E113/> <V/> 
2017-01-17 17:17:45 DEBUG: Get: <f78/> <W/> 
2017-01-17 17:17:47 DEBUG: Get: <G120/> <T91/> 
2017-01-17 17:17:47 DEBUG: Send: <Z />
2017-01-17 17:17:48 INFO: Hand: 4455689m28p357s55z
2017-01-17 17:17:48 DEBUG: Send: <D p="66"/>
2017-01-17 17:17:48 INFO: Remaining tiles: 63
2017-01-17 17:17:49 DEBUG: Get: <D66/> 
2017-01-17 17:17:50 DEBUG: Get: <U/> 
2017-01-17 17:17:51 DEBUG: Get: <e111/> <V/> 
2017-01-17 17:17:57 DEBUG: Get: <f105/> 
2017-01-17 17:18:00 DEBUG: Get: <W/> 
2017-01-17 17:18:01 DEBUG: Get: <G118/> 
2017-01-17 17:18:02 DEBUG: Send: <Z />
2017-01-17 17:18:09 DEBUG: Get: <T27/> 
2017-01-17 17:18:10 INFO: Hand: 44556789m2p357s55z
2017-01-17 17:18:10 DEBUG: Send: <D p="40"/>
2017-01-17 17:18:10 INFO: Remaining tiles: 59
2017-01-17 17:18:11 DEBUG: Get: <D40/> <U/> 
2017-01-17 17:18:15 DEBUG: Get: <E77/> 
2017-01-17 17:18:16 DEBUG: Get: <V/> 
2017-01-17 17:18:17 DEBUG: Send: <Z />
2017-01-17 17:18:18 DEBUG: Get: <F35/> <W/> 
2017-01-17 17:18:20 DEBUG: Get: <G71/> <T22 t="32"/> 
2017-01-17 17:18:21 INFO: Hand: 445566789m357s55z
2017-01-17 17:18:21 DEBUG: Send: <REACH hai="82" />
2017-01-17 17:18:23 DEBUG: Send: <D p="82"/>
2017-01-17 17:18:23 INFO: Remaining tiles: 55
2017-01-17 17:18:24 DEBUG: Get: <REACH who="0" step="1"/> <D82/> <REACH who="0" ten="200,252,380,158" step="2"/> <U/> 
2017-01-17 17:18:24 INFO: Riichi called by 0 player
2017-01-17 17:18:25 DEBUG: Get: <e132/> <V/> 
2017-01-17 17:18:32 DEBUG: Send: <Z />
2017-01-17 17:18:33 DEBUG: Get: <f0/> <W/> 
2017-01-17 17:18:36 DEBUG: Get: <G69/> <T2/> 
2017-01-17 17:18:36 DEBUG: Send: <D p="2"/>
2017-01-17 17:18:36 INFO: Remaining tiles: 52
2017-01-17 17:18:37 DEBUG: Get: <D2/> <U/> 
2017-01-17 17:18:40 DEBUG: Get: <E38/> <V/> 
2017-01-17 17:18:42 DEBUG: Get: <F119/> <W/> 
2017-01-17 17:18:47 DEBUG: Get: <G74/> <T76/> 
2017-01-17 17:18:47 DEBUG: Send: <D p="76"/>
2017-01-17 17:18:47 INFO: Remaining tiles: 49
2017-01-17 17:18:47 DEBUG: Send: <Z />
2017-01-17 17:18:48 DEBUG: Get: <D76/> <U/> 
2017-01-17 17:18:50 DEBUG: Get: <E39/> <V/> 
2017-01-17 17:18:51 DEBUG: Get: <F117/> <W/> 
2017-01-17 17:19:00 DEBUG: Get: <G49/> <T129/> 
2017-01-17 17:19:00 DEBUG: Send: <D p="129"/>
2017-01-17 17:19:00 INFO: Remaining tiles: 46
2017-01-17 17:19:01 DEBUG: Get: <D129/> <U/> 
2017-01-17 17:19:02 DEBUG: Send: <Z />
2017-01-17 17:19:03 DEBUG: Get: <e3/> <V/> 
2017-01-17 17:19:07 DEBUG: Get: <F112/> <W/> 
2017-01-17 17:19:10 DEBUG: Get: <g122/> <T97/> 
2017-01-17 17:19:10 DEBUG: Send: <D p="97"/>
2017-01-17 17:19:10 INFO: Remaining tiles: 43
2017-01-17 17:19:11 DEBUG: Get: <D97/> 
2017-01-17 17:19:13 DEBUG: Get: <N who="1" m="59431" /> 
2017-01-17 17:19:13 INFO: Meld: chi, who 1
2017-01-17 17:19:14 DEBUG: Get: <E107/> <V/> 
2017-01-17 17:19:17 DEBUG: Send: <Z />
2017-01-17 17:19:18 DEBUG: Get: <F127/> <W/> 
2017-01-17 17:19:20 DEBUG: Get: <G98/> <T108/> 
2017-01-17 17:19:20 DEBUG: Send: <D p="108"/>
2017-01-17 17:19:20 INFO: Remaining tiles: 41
2017-01-17 17:19:21 DEBUG: Get: <D108/> <U/> 
2017-01-17 17:19:23 DEBUG: Get: <E34/> <V/> 
2017-01-17 17:19:27 DEBUG: Get: <F126/> <W/> 
2017-01-17 17:19:30 DEBUG: Get: <G1/> <T7/> 
2017-01-17 17:19:30 DEBUG: Send: <D p="7"/>
2017-01-17 17:19:30 INFO: Remaining tiles: 38
2017-01-17 17:19:31 DEBUG: Get: <D7/> <U/> 
2017-01-17 17:19:32 DEBUG: Send: <Z />
2017-01-17 17:19:34 DEBUG: Get: <E31/> <V/> 
2017-01-17 17:19:35 DEBUG: Get: <F5/> <W/> 
2017-01-17 17:19:38 DEBUG: Get: <g128/> <T75/> 
2017-01-17 17:19:38 DEBUG: Send: <D p="75"/>
2017-01-17 17:19:38 INFO: Remaining tiles: 35
2017-01-17 17:19:39 DEBUG: Get: <D75/> <U/> 
2017-01-17 17:19:42 DEBUG: Get: <E4/> <V/> 
2017-01-17 17:19:46 DEBUG: Get: <F28/> 
2017-01-17 17:19:47 DEBUG: Send: <Z />
2017-01-17 17:19:52 DEBUG: Get: <W/> 
2017-01-17 17:20:02 DEBUG: Send: <Z />
2017-01-17 17:20:05 DEBUG: Get: <G53/> <T6/> 
2017-01-17 17:20:05 DEBUG: Send: <D p="6"/>
2017-01-17 17:20:05 INFO: Remaining tiles: 32
2017-01-17 17:20:06 DEBUG: Get: <D6/> <U/> 
2017-01-17 17:20:08 DEBUG: Get: <e81/> <V/> 
2017-01-17 17:20:10 DEBUG: Get: <F54/> 
2017-01-17 17:20:13 DEBUG: Get: <W/> 
2017-01-17 17:20:16 DEBUG: Get: <g33/> <T121/> 
2017-01-17 17:20:16 DEBUG: Send: <D p="121"/>
2017-01-17 17:20:16 INFO: Remaining tiles: 29
2017-01-17 17:20:17 DEBUG: Get: <D121/> <U/> 
2017-01-17 17:20:17 DEBUG: Send: <Z />
2017-01-17 17:20:19 DEBUG: Get: <e131/> <V/> 
2017-01-17 17:20:20 DEBUG: Get: <F80/> 
2017-01-17 17:20:25 DEBUG: Get: <N who="3" m="49415" /> 
2017-01-17 17:20:25 INFO: Meld: chi, who 3
2017-01-17 17:20:31 DEBUG: Get: <G135/> <T24/> 
2017-01-17 17:20:31 DEBUG: Send: <D p="24"/>
2017-01-17 17:20:31 INFO: Remaining tiles: 27
2017-01-17 17:20:32 DEBUG: Get: <D24/> 
2017-01-17 17:20:32 DEBUG: Send: <Z />
2017-01-17 17:20:35 DEBUG: Get: <U/> 
2017-01-17 17:20:46 DEBUG: Get: <e8/> 
2017-01-17 17:20:47 DEBUG: Send: <Z />
2017-01-17 17:20:53 DEBUG: Get: <V/> 
2017-01-17 17:20:55 DEBUG: Get: <F109/> <W/> 
2017-01-17 17:21:02 DEBUG: Get: <g67/> 
2017-01-17 17:21:02 DEBUG: Send: <Z />
2017-01-17 17:21:12 DEBUG: Get: <T133/> 
2017-01-17 17:21:12 DEBUG: Send: <D p="133"/>
2017-01-17 17:21:12 INFO: Remaining tiles: 24
2017-01-17 17:21:13 DEBUG: Get: <D133/> <U/> 
2017-01-17 17:21:17 DEBUG: Send: <Z />
2017-01-17 17:21:18 DEBUG: Get: <E65/> 
2017-01-17 17:21:27 DEBUG: Get: <V/> 
2017-01-17 17:21:29 DEBUG: Get: <F11/> <W/> 
2017-01-17 17:21:32 DEBUG: Send: <Z />
2017-01-17 17:21:35 DEBUG: Get: <g58/> <T110/> 
2017-01-17 17:21:35 DEBUG: Send: <D p="110"/>
2017-01-17 17:21:35 INFO: Remaining tiles: 21
2017-01-17 17:21:36 DEBUG: Get: <D110/> <U/> 
2017-01-17 17:21:38 DEBUG: Get: <e134/> <V/> 
2017-01-17 17:21:42 DEBUG: Get: <F10/> <W/> 
2017-01-17 17:21:45 DEBUG: Get: <g130/> <T115/> 
2017-01-17 17:21:45 DEBUG: Send: <D p="115"/>
2017-01-17 17:21:45 INFO: Remaining tiles: 18
2017-01-17 17:21:46 DEBUG: Get: <D115/> <U/> 
2017-01-17 17:21:47 DEBUG: Send: <Z />
2017-01-17 17:21:52 DEBUG: Get: <E64/> 
2017-01-17 17:21:53 DEBUG: Get: <V/> 
2017-01-17 17:21:54 DEBUG: Get: <F9/> <W/> 
2017-01-17 17:21:58 DEBUG: Get: <g70/> <T43/> 
2017-01-17 17:21:58 DEBUG: Send: <D p="43"/>
2017-01-17 17:21:58 INFO: Remaining tiles: 15
2017-01-17 17:21:59 DEBUG: Get: <D43/> 
2017-01-17 17:22:02 DEBUG: Send: <Z />
2017-01-17 17:22:04 DEBUG: Get: <N who="1" m="24703" /> 
2017-01-17 17:22:04 INFO: Meld: chi, who 1
2017-01-17 17:22:05 DEBUG: Get: <E86/> 
2017-01-17 17:22:08 DEBUG: Get: <V/> 
2017-01-17 17:22:09 DEBUG: Get: <F85/> <RYUUKYOKU ba="0,1" sc="200,10,252,10,380,-30,158,10" hai0="14,15,16,17,20,22,27,29,32,91,96,124,125" hai1="12,13,55,56,61,62,63" hai3="18,19,21,25,26,50,52,59,101,103" /> 
2017-01-17 17:22:11 DEBUG: Send: <NEXTREADY />
2017-01-17 17:22:17 DEBUG: Get: <INIT seed="3,1,1,5,4,60" ten="210,262,350,168" oya="3" hai="81,99,23,104,96,22,15,107,77,74,6,134,65"/> <W/> 
2017-01-17 17:22:17 INFO: Round: 3, Honba: 1, Dora Indicators: [60]
2017-01-17 17:22:17 INFO: Players: [赤保留 (35,000), 芳乃 (26,200), NoName (21,000), 森久保幸美 (16,800)]
2017-01-17 17:22:17 INFO: Dealer: 森久保幸美 (16,800)
2017-01-17 17:22:17 INFO: Round  wind: East
2017-01-17 17:22:17 INFO: Player wind: South
2017-01-17 17:22:17 DEBUG: Send: <Z />
2017-01-17 17:22:28 DEBUG: Get: <G122/> <T69/> 
2017-01-17 17:22:29 INFO: Hand: 2466m89p1237799s7z
2017-01-17 17:22:29 DEBUG: Send: <D p="134"/>
2017-01-17 17:22:29 INFO: Remaining tiles: 68
2017-01-17 17:22:30 DEBUG: Get: <D134/> <U/> 
2017-01-17 17:22:31 DEBUG: Get: <E121/> <V/> 
2017-01-17 17:22:32 DEBUG: Send: <Z />
2017-01-17 17:22:35 DEBUG: Get: <F120/> <W/> 
2017-01-17 17:22:37 DEBUG: Get: <G118/> <T125/> 
2017-01-17 17:22:38 INFO: Hand: 2466m89p1237799s5z
2017-01-17 17:22:38 DEBUG: Send: <D p="125"/>
2017-01-17 17:22:38 INFO: Remaining tiles: 64
2017-01-17 17:22:39 DEBUG: Get: <D125/> <U/> 
2017-01-17 17:22:40 DEBUG: Get: <E113/> <V/> 
2017-01-17 17:22:42 DEBUG: Get: <F124/> <W/> 
2017-01-17 17:22:44 DEBUG: Get: <G114/> <T61/> 
2017-01-17 17:22:45 INFO: Hand: 2466m789p1237799s
2017-01-17 17:22:45 DEBUG: Send: <D p="6"/>
2017-01-17 17:22:45 INFO: Remaining tiles: 60
2017-01-17 17:22:46 DEBUG: Get: <D6/> 
2017-01-17 17:22:47 DEBUG: Get: <U/> 
2017-01-17 17:22:47 DEBUG: Send: <Z />
2017-01-17 17:22:48 DEBUG: Get: <E127/> <V/> 
2017-01-17 17:22:49 DEBUG: Get: <f117/> <W/> 
2017-01-17 17:22:52 DEBUG: Get: <G130/> <T25/> 
2017-01-17 17:22:53 INFO: Hand: 4667m789p1237799s
2017-01-17 17:22:53 DEBUG: Send: <D p="15"/>
2017-01-17 17:22:53 INFO: Remaining tiles: 56
2017-01-17 17:22:54 DEBUG: Get: <D15/> <U/> 
2017-01-17 17:22:56 DEBUG: Get: <E76/> 
2017-01-17 17:22:57 DEBUG: Get: <V/> 
2017-01-17 17:22:58 DEBUG: Get: <F129/> <W/> 
2017-01-17 17:23:01 DEBUG: Get: <G62 t="4"/> 
2017-01-17 17:23:02 DEBUG: Send: <Z />
2017-01-17 17:23:02 DEBUG: Send: <N />
2017-01-17 17:23:03 DEBUG: Get: <T9/> 
2017-01-17 17:23:04 INFO: Hand: 3667m789p1237799s
2017-01-17 17:23:04 DEBUG: Send: <D p="9"/>
2017-01-17 17:23:04 INFO: Remaining tiles: 52
2017-01-17 17:23:05 DEBUG: Get: <D9/> 
2017-01-17 17:23:06 DEBUG: Get: <U/> 
2017-01-17 17:23:13 DEBUG: Get: <E11/> 
2017-01-17 17:23:15 DEBUG: Get: <V/> 
2017-01-17 17:23:16 DEBUG: Get: <F38/> 
2017-01-17 17:23:17 DEBUG: Send: <Z />
2017-01-17 17:23:19 DEBUG: Get: <W/> 
2017-01-17 17:23:22 DEBUG: Get: <g135/> <T103 t="32"/> 
2017-01-17 17:23:23 INFO: Hand: 667m789p12377899s
2017-01-17 17:23:23 DEBUG: Send: <REACH hai="104" />
2017-01-17 17:23:25 DEBUG: Send: <D p="104"/>
2017-01-17 17:23:25 INFO: Remaining tiles: 48
2017-01-17 17:23:26 DEBUG: Get: <REACH who="0" step="1"/> 
2017-01-17 17:23:27 DEBUG: Get: 
2017-01-17 17:23:28 DEBUG: Get: 
2017-01-17 17:23:29 DEBUG: Get: 
2017-01-17 17:23:30 DEBUG: Get: 
2017-01-17 17:23:31 DEBUG: Get: 
2017-01-17 17:23:32 DEBUG: Get: 
2017-01-17 17:23:32 DEBUG: Send: <Z />
2017-01-17 17:23:33 DEBUG: Get: 
2017-01-17 17:23:34 DEBUG: Get: 
2017-01-17 17:23:35 DEBUG: Get: 
2017-01-17 17:23:36 DEBUG: Get: 
2017-01-17 17:23:37 DEBUG: Get: 
2017-01-17 17:23:38 DEBUG: Get: 
2017-01-17 17:23:39 DEBUG: Get: 
2017-01-17 17:23:40 DEBUG: Get: 
2017-01-17 17:23:41 DEBUG: Get: 
2017-01-17 17:23:42 DEBUG: Get: 
2017-01-17 17:23:43 DEBUG: Get: 
2017-01-17 17:23:44 DEBUG: Get: 
2017-01-17 17:23:45 DEBUG: Get: 
2017-01-17 17:23:46 DEBUG: Get: 
2017-01-17 17:23:47 DEBUG: Get: 
2017-01-17 17:23:47 DEBUG: Send: <Z />
2017-01-17 17:23:48 DEBUG: Get: 
2017-01-17 17:23:49 DEBUG: Get: 
2017-01-17 17:23:50 DEBUG: Get: 
2017-01-17 17:23:51 DEBUG: Get: 
2017-01-17 17:23:52 DEBUG: Get: 
2017-01-17 17:23:53 DEBUG: Get: 
2017-01-17 17:23:54 DEBUG: Get: 
2017-01-17 17:23:55 DEBUG: Get: 
2017-01-17 17:23:56 DEBUG: Get: 
2017-01-17 17:23:57 DEBUG: Get: 
2017-01-17 17:23:58 DEBUG: Get: 
2017-01-17 17:23:59 DEBUG: Get: 
2017-01-17 17:24:00 DEBUG: Get: 
2017-01-17 17:24:01 DEBUG: Get: 
2017-01-17 17:24:02 DEBUG: Get: 
2017-01-17 17:24:03 DEBUG: Get: 
2017-01-17 17:24:04 DEBUG: Get: 
2017-01-17 17:24:05 DEBUG: Get: 
2017-01-17 17:24:06 DEBUG: Get: 
2017-01-17 17:24:07 DEBUG: Get: 
2017-01-17 17:24:08 DEBUG: Get: 
2017-01-17 17:24:09 DEBUG: Get: 
2017-01-17 17:24:10 DEBUG: Get: 
2017-01-17 17:24:11 DEBUG: Get: 
2017-01-17 17:24:12 DEBUG: Get: 
2017-01-17 17:24:13 DEBUG: Get: 
2017-01-17 17:24:14 DEBUG: Get: 
2017-01-17 17:24:15 DEBUG: Get: 
2017-01-17 17:24:16 DEBUG: Get: 
2017-01-17 17:24:17 DEBUG: Get: 
2017-01-17 17:24:18 DEBUG: Get: 
2017-01-17 17:24:19 DEBUG: Get: 
2017-01-17 17:24:20 DEBUG: Get: 
2017-01-17 17:24:21 DEBUG: Get: 
2017-01-17 17:24:22 DEBUG: Get: 
2017-01-17 17:24:23 DEBUG: Get: 
2017-01-17 17:24:24 DEBUG: Get: 
2017-01-17 17:24:25 DEBUG: Get: 
2017-01-17 17:24:26 DEBUG: Get: 
2017-01-17 17:24:27 DEBUG: Get: 
2017-01-17 17:24:28 DEBUG: Get: 
2017-01-17 17:24:29 DEBUG: Get: 
2017-01-17 17:24:30 DEBUG: Get: 
2017-01-17 17:24:31 DEBUG: Get: 
2017-01-17 17:24:32 DEBUG: Get: 
2017-01-17 17:24:33 DEBUG: Get: 
2017-01-17 17:24:34 DEBUG: Get: 
2017-01-17 17:24:35 DEBUG: Get: 
2017-01-17 17:24:36 DEBUG: Get: 
2017-01-17 17:24:37 DEBUG: Get: 
2017-01-17 17:24:38 DEBUG: Get: 
2017-01-17 17:24:39 DEBUG: Get: 
2017-01-17 17:24:40 DEBUG: Get: 
2017-01-17 17:24:41 DEBUG: Get: 
2017-01-17 17:24:42 DEBUG: Get: 
2017-01-17 17:24:42 INFO: Ending the game... can take 15 seconds
2017-01-17 17:24:42 DEBUG: Send: <BYE />
