2017-01-17 16:27:50 INFO: Bot AI enabled: True
2017-01-17 16:27:57 DEBUG: Send: <HELO name="NoName" tid="f0" sx="M" />
2017-01-17 16:27:57 DEBUG: Get: <HELO uname="%4E%6F%4E%61%6D%65" auth="20170118-388792fb" ratingscale="PF3=1.000000&PF4=1.000000&PF01C=0.582222&PF02C=0.501632&PF03C=0.414869&PF11C=0.823386&PF12C=0.709416&PF13C=0.586714&PF23C=0.378722&PF33C=0.535594&PF1C00=8.000000"/> 
2017-01-17 16:27:57 DEBUG: Send: <AUTH val="20170118-1ed9c8aa"/>
2017-01-17 16:27:57 DEBUG: Send: <PXR V="1" />
2017-01-17 16:28:00 DEBUG: Get: <LN n="BMe1BDE1Xo1Ei" j="C3D1D1C2C1D4C11D1B12C4D12B4C8B1B1C1B4B3C1C" g="CU3I1Gk1M2Q1BU4I8Fs3E1CE4E8Do4BA4E8k4I8V1Bg2n2BI2G1e1Y1M1h2P"/> 
2017-01-17 16:28:00 DEBUG: Send: <Z />
2017-01-17 16:28:00 INFO: Successfully authenticated
2017-01-17 16:28:00 DEBUG: Send: <JOIN t="0,1" />
2017-01-17 16:28:00 INFO: Looking for the game...
2017-01-17 16:28:01 DEBUG: Get: <GO type="1" lobby="0" gpid="06C31749-7C6C6260"/> <UN n0="%4E%6F%4E%61%6D%65" n1="%51%69%6E%6B%65%35%32" n2="%46%69%65%72%6C%65%61" n3="%59%61%66%75%6E%61%6E" dan="0,0,2,0" rate="1500.00,1500.00,1511.14,1500.00" sx="M,M,M,M"/> <TAIKYOKU oya="1" log="2017011801gm-0001-0000-dd45b41f"/> 
2017-01-17 16:28:01 DEBUG: Send: <GOK />
2017-01-17 16:28:01 DEBUG: Send: <NEXTREADY />
2017-01-17 16:28:01 INFO: Game started
2017-01-17 16:28:01 INFO: Log: http://tenhou.net/0/?log=2017011801gm-0001-0000-dd45b41f&tw=3
2017-01-17 16:28:01 INFO: Players: [NoName (新人), Qinke52 (新人), Fierlea (8級), Yafunan (新人)]
2017-01-17 16:28:12 DEBUG: Get: <INIT seed="0,0,0,5,4,77" ten="250,250,250,250" oya="1" hai="41,134,22,21,89,98,40,109,68,52,0,53,4"/> <U/> 
2017-01-17 16:28:12 INFO: Round: 0, Honba: 0, Dora Indicators: [77]
2017-01-17 16:28:12 INFO: Players: [NoName (25,000), Qinke52 (25,000), Fierlea (25,000), Yafunan (25,000)]
2017-01-17 16:28:12 INFO: Dealer: Qinke52 (25,000)
2017-01-17 16:28:12 INFO: Round  wind: East
2017-01-17 16:28:12 INFO: Player wind: North
2017-01-17 16:28:15 DEBUG: Send: <Z />
2017-01-17 16:28:17 DEBUG: Get: <E133/> <V/> 
2017-01-17 16:28:20 DEBUG: Get: <F118/> <W/> 
2017-01-17 16:28:22 DEBUG: Get: <G115/> <T63/> 
2017-01-17 16:28:23 INFO: Hand: 1266m225579p57s17z
2017-01-17 16:28:23 DEBUG: Send: <D p="134"/>
2017-01-17 16:28:23 INFO: Remaining tiles: 66
2017-01-17 16:28:24 DEBUG: Get: <D134/> <U/> 
2017-01-17 16:28:28 DEBUG: Get: <E38/> <V/> 
2017-01-17 16:28:30 DEBUG: Send: <Z />
2017-01-17 16:28:32 DEBUG: Get: <F126/> <W/> 
2017-01-17 16:28:34 DEBUG: Get: <G116/> <T64/> 
2017-01-17 16:28:35 INFO: Hand: 1266m2255789p57s1z
2017-01-17 16:28:35 DEBUG: Send: <D p="109"/>
2017-01-17 16:28:35 INFO: Remaining tiles: 62
2017-01-17 16:28:36 DEBUG: Get: <D109/> <U/> 
2017-01-17 16:28:39 DEBUG: Get: <E67/> 
2017-01-17 16:28:40 DEBUG: Get: <V/> 
2017-01-17 16:28:42 DEBUG: Get: <f121/> <W/> 
2017-01-17 16:28:45 DEBUG: Send: <Z />
2017-01-17 16:28:46 DEBUG: Get: <G49/> <T99/> 
2017-01-17 16:28:47 INFO: Hand: 1266m2255789p577s
2017-01-17 16:28:47 DEBUG: Send: <D p="0"/>
2017-01-17 16:28:47 INFO: Remaining tiles: 58
2017-01-17 16:28:48 DEBUG: Get: <D0/> 
2017-01-17 16:28:50 DEBUG: Get: <U/> 
2017-01-17 16:28:55 DEBUG: Get: <e61/> <V/> 
2017-01-17 16:28:59 DEBUG: Get: <f110/> <W/> 
2017-01-17 16:29:00 DEBUG: Send: <Z />
2017-01-17 16:29:02 DEBUG: Get: <G6/> <T117/> 
2017-01-17 16:29:03 INFO: Hand: 266m2255789p577s3z
2017-01-17 16:29:03 DEBUG: Send: <D p="117"/>
2017-01-17 16:29:03 INFO: Remaining tiles: 54
2017-01-17 16:29:04 DEBUG: Get: <D117/> <U/> 
2017-01-17 16:29:10 DEBUG: Get: <E33/> 
2017-01-17 16:29:12 DEBUG: Get: <V/> 
2017-01-17 16:29:14 DEBUG: Get: <F26/> <W/> 
2017-01-17 16:29:15 DEBUG: Send: <Z />
2017-01-17 16:29:17 DEBUG: Get: <g29/> <T127/> 
2017-01-17 16:29:18 INFO: Hand: 266m2255789p577s5z
2017-01-17 16:29:18 DEBUG: Send: <D p="127"/>
2017-01-17 16:29:18 INFO: Remaining tiles: 50
2017-01-17 16:29:19 DEBUG: Get: <D127/> <U/> 
2017-01-17 16:29:22 DEBUG: Get: <E100/> <V/> 
2017-01-17 16:29:24 DEBUG: Get: <F69/> <W/> 
2017-01-17 16:29:29 DEBUG: Get: <G93 t="4"/> 
2017-01-17 16:29:30 DEBUG: Send: <N />
2017-01-17 16:29:30 DEBUG: Send: <Z />
2017-01-17 16:29:31 DEBUG: Get: <T104/> 
2017-01-17 16:29:32 INFO: Hand: 266m2255789p5779s
2017-01-17 16:29:32 DEBUG: Send: <D p="104"/>
2017-01-17 16:29:32 INFO: Remaining tiles: 46
2017-01-17 16:29:33 DEBUG: Get: <D104/> 
2017-01-17 16:29:34 DEBUG: Get: <U/> 
2017-01-17 16:29:37 DEBUG: Get: <e34/> <V/> 
2017-01-17 16:29:40 DEBUG: Get: <f128/> <W/> 
2017-01-17 16:29:41 DEBUG: Get: <g114/> <T101/> 
2017-01-17 16:29:42 INFO: Hand: 266m2255789p5778s
2017-01-17 16:29:42 DEBUG: Send: <D p="4"/>
2017-01-17 16:29:42 INFO: Remaining tiles: 42
2017-01-17 16:29:43 DEBUG: Get: <D4/> 
2017-01-17 16:29:45 DEBUG: Get: <U/> 
2017-01-17 16:29:45 DEBUG: Send: <Z />
2017-01-17 16:29:48 DEBUG: Get: <REACH who="1" step="1"/> 
2017-01-17 16:29:51 DEBUG: Get: <E80/> 
2017-01-17 16:29:54 DEBUG: Get: <REACH who="1" ten="250,240,250,250" step="2"/> <V/> 
2017-01-17 16:29:54 INFO: Riichi called by 1 player
2017-01-17 16:29:59 DEBUG: Get: <F82/> <W/> 
2017-01-17 16:30:00 DEBUG: Send: <Z />
2017-01-17 16:30:01 DEBUG: Get: <g24/> 
2017-01-17 16:30:03 DEBUG: Get: <AGARI ba="0,1" hai="7,10,13,23,24,28,43,46,50,72,74,75,85,87" machi="24" ten="40,12000,1" yaku="1,1,2,1,53,3" doraHai="77" doraHaiUra="107" who="1" fromWho="3" sc="250,0,240,130,250,0,250,-120" /> 
2017-01-17 16:30:05 DEBUG: Send: <NEXTREADY />
2017-01-17 16:30:13 DEBUG: Get: <INIT seed="0,1,0,5,1,25" ten="250,370,250,130" oya="1" hai="62,85,42,74,126,112,7,129,1,56,104,117,80"/> <U/> 
2017-01-17 16:30:13 INFO: Round: 0, Honba: 1, Dora Indicators: [25]
2017-01-17 16:30:13 INFO: Players: [Qinke52 (37,000), NoName (25,000), Fierlea (25,000), Yafunan (13,000)]
2017-01-17 16:30:13 INFO: Dealer: Qinke52 (37,000)
2017-01-17 16:30:13 INFO: Round  wind: East
2017-01-17 16:30:13 INFO: Player wind: North
2017-01-17 16:30:15 DEBUG: Send: <Z />
2017-01-17 16:30:21 DEBUG: Get: <E111/> <V/> 
2017-01-17 16:30:22 DEBUG: Get: <F121/> <W/> 
2017-01-17 16:30:24 DEBUG: Get: <G113/> <T84/> 
2017-01-17 16:30:25 INFO: Hand: 12m267p13449s2356z
2017-01-17 16:30:25 DEBUG: Send: <D p="104"/>
2017-01-17 16:30:25 INFO: Remaining tiles: 66
2017-01-17 16:30:26 DEBUG: Get: <D104/> <U/> 
2017-01-17 16:30:28 DEBUG: Get: <e120/> <V/> 
2017-01-17 16:30:29 DEBUG: Get: <F107/> <W/> 
2017-01-17 16:30:30 DEBUG: Send: <Z />
2017-01-17 16:30:33 DEBUG: Get: <G119/> <T83/> 
2017-01-17 16:30:34 INFO: Hand: 12m267p13344s2356z
2017-01-17 16:30:34 DEBUG: Send: <D p="126"/>
2017-01-17 16:30:34 INFO: Remaining tiles: 62
2017-01-17 16:30:35 DEBUG: Get: <D126/> 
2017-01-17 16:30:36 DEBUG: Get: <N who="1" m="48171" /> 
2017-01-17 16:30:36 INFO: Meld: pon, who 1
2017-01-17 16:30:39 DEBUG: Get: <E46/> <V/> 
2017-01-17 16:30:41 DEBUG: Get: <F72/> <W/> 
2017-01-17 16:30:43 DEBUG: Get: <G96/> <T15/> 
2017-01-17 16:30:44 INFO: Hand: 124m267p13344s236z
2017-01-17 16:30:44 DEBUG: Send: <D p="117"/>
2017-01-17 16:30:44 INFO: Remaining tiles: 59
2017-01-17 16:30:45 DEBUG: Send: <Z />
2017-01-17 16:30:45 DEBUG: Get: <D117/> <U/> 
2017-01-17 16:30:50 DEBUG: Get: <E76/> <V/> 
2017-01-17 16:30:52 DEBUG: Get: <F114/> <W/> 
2017-01-17 16:30:54 DEBUG: Get: <g101/> <T99/> 
2017-01-17 16:30:55 INFO: Hand: 124m267p133447s26z
2017-01-17 16:30:55 DEBUG: Send: <D p="112"/>
2017-01-17 16:30:55 INFO: Remaining tiles: 55
2017-01-17 16:30:56 DEBUG: Get: <D112/> <U/> 
2017-01-17 16:30:58 DEBUG: Get: <e36/> <V/> 
2017-01-17 16:30:59 DEBUG: Get: <F130/> <W/> 
2017-01-17 16:31:00 DEBUG: Send: <Z />
2017-01-17 16:31:01 DEBUG: Get: <g87 t="1"/> 
2017-01-17 16:31:02 DEBUG: Send: <N />
2017-01-17 16:31:03 DEBUG: Get: <T103/> 
2017-01-17 16:31:04 INFO: Hand: 124m267p1334478s6z
2017-01-17 16:31:04 DEBUG: Send: <D p="129"/>
2017-01-17 16:31:04 INFO: Remaining tiles: 51
2017-01-17 16:31:05 DEBUG: Get: <D129/> <U/> 
2017-01-17 16:31:07 DEBUG: Get: <E128/> <V/> 
2017-01-17 16:31:09 DEBUG: Get: <F132/> <W/> 
2017-01-17 16:31:10 DEBUG: Get: <REACH who="3" step="1"/> 
2017-01-17 16:31:12 DEBUG: Get: <G77 t="4"/> 
2017-01-17 16:31:13 DEBUG: Send: <N />
2017-01-17 16:31:14 DEBUG: Get: <REACH who="3" ten="250,370,250,120" step="2"/> <T89/> 
2017-01-17 16:31:14 INFO: Riichi called by 3 player
2017-01-17 16:31:15 INFO: Hand: 124m267p13344578s
2017-01-17 16:31:15 DEBUG: Send: <D p="42"/>
2017-01-17 16:31:15 INFO: Remaining tiles: 47
2017-01-17 16:31:15 DEBUG: Send: <Z />
2017-01-17 16:31:16 DEBUG: Get: <D42/> <U/> 
2017-01-17 16:31:18 DEBUG: Get: <E134/> <V/> 
2017-01-17 16:31:21 DEBUG: Get: <F37/> <W/> 
2017-01-17 16:31:22 DEBUG: Get: <g78 t="4"/> 
2017-01-17 16:31:23 DEBUG: Send: <N />
2017-01-17 16:31:24 DEBUG: Get: <T51/> 
2017-01-17 16:31:25 INFO: Hand: 124m467p13344578s
2017-01-17 16:31:25 DEBUG: Send: <D p="1"/>
2017-01-17 16:31:25 INFO: Remaining tiles: 43
2017-01-17 16:31:26 DEBUG: Get: <D1/> <U/> 
2017-01-17 16:31:30 DEBUG: Get: <e110/> <V/> 
2017-01-17 16:31:30 DEBUG: Send: <Z />
2017-01-17 16:31:31 DEBUG: Get: <F131/> <W/> 
2017-01-17 16:31:32 DEBUG: Get: <g109/> <T10/> 
2017-01-17 16:31:33 INFO: Hand: 234m467p13344578s
2017-01-17 16:31:33 DEBUG: Send: <D p="74"/>
2017-01-17 16:31:33 INFO: Remaining tiles: 39
2017-01-17 16:31:34 DEBUG: Get: <D74/> 
2017-01-17 16:31:35 DEBUG: Get: <AGARI ba="1,1" hai="12,17,23,27,28,34,41,44,50,61,66,69,73,74" machi="74" ten="40,5200,0" yaku="1,1,52,1,53,1" doraHai="25" doraHaiUra="24" who="3" fromWho="0" sc="250,-55,370,0,250,0,120,65" /> 
2017-01-17 16:31:37 DEBUG: Send: <NEXTREADY />
2017-01-17 16:31:43 DEBUG: Get: <INIT seed="1,0,0,1,3,58" ten="195,370,250,185" oya="2" hai="69,44,115,130,66,17,11,95,125,32,0,2,56"/> <V/> 
2017-01-17 16:31:43 INFO: Round: 1, Honba: 0, Dora Indicators: [58]
2017-01-17 16:31:43 INFO: Players: [Qinke52 (37,000), Fierlea (25,000), NoName (19,500), Yafunan (18,500)]
2017-01-17 16:31:43 INFO: Dealer: Fierlea (25,000)
2017-01-17 16:31:43 INFO: Round  wind: East
2017-01-17 16:31:43 INFO: Player wind: West
2017-01-17 16:31:45 DEBUG: Send: <Z />
2017-01-17 16:31:49 DEBUG: Get: <F133/> <W/> 
2017-01-17 16:31:51 DEBUG: Get: <G126/> <T65/> 
2017-01-17 16:31:52 INFO: Hand: 11359m36889p6s256z
2017-01-17 16:31:52 DEBUG: Send: <D p="32"/>
2017-01-17 16:31:52 INFO: Remaining tiles: 67
2017-01-17 16:31:53 DEBUG: Get: <D32/> <U/> 
2017-01-17 16:31:54 DEBUG: Get: <E135/> 
2017-01-17 16:31:57 DEBUG: Get: <V/> 
2017-01-17 16:32:00 DEBUG: Get: <F99/> <W/> 
2017-01-17 16:32:00 DEBUG: Send: <Z />
2017-01-17 16:32:02 DEBUG: Get: <G121/> <T123/> 
2017-01-17 16:32:03 INFO: Hand: 1135m36889p6s2456z
2017-01-17 16:32:03 DEBUG: Send: <D p="115"/>
2017-01-17 16:32:03 INFO: Remaining tiles: 63
2017-01-17 16:32:04 DEBUG: Get: <D115/> <U/> 
2017-01-17 16:32:05 DEBUG: Get: <e110/> <V/> 
2017-01-17 16:32:07 DEBUG: Get: <F74/> <W/> 
2017-01-17 16:32:09 DEBUG: Get: <G71/> <T63/> 
2017-01-17 16:32:10 INFO: Hand: 1135m367889p6s456z
2017-01-17 16:32:10 DEBUG: Send: <D p="95"/>
2017-01-17 16:32:10 INFO: Remaining tiles: 59
2017-01-17 16:32:11 DEBUG: Get: <D95/> 
2017-01-17 16:32:12 DEBUG: Get: <U/> 
2017-01-17 16:32:14 DEBUG: Get: <E116/> <V/> 
2017-01-17 16:32:15 DEBUG: Send: <Z />
2017-01-17 16:32:16 DEBUG: Get: <f132/> <W/> 
2017-01-17 16:32:19 DEBUG: Get: <G43/> <T68/> 
2017-01-17 16:32:20 INFO: Hand: 1135m3678899p456z
2017-01-17 16:32:20 DEBUG: Send: <D p="130"/>
2017-01-17 16:32:20 INFO: Remaining tiles: 55
2017-01-17 16:32:21 DEBUG: Get: <D130/> <U/> 
2017-01-17 16:32:23 DEBUG: Get: <E131/> <V/> 
2017-01-17 16:32:25 DEBUG: Get: <F45/> 
2017-01-17 16:32:26 DEBUG: Get: <W/> 
2017-01-17 16:32:29 DEBUG: Get: <G78/> <T46/> 
2017-01-17 16:32:30 INFO: Hand: 1135m33678899p45z
2017-01-17 16:32:30 DEBUG: Send: <D p="125"/>
2017-01-17 16:32:30 INFO: Remaining tiles: 51
2017-01-17 16:32:30 DEBUG: Send: <Z />
2017-01-17 16:32:31 DEBUG: Get: <D125/> <U/> 
2017-01-17 16:32:36 DEBUG: Get: <E42/> <V/> 
2017-01-17 16:32:39 DEBUG: Get: <f106/> <W/> 
2017-01-17 16:32:41 DEBUG: Get: <REACH who="3" step="1"/> 
2017-01-17 16:32:42 DEBUG: Get: <G90/> <REACH who="3" ten="195,370,250,175" step="2"/> <T10/> 
2017-01-17 16:32:42 INFO: Riichi called by 3 player
2017-01-17 16:32:43 INFO: Hand: 11335m33678899p4z
2017-01-17 16:32:43 DEBUG: Send: <D p="123"/>
2017-01-17 16:32:43 INFO: Remaining tiles: 47
2017-01-17 16:32:44 DEBUG: Get: <D123/> <U/> 
2017-01-17 16:32:45 DEBUG: Send: <Z />
2017-01-17 16:32:49 DEBUG: Get: <E77/> 
2017-01-17 16:32:52 DEBUG: Get: <V/> 
2017-01-17 16:32:55 DEBUG: Get: <F29/> <W/> 
2017-01-17 16:32:56 DEBUG: Get: <g76/> <T26/> 
2017-01-17 16:32:57 INFO: Hand: 113357m33678899p
2017-01-17 16:32:57 DEBUG: Send: <D p="26"/>
2017-01-17 16:32:57 INFO: Remaining tiles: 43
2017-01-17 16:32:58 DEBUG: Get: <D26/> 
2017-01-17 16:33:00 DEBUG: Get: <U/> 
2017-01-17 16:33:00 DEBUG: Send: <Z />
2017-01-17 16:33:03 DEBUG: Get: <E104/> <V/> 
2017-01-17 16:33:05 DEBUG: Get: <F24/> <W/> 
2017-01-17 16:33:06 DEBUG: Get: <g107/> <T100/> 
2017-01-17 16:33:07 INFO: Hand: 11335m33678899p8s
2017-01-17 16:33:07 DEBUG: Send: <D p="100"/>
2017-01-17 16:33:07 INFO: Remaining tiles: 39
2017-01-17 16:33:08 DEBUG: Get: <D100/> 
2017-01-17 16:33:10 DEBUG: Get: <U/> 
2017-01-17 16:33:12 DEBUG: Get: <e105/> 
2017-01-17 16:33:14 DEBUG: Get: <V/> 
2017-01-17 16:33:16 DEBUG: Send: <Z />
2017-01-17 16:33:16 DEBUG: Get: <f128/> <W/> 
2017-01-17 16:33:17 DEBUG: Get: <g112/> <T12/> 
2017-01-17 16:33:18 INFO: Hand: 113345m33678899p
2017-01-17 16:33:18 DEBUG: Send: <D p="65"/>
2017-01-17 16:33:18 INFO: Remaining tiles: 35
2017-01-17 16:33:19 DEBUG: Get: <D65/> <U/> 
2017-01-17 16:33:22 DEBUG: Get: <E75/> 
2017-01-17 16:33:24 DEBUG: Get: <V/> 
2017-01-17 16:33:28 DEBUG: Get: <F64/> <W/> 
2017-01-17 16:33:29 DEBUG: Get: <g18 t="4"/> 
2017-01-17 16:33:30 DEBUG: Send: <N />
2017-01-17 16:33:31 DEBUG: Send: <Z />
2017-01-17 16:33:31 DEBUG: Get: <T119/> 
2017-01-17 16:33:32 INFO: Hand: 113345m3367899p3z
2017-01-17 16:33:32 DEBUG: Send: <D p="119"/>
2017-01-17 16:33:32 INFO: Remaining tiles: 31
2017-01-17 16:33:33 DEBUG: Get: <D119/> <U/> 
2017-01-17 16:33:40 DEBUG: Get: <E102/> 
2017-01-17 16:33:42 DEBUG: Get: <V/> 
2017-01-17 16:33:44 DEBUG: Get: <f70 t="1"/> 
2017-01-17 16:33:45 DEBUG: Send: <N />
2017-01-17 16:33:46 DEBUG: Send: <Z />
2017-01-17 16:33:46 DEBUG: Get: <W/> <g108/> <T122/> 
2017-01-17 16:33:47 INFO: Hand: 113345m3367899p4z
2017-01-17 16:33:47 DEBUG: Send: <D p="122"/>
2017-01-17 16:33:47 INFO: Remaining tiles: 27
2017-01-17 16:33:48 DEBUG: Get: <D122/> <U/> 
2017-01-17 16:33:50 DEBUG: Get: <E103/> 
2017-01-17 16:33:51 DEBUG: Get: <V/> 
2017-01-17 16:33:56 DEBUG: Get: <f92/> <W/> 
2017-01-17 16:33:57 DEBUG: Get: <g59 t="4"/> 
2017-01-17 16:33:58 DEBUG: Send: <N />
2017-01-17 16:33:59 DEBUG: Get: <T48/> 
2017-01-17 16:34:00 INFO: Hand: 113345m33467899p
2017-01-17 16:34:00 DEBUG: Send: <D p="68"/>
2017-01-17 16:34:00 INFO: Remaining tiles: 23
2017-01-17 16:34:01 DEBUG: Send: <Z />
2017-01-17 16:34:01 DEBUG: Get: <D68/> <U/> 
2017-01-17 16:34:06 DEBUG: Get: <E88/> 
2017-01-17 16:34:09 DEBUG: Get: <V/> 
2017-01-17 16:34:12 DEBUG: Get: <f96/> <W/> 
2017-01-17 16:34:13 DEBUG: Get: <g14 t="4"/> 
2017-01-17 16:34:14 DEBUG: Send: <N />
2017-01-17 16:34:15 DEBUG: Get: <T47 t="32"/> 
2017-01-17 16:34:16 DEBUG: Send: <Z />
2017-01-17 16:34:16 INFO: Hand: 113345m33346789p
2017-01-17 16:34:16 DEBUG: Send: <REACH hai="69" />
2017-01-17 16:34:18 DEBUG: Send: <D p="69"/>
2017-01-17 16:34:18 INFO: Remaining tiles: 19
2017-01-17 16:34:19 DEBUG: Get: <REACH who="0" step="1"/> 
2017-01-17 16:34:20 DEBUG: Get: 
2017-01-17 16:34:21 DEBUG: Get: 
2017-01-17 16:34:22 DEBUG: Get: 
2017-01-17 16:34:23 DEBUG: Get: 
2017-01-17 16:34:24 DEBUG: Get: 
2017-01-17 16:34:25 DEBUG: Get: 
2017-01-17 16:34:26 DEBUG: Get: 
2017-01-17 16:34:27 DEBUG: Get: 
2017-01-17 16:34:28 DEBUG: Get: 
2017-01-17 16:34:29 DEBUG: Get: 
2017-01-17 16:34:30 DEBUG: Get: 
2017-01-17 16:34:31 DEBUG: Send: <Z />
2017-01-17 16:34:31 DEBUG: Get: 
2017-01-17 16:34:32 DEBUG: Get: 
2017-01-17 16:34:33 DEBUG: Get: 
2017-01-17 16:34:34 DEBUG: Get: 
2017-01-17 16:34:35 DEBUG: Get: 
2017-01-17 16:34:36 DEBUG: Get: 
2017-01-17 16:34:37 DEBUG: Get: 
2017-01-17 16:34:38 DEBUG: Get: 
2017-01-17 16:34:39 DEBUG: Get: 
2017-01-17 16:34:40 DEBUG: Get: 
2017-01-17 16:34:41 DEBUG: Get: 
2017-01-17 16:34:42 DEBUG: Get: 
2017-01-17 16:34:43 DEBUG: Get: 
2017-01-17 16:34:44 DEBUG: Get: 
2017-01-17 16:34:45 DEBUG: Get: 
2017-01-17 16:34:46 DEBUG: Send: <Z />
2017-01-17 16:34:46 DEBUG: Get: 
2017-01-17 16:34:47 DEBUG: Get: 
2017-01-17 16:34:48 DEBUG: Get: 
2017-01-17 16:34:49 DEBUG: Get: 
2017-01-17 16:34:50 DEBUG: Get: 
2017-01-17 16:34:51 DEBUG: Get: 
2017-01-17 16:34:52 DEBUG: Get: 
2017-01-17 16:34:53 DEBUG: Get: 
2017-01-17 16:34:54 DEBUG: Get: 
2017-01-17 16:34:55 DEBUG: Get: 
2017-01-17 16:34:56 DEBUG: Get: 
2017-01-17 16:34:57 DEBUG: Get: 
2017-01-17 16:34:58 DEBUG: Get: 
2017-01-17 16:34:59 DEBUG: Get: 
2017-01-17 16:35:00 DEBUG: Get: 
2017-01-17 16:35:01 DEBUG: Get: 
2017-01-17 16:35:02 DEBUG: Get: 
2017-01-17 16:35:03 DEBUG: Get: 
2017-01-17 16:35:04 DEBUG: Get: 
2017-01-17 16:35:05 DEBUG: Get: 
2017-01-17 16:35:06 DEBUG: Get: 
2017-01-17 16:35:07 DEBUG: Get: 
2017-01-17 16:35:08 DEBUG: Get: 
2017-01-17 16:35:09 DEBUG: Get: 
2017-01-17 16:35:10 DEBUG: Get: 
2017-01-17 16:35:11 DEBUG: Get: 
2017-01-17 16:35:12 DEBUG: Get: 
2017-01-17 16:35:13 DEBUG: Get: 
2017-01-17 16:35:14 DEBUG: Get: 
2017-01-17 16:35:15 DEBUG: Get: 
2017-01-17 16:35:16 DEBUG: Get: 
2017-01-17 16:35:17 INFO: Ending the game... can take 15 seconds
2017-01-17 16:35:17 DEBUG: Send: <BYE />
